CRITICAL - 2021-10-25 07:19:18 --> syntax error, unexpected token "class"
#0 C:\xampp\htdocs\pertemuan5\system\View\View.php(217): CodeIgniter\View\View->CodeIgniter\View\{closure}()
#1 C:\xampp\htdocs\pertemuan5\system\Common.php(1092): CodeIgniter\View\View->render('tampilUser', Array, true)
#2 C:\xampp\htdocs\pertemuan5\app\Controllers\User.php(16): view('tampilUser', Array)
#3 C:\xampp\htdocs\pertemuan5\system\CodeIgniter.php(802): App\Controllers\User->index()
#4 C:\xampp\htdocs\pertemuan5\system\CodeIgniter.php(399): CodeIgniter\CodeIgniter->runController(Object(App\Controllers\User))
#5 C:\xampp\htdocs\pertemuan5\system\CodeIgniter.php(317): CodeIgniter\CodeIgniter->handleRequest(NULL, Object(Config\Cache), false)
#6 C:\xampp\htdocs\pertemuan5\public\index.php(37): CodeIgniter\CodeIgniter->run()
#7 {main}
CRITICAL - 2021-10-25 07:20:25 --> syntax error, unexpected identifier "btn", expecting "," or ";"
#0 C:\xampp\htdocs\pertemuan5\system\View\View.php(217): CodeIgniter\View\View->CodeIgniter\View\{closure}()
#1 C:\xampp\htdocs\pertemuan5\system\Common.php(1092): CodeIgniter\View\View->render('tampilUser', Array, true)
#2 C:\xampp\htdocs\pertemuan5\app\Controllers\User.php(16): view('tampilUser', Array)
#3 C:\xampp\htdocs\pertemuan5\system\CodeIgniter.php(802): App\Controllers\User->index()
#4 C:\xampp\htdocs\pertemuan5\system\CodeIgniter.php(399): CodeIgniter\CodeIgniter->runController(Object(App\Controllers\User))
#5 C:\xampp\htdocs\pertemuan5\system\CodeIgniter.php(317): CodeIgniter\CodeIgniter->handleRequest(NULL, Object(Config\Cache), false)
#6 C:\xampp\htdocs\pertemuan5\public\index.php(37): CodeIgniter\CodeIgniter->run()
#7 {main}
CRITICAL - 2021-10-25 07:21:02 --> syntax error, unexpected identifier "btn", expecting "," or ";"
#0 C:\xampp\htdocs\pertemuan5\system\View\View.php(217): CodeIgniter\View\View->CodeIgniter\View\{closure}()
#1 C:\xampp\htdocs\pertemuan5\system\Common.php(1092): CodeIgniter\View\View->render('tampilUser', Array, true)
#2 C:\xampp\htdocs\pertemuan5\app\Controllers\User.php(16): view('tampilUser', Array)
#3 C:\xampp\htdocs\pertemuan5\system\CodeIgniter.php(802): App\Controllers\User->index()
#4 C:\xampp\htdocs\pertemuan5\system\CodeIgniter.php(399): CodeIgniter\CodeIgniter->runController(Object(App\Controllers\User))
#5 C:\xampp\htdocs\pertemuan5\system\CodeIgniter.php(317): CodeIgniter\CodeIgniter->handleRequest(NULL, Object(Config\Cache), false)
#6 C:\xampp\htdocs\pertemuan5\public\index.php(37): CodeIgniter\CodeIgniter->run()
#7 {main}
CRITICAL - 2021-10-25 07:22:20 --> syntax error, unexpected identifier "btn", expecting "," or ";"
#0 C:\xampp\htdocs\pertemuan5\system\View\View.php(217): CodeIgniter\View\View->CodeIgniter\View\{closure}()
#1 C:\xampp\htdocs\pertemuan5\system\Common.php(1092): CodeIgniter\View\View->render('tampilUser', Array, true)
#2 C:\xampp\htdocs\pertemuan5\app\Controllers\User.php(16): view('tampilUser', Array)
#3 C:\xampp\htdocs\pertemuan5\system\CodeIgniter.php(802): App\Controllers\User->index()
#4 C:\xampp\htdocs\pertemuan5\system\CodeIgniter.php(399): CodeIgniter\CodeIgniter->runController(Object(App\Controllers\User))
#5 C:\xampp\htdocs\pertemuan5\system\CodeIgniter.php(317): CodeIgniter\CodeIgniter->handleRequest(NULL, Object(Config\Cache), false)
#6 C:\xampp\htdocs\pertemuan5\public\index.php(37): CodeIgniter\CodeIgniter->run()
#7 {main}
CRITICAL - 2021-10-25 08:02:25 --> Undefined variable $users
#0 C:\xampp\htdocs\pertemuan5\app\Views\tampilUser.php(39): CodeIgniter\Debug\Exceptions->errorHandler(2, 'Undefined varia...', 'C:\\xampp\\htdocs...', 39)
#1 C:\xampp\htdocs\pertemuan5\system\View\View.php(214): include('C:\\xampp\\htdocs...')
#2 C:\xampp\htdocs\pertemuan5\system\View\View.php(217): CodeIgniter\View\View->CodeIgniter\View\{closure}()
#3 C:\xampp\htdocs\pertemuan5\system\Common.php(1092): CodeIgniter\View\View->render('tampilUser', Array, true)
#4 C:\xampp\htdocs\pertemuan5\app\Controllers\User.php(25): view('tampilUser')
#5 C:\xampp\htdocs\pertemuan5\system\CodeIgniter.php(802): App\Controllers\User->sidebar()
#6 C:\xampp\htdocs\pertemuan5\system\CodeIgniter.php(399): CodeIgniter\CodeIgniter->runController(Object(App\Controllers\User))
#7 C:\xampp\htdocs\pertemuan5\system\CodeIgniter.php(317): CodeIgniter\CodeIgniter->handleRequest(NULL, Object(Config\Cache), false)
#8 C:\xampp\htdocs\pertemuan5\public\index.php(37): CodeIgniter\CodeIgniter->run()
#9 {main}
CRITICAL - 2021-10-25 08:03:46 --> Undefined variable $data
#0 C:\xampp\htdocs\pertemuan5\app\Controllers\User.php(25): CodeIgniter\Debug\Exceptions->errorHandler(2, 'Undefined varia...', 'C:\\xampp\\htdocs...', 25)
#1 C:\xampp\htdocs\pertemuan5\system\CodeIgniter.php(802): App\Controllers\User->sidebar()
#2 C:\xampp\htdocs\pertemuan5\system\CodeIgniter.php(399): CodeIgniter\CodeIgniter->runController(Object(App\Controllers\User))
#3 C:\xampp\htdocs\pertemuan5\system\CodeIgniter.php(317): CodeIgniter\CodeIgniter->handleRequest(NULL, Object(Config\Cache), false)
#4 C:\xampp\htdocs\pertemuan5\public\index.php(37): CodeIgniter\CodeIgniter->run()
#5 {main}
CRITICAL - 2021-10-25 08:07:57 --> Undefined variable $_SESSION
#0 C:\xampp\htdocs\pertemuan5\app\Views\admin.php(15): CodeIgniter\Debug\Exceptions->errorHandler(2, 'Undefined varia...', 'C:\\xampp\\htdocs...', 15)
#1 C:\xampp\htdocs\pertemuan5\system\View\View.php(214): include('C:\\xampp\\htdocs...')
#2 C:\xampp\htdocs\pertemuan5\system\View\View.php(217): CodeIgniter\View\View->CodeIgniter\View\{closure}()
#3 C:\xampp\htdocs\pertemuan5\system\Common.php(1092): CodeIgniter\View\View->render('admin', Array, true)
#4 C:\xampp\htdocs\pertemuan5\app\Controllers\User.php(26): view('admin')
#5 C:\xampp\htdocs\pertemuan5\system\CodeIgniter.php(802): App\Controllers\User->admin()
#6 C:\xampp\htdocs\pertemuan5\system\CodeIgniter.php(399): CodeIgniter\CodeIgniter->runController(Object(App\Controllers\User))
#7 C:\xampp\htdocs\pertemuan5\system\CodeIgniter.php(317): CodeIgniter\CodeIgniter->handleRequest(NULL, Object(Config\Cache), false)
#8 C:\xampp\htdocs\pertemuan5\public\index.php(37): CodeIgniter\CodeIgniter->run()
#9 {main}
CRITICAL - 2021-10-25 08:41:29 --> Undefined variable $kon
#0 C:\xampp\htdocs\pertemuan5\app\Views\home.php(191): CodeIgniter\Debug\Exceptions->errorHandler(2, 'Undefined varia...', 'C:\\xampp\\htdocs...', 191)
#1 C:\xampp\htdocs\pertemuan5\system\View\View.php(214): include('C:\\xampp\\htdocs...')
#2 C:\xampp\htdocs\pertemuan5\system\View\View.php(217): CodeIgniter\View\View->CodeIgniter\View\{closure}()
#3 C:\xampp\htdocs\pertemuan5\system\Common.php(1092): CodeIgniter\View\View->render('home', Array, true)
#4 C:\xampp\htdocs\pertemuan5\app\Controllers\User.php(21): view('home')
#5 C:\xampp\htdocs\pertemuan5\system\CodeIgniter.php(802): App\Controllers\User->home()
#6 C:\xampp\htdocs\pertemuan5\system\CodeIgniter.php(399): CodeIgniter\CodeIgniter->runController(Object(App\Controllers\User))
#7 C:\xampp\htdocs\pertemuan5\system\CodeIgniter.php(317): CodeIgniter\CodeIgniter->handleRequest(NULL, Object(Config\Cache), false)
#8 C:\xampp\htdocs\pertemuan5\public\index.php(37): CodeIgniter\CodeIgniter->run()
#9 {main}
CRITICAL - 2021-10-25 08:42:47 --> Unmatched '}'
#0 C:\xampp\htdocs\pertemuan5\system\View\View.php(217): CodeIgniter\View\View->CodeIgniter\View\{closure}()
#1 C:\xampp\htdocs\pertemuan5\system\Common.php(1092): CodeIgniter\View\View->render('home', Array, true)
#2 C:\xampp\htdocs\pertemuan5\app\Controllers\User.php(21): view('home')
#3 C:\xampp\htdocs\pertemuan5\system\CodeIgniter.php(802): App\Controllers\User->home()
#4 C:\xampp\htdocs\pertemuan5\system\CodeIgniter.php(399): CodeIgniter\CodeIgniter->runController(Object(App\Controllers\User))
#5 C:\xampp\htdocs\pertemuan5\system\CodeIgniter.php(317): CodeIgniter\CodeIgniter->handleRequest(NULL, Object(Config\Cache), false)
#6 C:\xampp\htdocs\pertemuan5\public\index.php(37): CodeIgniter\CodeIgniter->run()
#7 {main}
CRITICAL - 2021-10-25 08:43:00 --> Undefined variable $no
#0 C:\xampp\htdocs\pertemuan5\app\Views\home.php(184): CodeIgniter\Debug\Exceptions->errorHandler(2, 'Undefined varia...', 'C:\\xampp\\htdocs...', 184)
#1 C:\xampp\htdocs\pertemuan5\system\View\View.php(214): include('C:\\xampp\\htdocs...')
#2 C:\xampp\htdocs\pertemuan5\system\View\View.php(217): CodeIgniter\View\View->CodeIgniter\View\{closure}()
#3 C:\xampp\htdocs\pertemuan5\system\Common.php(1092): CodeIgniter\View\View->render('home', Array, true)
#4 C:\xampp\htdocs\pertemuan5\app\Controllers\User.php(21): view('home')
#5 C:\xampp\htdocs\pertemuan5\system\CodeIgniter.php(802): App\Controllers\User->home()
#6 C:\xampp\htdocs\pertemuan5\system\CodeIgniter.php(399): CodeIgniter\CodeIgniter->runController(Object(App\Controllers\User))
#7 C:\xampp\htdocs\pertemuan5\system\CodeIgniter.php(317): CodeIgniter\CodeIgniter->handleRequest(NULL, Object(Config\Cache), false)
#8 C:\xampp\htdocs\pertemuan5\public\index.php(37): CodeIgniter\CodeIgniter->run()
#9 {main}
CRITICAL - 2021-10-25 08:44:22 --> Unclosed '{' on line 197
#0 C:\xampp\htdocs\pertemuan5\system\View\View.php(217): CodeIgniter\View\View->CodeIgniter\View\{closure}()
#1 C:\xampp\htdocs\pertemuan5\system\Common.php(1092): CodeIgniter\View\View->render('home', Array, true)
#2 C:\xampp\htdocs\pertemuan5\app\Controllers\User.php(21): view('home')
#3 C:\xampp\htdocs\pertemuan5\system\CodeIgniter.php(802): App\Controllers\User->home()
#4 C:\xampp\htdocs\pertemuan5\system\CodeIgniter.php(399): CodeIgniter\CodeIgniter->runController(Object(App\Controllers\User))
#5 C:\xampp\htdocs\pertemuan5\system\CodeIgniter.php(317): CodeIgniter\CodeIgniter->handleRequest(NULL, Object(Config\Cache), false)
#6 C:\xampp\htdocs\pertemuan5\public\index.php(37): CodeIgniter\CodeIgniter->run()
#7 {main}
CRITICAL - 2021-10-25 08:45:11 --> Unclosed '{' on line 197
#0 C:\xampp\htdocs\pertemuan5\system\View\View.php(217): CodeIgniter\View\View->CodeIgniter\View\{closure}()
#1 C:\xampp\htdocs\pertemuan5\system\Common.php(1092): CodeIgniter\View\View->render('home', Array, true)
#2 C:\xampp\htdocs\pertemuan5\app\Controllers\User.php(21): view('home')
#3 C:\xampp\htdocs\pertemuan5\system\CodeIgniter.php(802): App\Controllers\User->home()
#4 C:\xampp\htdocs\pertemuan5\system\CodeIgniter.php(399): CodeIgniter\CodeIgniter->runController(Object(App\Controllers\User))
#5 C:\xampp\htdocs\pertemuan5\system\CodeIgniter.php(317): CodeIgniter\CodeIgniter->handleRequest(NULL, Object(Config\Cache), false)
#6 C:\xampp\htdocs\pertemuan5\public\index.php(37): CodeIgniter\CodeIgniter->run()
#7 {main}
CRITICAL - 2021-10-25 08:45:38 --> Undefined variable $data
#0 C:\xampp\htdocs\pertemuan5\app\Views\home.php(185): CodeIgniter\Debug\Exceptions->errorHandler(2, 'Undefined varia...', 'C:\\xampp\\htdocs...', 185)
#1 C:\xampp\htdocs\pertemuan5\system\View\View.php(214): include('C:\\xampp\\htdocs...')
#2 C:\xampp\htdocs\pertemuan5\system\View\View.php(217): CodeIgniter\View\View->CodeIgniter\View\{closure}()
#3 C:\xampp\htdocs\pertemuan5\system\Common.php(1092): CodeIgniter\View\View->render('home', Array, true)
#4 C:\xampp\htdocs\pertemuan5\app\Controllers\User.php(21): view('home')
#5 C:\xampp\htdocs\pertemuan5\system\CodeIgniter.php(802): App\Controllers\User->home()
#6 C:\xampp\htdocs\pertemuan5\system\CodeIgniter.php(399): CodeIgniter\CodeIgniter->runController(Object(App\Controllers\User))
#7 C:\xampp\htdocs\pertemuan5\system\CodeIgniter.php(317): CodeIgniter\CodeIgniter->handleRequest(NULL, Object(Config\Cache), false)
#8 C:\xampp\htdocs\pertemuan5\public\index.php(37): CodeIgniter\CodeIgniter->run()
#9 {main}
CRITICAL - 2021-10-25 09:50:17 --> Undefined array key "kode"
#0 C:\xampp\htdocs\pertemuan5\app\Views\tampilUser.php(46): CodeIgniter\Debug\Exceptions->errorHandler(2, 'Undefined array...', 'C:\\xampp\\htdocs...', 46)
#1 C:\xampp\htdocs\pertemuan5\system\View\View.php(214): include('C:\\xampp\\htdocs...')
#2 C:\xampp\htdocs\pertemuan5\system\View\View.php(217): CodeIgniter\View\View->CodeIgniter\View\{closure}()
#3 C:\xampp\htdocs\pertemuan5\system\Common.php(1092): CodeIgniter\View\View->render('tampilUser', Array, true)
#4 C:\xampp\htdocs\pertemuan5\app\Controllers\User.php(37): view('tampilUser', Array)
#5 C:\xampp\htdocs\pertemuan5\system\CodeIgniter.php(802): App\Controllers\User->sidebar()
#6 C:\xampp\htdocs\pertemuan5\system\CodeIgniter.php(399): CodeIgniter\CodeIgniter->runController(Object(App\Controllers\User))
#7 C:\xampp\htdocs\pertemuan5\system\CodeIgniter.php(317): CodeIgniter\CodeIgniter->handleRequest(NULL, Object(Config\Cache), false)
#8 C:\xampp\htdocs\pertemuan5\public\index.php(37): CodeIgniter\CodeIgniter->run()
#9 {main}
CRITICAL - 2021-10-25 09:51:39 --> Undefined array key "kode"
#0 C:\xampp\htdocs\pertemuan5\app\Views\tampilUser.php(46): CodeIgniter\Debug\Exceptions->errorHandler(2, 'Undefined array...', 'C:\\xampp\\htdocs...', 46)
#1 C:\xampp\htdocs\pertemuan5\system\View\View.php(214): include('C:\\xampp\\htdocs...')
#2 C:\xampp\htdocs\pertemuan5\system\View\View.php(217): CodeIgniter\View\View->CodeIgniter\View\{closure}()
#3 C:\xampp\htdocs\pertemuan5\system\Common.php(1092): CodeIgniter\View\View->render('tampilUser', Array, true)
#4 C:\xampp\htdocs\pertemuan5\app\Controllers\User.php(37): view('tampilUser', Array)
#5 C:\xampp\htdocs\pertemuan5\system\CodeIgniter.php(802): App\Controllers\User->sidebar()
#6 C:\xampp\htdocs\pertemuan5\system\CodeIgniter.php(399): CodeIgniter\CodeIgniter->runController(Object(App\Controllers\User))
#7 C:\xampp\htdocs\pertemuan5\system\CodeIgniter.php(317): CodeIgniter\CodeIgniter->handleRequest(NULL, Object(Config\Cache), false)
#8 C:\xampp\htdocs\pertemuan5\public\index.php(37): CodeIgniter\CodeIgniter->run()
#9 {main}
CRITICAL - 2021-10-25 09:51:58 --> Undefined array key "kode"
#0 C:\xampp\htdocs\pertemuan5\app\Views\tampilUser.php(46): CodeIgniter\Debug\Exceptions->errorHandler(2, 'Undefined array...', 'C:\\xampp\\htdocs...', 46)
#1 C:\xampp\htdocs\pertemuan5\system\View\View.php(214): include('C:\\xampp\\htdocs...')
#2 C:\xampp\htdocs\pertemuan5\system\View\View.php(217): CodeIgniter\View\View->CodeIgniter\View\{closure}()
#3 C:\xampp\htdocs\pertemuan5\system\Common.php(1092): CodeIgniter\View\View->render('tampilUser', Array, true)
#4 C:\xampp\htdocs\pertemuan5\app\Controllers\User.php(37): view('tampilUser', Array)
#5 C:\xampp\htdocs\pertemuan5\system\CodeIgniter.php(802): App\Controllers\User->sidebar()
#6 C:\xampp\htdocs\pertemuan5\system\CodeIgniter.php(399): CodeIgniter\CodeIgniter->runController(Object(App\Controllers\User))
#7 C:\xampp\htdocs\pertemuan5\system\CodeIgniter.php(317): CodeIgniter\CodeIgniter->handleRequest(NULL, Object(Config\Cache), false)
#8 C:\xampp\htdocs\pertemuan5\public\index.php(37): CodeIgniter\CodeIgniter->run()
#9 {main}
CRITICAL - 2021-10-25 09:52:00 --> Undefined array key "kode"
#0 C:\xampp\htdocs\pertemuan5\app\Views\tampilUser.php(46): CodeIgniter\Debug\Exceptions->errorHandler(2, 'Undefined array...', 'C:\\xampp\\htdocs...', 46)
#1 C:\xampp\htdocs\pertemuan5\system\View\View.php(214): include('C:\\xampp\\htdocs...')
#2 C:\xampp\htdocs\pertemuan5\system\View\View.php(217): CodeIgniter\View\View->CodeIgniter\View\{closure}()
#3 C:\xampp\htdocs\pertemuan5\system\Common.php(1092): CodeIgniter\View\View->render('tampilUser', Array, true)
#4 C:\xampp\htdocs\pertemuan5\app\Controllers\User.php(37): view('tampilUser', Array)
#5 C:\xampp\htdocs\pertemuan5\system\CodeIgniter.php(802): App\Controllers\User->sidebar()
#6 C:\xampp\htdocs\pertemuan5\system\CodeIgniter.php(399): CodeIgniter\CodeIgniter->runController(Object(App\Controllers\User))
#7 C:\xampp\htdocs\pertemuan5\system\CodeIgniter.php(317): CodeIgniter\CodeIgniter->handleRequest(NULL, Object(Config\Cache), false)
#8 C:\xampp\htdocs\pertemuan5\public\index.php(37): CodeIgniter\CodeIgniter->run()
#9 {main}
CRITICAL - 2021-10-25 09:52:02 --> Undefined array key "kode"
#0 C:\xampp\htdocs\pertemuan5\app\Views\tampilUser.php(46): CodeIgniter\Debug\Exceptions->errorHandler(2, 'Undefined array...', 'C:\\xampp\\htdocs...', 46)
#1 C:\xampp\htdocs\pertemuan5\system\View\View.php(214): include('C:\\xampp\\htdocs...')
#2 C:\xampp\htdocs\pertemuan5\system\View\View.php(217): CodeIgniter\View\View->CodeIgniter\View\{closure}()
#3 C:\xampp\htdocs\pertemuan5\system\Common.php(1092): CodeIgniter\View\View->render('tampilUser', Array, true)
#4 C:\xampp\htdocs\pertemuan5\app\Controllers\User.php(37): view('tampilUser', Array)
#5 C:\xampp\htdocs\pertemuan5\system\CodeIgniter.php(802): App\Controllers\User->sidebar()
#6 C:\xampp\htdocs\pertemuan5\system\CodeIgniter.php(399): CodeIgniter\CodeIgniter->runController(Object(App\Controllers\User))
#7 C:\xampp\htdocs\pertemuan5\system\CodeIgniter.php(317): CodeIgniter\CodeIgniter->handleRequest(NULL, Object(Config\Cache), false)
#8 C:\xampp\htdocs\pertemuan5\public\index.php(37): CodeIgniter\CodeIgniter->run()
#9 {main}
CRITICAL - 2021-10-25 09:53:11 --> Undefined array key "kode"
#0 C:\xampp\htdocs\pertemuan5\app\Views\tampilUser.php(46): CodeIgniter\Debug\Exceptions->errorHandler(2, 'Undefined array...', 'C:\\xampp\\htdocs...', 46)
#1 C:\xampp\htdocs\pertemuan5\system\View\View.php(214): include('C:\\xampp\\htdocs...')
#2 C:\xampp\htdocs\pertemuan5\system\View\View.php(217): CodeIgniter\View\View->CodeIgniter\View\{closure}()
#3 C:\xampp\htdocs\pertemuan5\system\Common.php(1092): CodeIgniter\View\View->render('tampilUser', Array, true)
#4 C:\xampp\htdocs\pertemuan5\app\Controllers\User.php(37): view('tampilUser', Array)
#5 C:\xampp\htdocs\pertemuan5\system\CodeIgniter.php(802): App\Controllers\User->sidebar()
#6 C:\xampp\htdocs\pertemuan5\system\CodeIgniter.php(399): CodeIgniter\CodeIgniter->runController(Object(App\Controllers\User))
#7 C:\xampp\htdocs\pertemuan5\system\CodeIgniter.php(317): CodeIgniter\CodeIgniter->handleRequest(NULL, Object(Config\Cache), false)
#8 C:\xampp\htdocs\pertemuan5\public\index.php(37): CodeIgniter\CodeIgniter->run()
#9 {main}
CRITICAL - 2021-10-25 09:55:00 --> Undefined array key "kode"
#0 C:\xampp\htdocs\pertemuan5\app\Views\tampilUser.php(46): CodeIgniter\Debug\Exceptions->errorHandler(2, 'Undefined array...', 'C:\\xampp\\htdocs...', 46)
#1 C:\xampp\htdocs\pertemuan5\system\View\View.php(214): include('C:\\xampp\\htdocs...')
#2 C:\xampp\htdocs\pertemuan5\system\View\View.php(217): CodeIgniter\View\View->CodeIgniter\View\{closure}()
#3 C:\xampp\htdocs\pertemuan5\system\Common.php(1092): CodeIgniter\View\View->render('tampilUser', Array, true)
#4 C:\xampp\htdocs\pertemuan5\app\Controllers\User.php(37): view('tampilUser', Array)
#5 C:\xampp\htdocs\pertemuan5\system\CodeIgniter.php(802): App\Controllers\User->sidebar()
#6 C:\xampp\htdocs\pertemuan5\system\CodeIgniter.php(399): CodeIgniter\CodeIgniter->runController(Object(App\Controllers\User))
#7 C:\xampp\htdocs\pertemuan5\system\CodeIgniter.php(317): CodeIgniter\CodeIgniter->handleRequest(NULL, Object(Config\Cache), false)
#8 C:\xampp\htdocs\pertemuan5\public\index.php(37): CodeIgniter\CodeIgniter->run()
#9 {main}
CRITICAL - 2021-10-25 09:56:32 --> Undefined array key "kode"
#0 C:\xampp\htdocs\pertemuan5\app\Views\tampilUser.php(46): CodeIgniter\Debug\Exceptions->errorHandler(2, 'Undefined array...', 'C:\\xampp\\htdocs...', 46)
#1 C:\xampp\htdocs\pertemuan5\system\View\View.php(214): include('C:\\xampp\\htdocs...')
#2 C:\xampp\htdocs\pertemuan5\system\View\View.php(217): CodeIgniter\View\View->CodeIgniter\View\{closure}()
#3 C:\xampp\htdocs\pertemuan5\system\Common.php(1092): CodeIgniter\View\View->render('tampilUser', Array, true)
#4 C:\xampp\htdocs\pertemuan5\app\Controllers\User.php(37): view('tampilUser', Array)
#5 C:\xampp\htdocs\pertemuan5\system\CodeIgniter.php(802): App\Controllers\User->sidebar()
#6 C:\xampp\htdocs\pertemuan5\system\CodeIgniter.php(399): CodeIgniter\CodeIgniter->runController(Object(App\Controllers\User))
#7 C:\xampp\htdocs\pertemuan5\system\CodeIgniter.php(317): CodeIgniter\CodeIgniter->handleRequest(NULL, Object(Config\Cache), false)
#8 C:\xampp\htdocs\pertemuan5\public\index.php(37): CodeIgniter\CodeIgniter->run()
#9 {main}
CRITICAL - 2021-10-25 09:56:34 --> Undefined array key "kode"
#0 C:\xampp\htdocs\pertemuan5\app\Views\tampilUser.php(46): CodeIgniter\Debug\Exceptions->errorHandler(2, 'Undefined array...', 'C:\\xampp\\htdocs...', 46)
#1 C:\xampp\htdocs\pertemuan5\system\View\View.php(214): include('C:\\xampp\\htdocs...')
#2 C:\xampp\htdocs\pertemuan5\system\View\View.php(217): CodeIgniter\View\View->CodeIgniter\View\{closure}()
#3 C:\xampp\htdocs\pertemuan5\system\Common.php(1092): CodeIgniter\View\View->render('tampilUser', Array, true)
#4 C:\xampp\htdocs\pertemuan5\app\Controllers\User.php(37): view('tampilUser', Array)
#5 C:\xampp\htdocs\pertemuan5\system\CodeIgniter.php(802): App\Controllers\User->sidebar()
#6 C:\xampp\htdocs\pertemuan5\system\CodeIgniter.php(399): CodeIgniter\CodeIgniter->runController(Object(App\Controllers\User))
#7 C:\xampp\htdocs\pertemuan5\system\CodeIgniter.php(317): CodeIgniter\CodeIgniter->handleRequest(NULL, Object(Config\Cache), false)
#8 C:\xampp\htdocs\pertemuan5\public\index.php(37): CodeIgniter\CodeIgniter->run()
#9 {main}
CRITICAL - 2021-10-25 10:00:41 --> Undefined array key "kode"
#0 C:\xampp\htdocs\pertemuan5\app\Views\tampilUser.php(46): CodeIgniter\Debug\Exceptions->errorHandler(2, 'Undefined array...', 'C:\\xampp\\htdocs...', 46)
#1 C:\xampp\htdocs\pertemuan5\system\View\View.php(214): include('C:\\xampp\\htdocs...')
#2 C:\xampp\htdocs\pertemuan5\system\View\View.php(217): CodeIgniter\View\View->CodeIgniter\View\{closure}()
#3 C:\xampp\htdocs\pertemuan5\system\Common.php(1092): CodeIgniter\View\View->render('tampilUser', Array, true)
#4 C:\xampp\htdocs\pertemuan5\app\Controllers\User.php(37): view('tampilUser', Array)
#5 C:\xampp\htdocs\pertemuan5\system\CodeIgniter.php(802): App\Controllers\User->sidebar()
#6 C:\xampp\htdocs\pertemuan5\system\CodeIgniter.php(399): CodeIgniter\CodeIgniter->runController(Object(App\Controllers\User))
#7 C:\xampp\htdocs\pertemuan5\system\CodeIgniter.php(317): CodeIgniter\CodeIgniter->handleRequest(NULL, Object(Config\Cache), false)
#8 C:\xampp\htdocs\pertemuan5\public\index.php(37): CodeIgniter\CodeIgniter->run()
#9 {main}
CRITICAL - 2021-10-25 10:04:09 --> Undefined variable $user
#0 C:\xampp\htdocs\pertemuan5\app\Views\tampilUser.php(46): CodeIgniter\Debug\Exceptions->errorHandler(2, 'Undefined varia...', 'C:\\xampp\\htdocs...', 46)
#1 C:\xampp\htdocs\pertemuan5\system\View\View.php(214): include('C:\\xampp\\htdocs...')
#2 C:\xampp\htdocs\pertemuan5\system\View\View.php(217): CodeIgniter\View\View->CodeIgniter\View\{closure}()
#3 C:\xampp\htdocs\pertemuan5\system\Common.php(1092): CodeIgniter\View\View->render('tampilUser', Array, true)
#4 C:\xampp\htdocs\pertemuan5\app\Controllers\User.php(37): view('tampilUser', Array)
#5 C:\xampp\htdocs\pertemuan5\system\CodeIgniter.php(802): App\Controllers\User->sidebar()
#6 C:\xampp\htdocs\pertemuan5\system\CodeIgniter.php(399): CodeIgniter\CodeIgniter->runController(Object(App\Controllers\User))
#7 C:\xampp\htdocs\pertemuan5\system\CodeIgniter.php(317): CodeIgniter\CodeIgniter->handleRequest(NULL, Object(Config\Cache), false)
#8 C:\xampp\htdocs\pertemuan5\public\index.php(37): CodeIgniter\CodeIgniter->run()
#9 {main}
CRITICAL - 2021-10-25 19:50:54 --> Undefined variable $user
#0 C:\xampp\htdocs\pertemuan5\app\Views\tampilUser.php(43): CodeIgniter\Debug\Exceptions->errorHandler(2, 'Undefined varia...', 'C:\\xampp\\htdocs...', 43)
#1 C:\xampp\htdocs\pertemuan5\system\View\View.php(214): include('C:\\xampp\\htdocs...')
#2 C:\xampp\htdocs\pertemuan5\system\View\View.php(217): CodeIgniter\View\View->CodeIgniter\View\{closure}()
#3 C:\xampp\htdocs\pertemuan5\system\Common.php(1092): CodeIgniter\View\View->render('tampilUser', Array, true)
#4 C:\xampp\htdocs\pertemuan5\app\Controllers\User.php(16): view('tampilUser', Array)
#5 C:\xampp\htdocs\pertemuan5\system\CodeIgniter.php(802): App\Controllers\User->index()
#6 C:\xampp\htdocs\pertemuan5\system\CodeIgniter.php(399): CodeIgniter\CodeIgniter->runController(Object(App\Controllers\User))
#7 C:\xampp\htdocs\pertemuan5\system\CodeIgniter.php(317): CodeIgniter\CodeIgniter->handleRequest(NULL, Object(Config\Cache), false)
#8 C:\xampp\htdocs\pertemuan5\public\index.php(37): CodeIgniter\CodeIgniter->run()
#9 {main}
CRITICAL - 2021-10-25 19:50:59 --> Undefined variable $user
#0 C:\xampp\htdocs\pertemuan5\app\Views\tampilUser.php(43): CodeIgniter\Debug\Exceptions->errorHandler(2, 'Undefined varia...', 'C:\\xampp\\htdocs...', 43)
#1 C:\xampp\htdocs\pertemuan5\system\View\View.php(214): include('C:\\xampp\\htdocs...')
#2 C:\xampp\htdocs\pertemuan5\system\View\View.php(217): CodeIgniter\View\View->CodeIgniter\View\{closure}()
#3 C:\xampp\htdocs\pertemuan5\system\Common.php(1092): CodeIgniter\View\View->render('tampilUser', Array, true)
#4 C:\xampp\htdocs\pertemuan5\app\Controllers\User.php(16): view('tampilUser', Array)
#5 C:\xampp\htdocs\pertemuan5\system\CodeIgniter.php(802): App\Controllers\User->index()
#6 C:\xampp\htdocs\pertemuan5\system\CodeIgniter.php(399): CodeIgniter\CodeIgniter->runController(Object(App\Controllers\User))
#7 C:\xampp\htdocs\pertemuan5\system\CodeIgniter.php(317): CodeIgniter\CodeIgniter->handleRequest(NULL, Object(Config\Cache), false)
#8 C:\xampp\htdocs\pertemuan5\public\index.php(37): CodeIgniter\CodeIgniter->run()
#9 {main}
