CRITICAL - 2021-10-24 20:08:20 --> include(layout/header.php): Failed to open stream: No such file or directory
#0 C:\xampp\htdocs\pertemuan5\app\Views\tampilUser.php(4): CodeIgniter\Debug\Exceptions->errorHandler(2, 'include(layout/...', 'C:\\xampp\\htdocs...', 4)
#1 C:\xampp\htdocs\pertemuan5\app\Views\tampilUser.php(4): include()
#2 C:\xampp\htdocs\pertemuan5\system\View\View.php(214): include('C:\\xampp\\htdocs...')
#3 C:\xampp\htdocs\pertemuan5\system\View\View.php(217): CodeIgniter\View\View->CodeIgniter\View\{closure}()
#4 C:\xampp\htdocs\pertemuan5\system\Common.php(1092): CodeIgniter\View\View->render('tampilUser', Array, true)
#5 C:\xampp\htdocs\pertemuan5\app\Controllers\User.php(16): view('tampilUser', Array)
#6 C:\xampp\htdocs\pertemuan5\system\CodeIgniter.php(802): App\Controllers\User->index()
#7 C:\xampp\htdocs\pertemuan5\system\CodeIgniter.php(399): CodeIgniter\CodeIgniter->runController(Object(App\Controllers\User))
#8 C:\xampp\htdocs\pertemuan5\system\CodeIgniter.php(317): CodeIgniter\CodeIgniter->handleRequest(NULL, Object(Config\Cache), false)
#9 C:\xampp\htdocs\pertemuan5\public\index.php(37): CodeIgniter\CodeIgniter->run()
#10 {main}
CRITICAL - 2021-10-24 20:25:11 --> View themes, no current section.
#0 C:\xampp\htdocs\pertemuan5\app\Views\tampilUser.php(56): CodeIgniter\View\View->endSection()
#1 C:\xampp\htdocs\pertemuan5\system\View\View.php(214): include('C:\\xampp\\htdocs...')
#2 C:\xampp\htdocs\pertemuan5\system\View\View.php(217): CodeIgniter\View\View->CodeIgniter\View\{closure}()
#3 C:\xampp\htdocs\pertemuan5\system\Common.php(1092): CodeIgniter\View\View->render('tampilUser', Array, true)
#4 C:\xampp\htdocs\pertemuan5\app\Controllers\User.php(16): view('tampilUser', Array)
#5 C:\xampp\htdocs\pertemuan5\system\CodeIgniter.php(802): App\Controllers\User->index()
#6 C:\xampp\htdocs\pertemuan5\system\CodeIgniter.php(399): CodeIgniter\CodeIgniter->runController(Object(App\Controllers\User))
#7 C:\xampp\htdocs\pertemuan5\system\CodeIgniter.php(317): CodeIgniter\CodeIgniter->handleRequest(NULL, Object(Config\Cache), false)
#8 C:\xampp\htdocs\pertemuan5\public\index.php(37): CodeIgniter\CodeIgniter->run()
#9 {main}
CRITICAL - 2021-10-24 20:46:51 --> view(): Argument #3 ($options) must be of type array, string given, called in C:\xampp\htdocs\pertemuan5\app\Controllers\User.php on line 16
#0 C:\xampp\htdocs\pertemuan5\app\Controllers\User.php(16): view('tampilUser', Array, 'sidebar')
#1 C:\xampp\htdocs\pertemuan5\system\CodeIgniter.php(802): App\Controllers\User->index()
#2 C:\xampp\htdocs\pertemuan5\system\CodeIgniter.php(399): CodeIgniter\CodeIgniter->runController(Object(App\Controllers\User))
#3 C:\xampp\htdocs\pertemuan5\system\CodeIgniter.php(317): CodeIgniter\CodeIgniter->handleRequest(NULL, Object(Config\Cache), false)
#4 C:\xampp\htdocs\pertemuan5\public\index.php(37): CodeIgniter\CodeIgniter->run()
#5 {main}
CRITICAL - 2021-10-24 20:47:32 --> view(): Argument #2 ($data) must be of type array, string given, called in C:\xampp\htdocs\pertemuan5\app\Controllers\User.php on line 16
#0 C:\xampp\htdocs\pertemuan5\app\Controllers\User.php(16): view('tampilUser', 'sidebar', Array)
#1 C:\xampp\htdocs\pertemuan5\system\CodeIgniter.php(802): App\Controllers\User->index()
#2 C:\xampp\htdocs\pertemuan5\system\CodeIgniter.php(399): CodeIgniter\CodeIgniter->runController(Object(App\Controllers\User))
#3 C:\xampp\htdocs\pertemuan5\system\CodeIgniter.php(317): CodeIgniter\CodeIgniter->handleRequest(NULL, Object(Config\Cache), false)
#4 C:\xampp\htdocs\pertemuan5\public\index.php(37): CodeIgniter\CodeIgniter->run()
#5 {main}
CRITICAL - 2021-10-24 20:47:34 --> view(): Argument #2 ($data) must be of type array, string given, called in C:\xampp\htdocs\pertemuan5\app\Controllers\User.php on line 16
#0 C:\xampp\htdocs\pertemuan5\app\Controllers\User.php(16): view('tampilUser', 'sidebar', Array)
#1 C:\xampp\htdocs\pertemuan5\system\CodeIgniter.php(802): App\Controllers\User->index()
#2 C:\xampp\htdocs\pertemuan5\system\CodeIgniter.php(399): CodeIgniter\CodeIgniter->runController(Object(App\Controllers\User))
#3 C:\xampp\htdocs\pertemuan5\system\CodeIgniter.php(317): CodeIgniter\CodeIgniter->handleRequest(NULL, Object(Config\Cache), false)
#4 C:\xampp\htdocs\pertemuan5\public\index.php(37): CodeIgniter\CodeIgniter->run()
#5 {main}
CRITICAL - 2021-10-24 21:08:54 --> include(koneksi.php): Failed to open stream: No such file or directory
#0 C:\xampp\htdocs\pertemuan5\app\Views\home.php(185): CodeIgniter\Debug\Exceptions->errorHandler(2, 'include(koneksi...', 'C:\\xampp\\htdocs...', 185)
#1 C:\xampp\htdocs\pertemuan5\app\Views\home.php(185): include()
#2 C:\xampp\htdocs\pertemuan5\system\View\View.php(214): include('C:\\xampp\\htdocs...')
#3 C:\xampp\htdocs\pertemuan5\system\View\View.php(217): CodeIgniter\View\View->CodeIgniter\View\{closure}()
#4 C:\xampp\htdocs\pertemuan5\system\Common.php(1092): CodeIgniter\View\View->render('home', Array, true)
#5 C:\xampp\htdocs\pertemuan5\app\Controllers\User.php(21): view('home')
#6 C:\xampp\htdocs\pertemuan5\system\CodeIgniter.php(802): App\Controllers\User->home()
#7 C:\xampp\htdocs\pertemuan5\system\CodeIgniter.php(399): CodeIgniter\CodeIgniter->runController(Object(App\Controllers\User))
#8 C:\xampp\htdocs\pertemuan5\system\CodeIgniter.php(317): CodeIgniter\CodeIgniter->handleRequest(NULL, Object(Config\Cache), false)
#9 C:\xampp\htdocs\pertemuan5\public\index.php(37): CodeIgniter\CodeIgniter->run()
#10 {main}
CRITICAL - 2021-10-24 21:10:42 --> include(koneksi.php): Failed to open stream: No such file or directory
#0 C:\xampp\htdocs\pertemuan5\app\Views\home.php(5): CodeIgniter\Debug\Exceptions->errorHandler(2, 'include(koneksi...', 'C:\\xampp\\htdocs...', 5)
#1 C:\xampp\htdocs\pertemuan5\app\Views\home.php(5): include()
#2 C:\xampp\htdocs\pertemuan5\system\View\View.php(214): include('C:\\xampp\\htdocs...')
#3 C:\xampp\htdocs\pertemuan5\system\View\View.php(217): CodeIgniter\View\View->CodeIgniter\View\{closure}()
#4 C:\xampp\htdocs\pertemuan5\system\Common.php(1092): CodeIgniter\View\View->render('home', Array, true)
#5 C:\xampp\htdocs\pertemuan5\app\Controllers\User.php(21): view('home')
#6 C:\xampp\htdocs\pertemuan5\system\CodeIgniter.php(802): App\Controllers\User->home()
#7 C:\xampp\htdocs\pertemuan5\system\CodeIgniter.php(399): CodeIgniter\CodeIgniter->runController(Object(App\Controllers\User))
#8 C:\xampp\htdocs\pertemuan5\system\CodeIgniter.php(317): CodeIgniter\CodeIgniter->handleRequest(NULL, Object(Config\Cache), false)
#9 C:\xampp\htdocs\pertemuan5\public\index.php(37): CodeIgniter\CodeIgniter->run()
#10 {main}
CRITICAL - 2021-10-24 21:10:43 --> include(koneksi.php): Failed to open stream: No such file or directory
#0 C:\xampp\htdocs\pertemuan5\app\Views\home.php(5): CodeIgniter\Debug\Exceptions->errorHandler(2, 'include(koneksi...', 'C:\\xampp\\htdocs...', 5)
#1 C:\xampp\htdocs\pertemuan5\app\Views\home.php(5): include()
#2 C:\xampp\htdocs\pertemuan5\system\View\View.php(214): include('C:\\xampp\\htdocs...')
#3 C:\xampp\htdocs\pertemuan5\system\View\View.php(217): CodeIgniter\View\View->CodeIgniter\View\{closure}()
#4 C:\xampp\htdocs\pertemuan5\system\Common.php(1092): CodeIgniter\View\View->render('home', Array, true)
#5 C:\xampp\htdocs\pertemuan5\app\Controllers\User.php(21): view('home')
#6 C:\xampp\htdocs\pertemuan5\system\CodeIgniter.php(802): App\Controllers\User->home()
#7 C:\xampp\htdocs\pertemuan5\system\CodeIgniter.php(399): CodeIgniter\CodeIgniter->runController(Object(App\Controllers\User))
#8 C:\xampp\htdocs\pertemuan5\system\CodeIgniter.php(317): CodeIgniter\CodeIgniter->handleRequest(NULL, Object(Config\Cache), false)
#9 C:\xampp\htdocs\pertemuan5\public\index.php(37): CodeIgniter\CodeIgniter->run()
#10 {main}
CRITICAL - 2021-10-24 21:10:59 --> Undefined variable $kon
#0 C:\xampp\htdocs\pertemuan5\app\Views\home.php(194): CodeIgniter\Debug\Exceptions->errorHandler(2, 'Undefined varia...', 'C:\\xampp\\htdocs...', 194)
#1 C:\xampp\htdocs\pertemuan5\system\View\View.php(214): include('C:\\xampp\\htdocs...')
#2 C:\xampp\htdocs\pertemuan5\system\View\View.php(217): CodeIgniter\View\View->CodeIgniter\View\{closure}()
#3 C:\xampp\htdocs\pertemuan5\system\Common.php(1092): CodeIgniter\View\View->render('home', Array, true)
#4 C:\xampp\htdocs\pertemuan5\app\Controllers\User.php(21): view('home')
#5 C:\xampp\htdocs\pertemuan5\system\CodeIgniter.php(802): App\Controllers\User->home()
#6 C:\xampp\htdocs\pertemuan5\system\CodeIgniter.php(399): CodeIgniter\CodeIgniter->runController(Object(App\Controllers\User))
#7 C:\xampp\htdocs\pertemuan5\system\CodeIgniter.php(317): CodeIgniter\CodeIgniter->handleRequest(NULL, Object(Config\Cache), false)
#8 C:\xampp\htdocs\pertemuan5\public\index.php(37): CodeIgniter\CodeIgniter->run()
#9 {main}
CRITICAL - 2021-10-24 21:52:24 --> Undefined variable $kon
#0 C:\xampp\htdocs\pertemuan5\app\Views\home.php(194): CodeIgniter\Debug\Exceptions->errorHandler(2, 'Undefined varia...', 'C:\\xampp\\htdocs...', 194)
#1 C:\xampp\htdocs\pertemuan5\system\View\View.php(214): include('C:\\xampp\\htdocs...')
#2 C:\xampp\htdocs\pertemuan5\system\View\View.php(217): CodeIgniter\View\View->CodeIgniter\View\{closure}()
#3 C:\xampp\htdocs\pertemuan5\system\Common.php(1092): CodeIgniter\View\View->render('home', Array, true)
#4 C:\xampp\htdocs\pertemuan5\app\Controllers\User.php(21): view('home')
#5 C:\xampp\htdocs\pertemuan5\system\CodeIgniter.php(802): App\Controllers\User->home()
#6 C:\xampp\htdocs\pertemuan5\system\CodeIgniter.php(399): CodeIgniter\CodeIgniter->runController(Object(App\Controllers\User))
#7 C:\xampp\htdocs\pertemuan5\system\CodeIgniter.php(317): CodeIgniter\CodeIgniter->handleRequest(NULL, Object(Config\Cache), false)
#8 C:\xampp\htdocs\pertemuan5\public\index.php(37): CodeIgniter\CodeIgniter->run()
#9 {main}
CRITICAL - 2021-10-24 22:31:23 --> Undefined array key "status"
#0 C:\xampp\htdocs\pertemuan5\app\Views\layout\topbar.php(11): CodeIgniter\Debug\Exceptions->errorHandler(2, 'Undefined array...', 'C:\\xampp\\htdocs...', 11)
#1 C:\xampp\htdocs\pertemuan5\system\View\View.php(214): include('C:\\xampp\\htdocs...')
#2 C:\xampp\htdocs\pertemuan5\system\View\View.php(217): CodeIgniter\View\View->CodeIgniter\View\{closure}()
#3 C:\xampp\htdocs\pertemuan5\system\View\View.php(432): CodeIgniter\View\View->render('layout/topbar.p...', NULL, true)
#4 C:\xampp\htdocs\pertemuan5\app\Views\tampilUser.php(8): CodeIgniter\View\View->include('layout/topbar.p...')
#5 C:\xampp\htdocs\pertemuan5\system\View\View.php(214): include('C:\\xampp\\htdocs...')
#6 C:\xampp\htdocs\pertemuan5\system\View\View.php(217): CodeIgniter\View\View->CodeIgniter\View\{closure}()
#7 C:\xampp\htdocs\pertemuan5\system\Common.php(1092): CodeIgniter\View\View->render('tampilUser', Array, true)
#8 C:\xampp\htdocs\pertemuan5\app\Controllers\User.php(16): view('tampilUser', Array)
#9 C:\xampp\htdocs\pertemuan5\system\CodeIgniter.php(802): App\Controllers\User->index()
#10 C:\xampp\htdocs\pertemuan5\system\CodeIgniter.php(399): CodeIgniter\CodeIgniter->runController(Object(App\Controllers\User))
#11 C:\xampp\htdocs\pertemuan5\system\CodeIgniter.php(317): CodeIgniter\CodeIgniter->handleRequest(NULL, Object(Config\Cache), false)
#12 C:\xampp\htdocs\pertemuan5\public\index.php(37): CodeIgniter\CodeIgniter->run()
#13 {main}
CRITICAL - 2021-10-24 22:32:04 --> Undefined array key "status"
#0 C:\xampp\htdocs\pertemuan5\app\Views\layout\topbar.php(11): CodeIgniter\Debug\Exceptions->errorHandler(2, 'Undefined array...', 'C:\\xampp\\htdocs...', 11)
#1 C:\xampp\htdocs\pertemuan5\system\View\View.php(214): include('C:\\xampp\\htdocs...')
#2 C:\xampp\htdocs\pertemuan5\system\View\View.php(217): CodeIgniter\View\View->CodeIgniter\View\{closure}()
#3 C:\xampp\htdocs\pertemuan5\system\View\View.php(432): CodeIgniter\View\View->render('layout/topbar.p...', NULL, true)
#4 C:\xampp\htdocs\pertemuan5\app\Views\tampilUser.php(8): CodeIgniter\View\View->include('layout/topbar.p...')
#5 C:\xampp\htdocs\pertemuan5\system\View\View.php(214): include('C:\\xampp\\htdocs...')
#6 C:\xampp\htdocs\pertemuan5\system\View\View.php(217): CodeIgniter\View\View->CodeIgniter\View\{closure}()
#7 C:\xampp\htdocs\pertemuan5\system\Common.php(1092): CodeIgniter\View\View->render('tampilUser', Array, true)
#8 C:\xampp\htdocs\pertemuan5\app\Controllers\User.php(16): view('tampilUser', Array)
#9 C:\xampp\htdocs\pertemuan5\system\CodeIgniter.php(802): App\Controllers\User->index()
#10 C:\xampp\htdocs\pertemuan5\system\CodeIgniter.php(399): CodeIgniter\CodeIgniter->runController(Object(App\Controllers\User))
#11 C:\xampp\htdocs\pertemuan5\system\CodeIgniter.php(317): CodeIgniter\CodeIgniter->handleRequest(NULL, Object(Config\Cache), false)
#12 C:\xampp\htdocs\pertemuan5\public\index.php(37): CodeIgniter\CodeIgniter->run()
#13 {main}
CRITICAL - 2021-10-24 22:32:10 --> Undefined array key "status"
#0 C:\xampp\htdocs\pertemuan5\app\Views\layout\topbar.php(11): CodeIgniter\Debug\Exceptions->errorHandler(2, 'Undefined array...', 'C:\\xampp\\htdocs...', 11)
#1 C:\xampp\htdocs\pertemuan5\system\View\View.php(214): include('C:\\xampp\\htdocs...')
#2 C:\xampp\htdocs\pertemuan5\system\View\View.php(217): CodeIgniter\View\View->CodeIgniter\View\{closure}()
#3 C:\xampp\htdocs\pertemuan5\system\View\View.php(432): CodeIgniter\View\View->render('layout/topbar.p...', NULL, true)
#4 C:\xampp\htdocs\pertemuan5\app\Views\tampilUser.php(8): CodeIgniter\View\View->include('layout/topbar.p...')
#5 C:\xampp\htdocs\pertemuan5\system\View\View.php(214): include('C:\\xampp\\htdocs...')
#6 C:\xampp\htdocs\pertemuan5\system\View\View.php(217): CodeIgniter\View\View->CodeIgniter\View\{closure}()
#7 C:\xampp\htdocs\pertemuan5\system\Common.php(1092): CodeIgniter\View\View->render('tampilUser', Array, true)
#8 C:\xampp\htdocs\pertemuan5\app\Controllers\User.php(16): view('tampilUser', Array)
#9 C:\xampp\htdocs\pertemuan5\system\CodeIgniter.php(802): App\Controllers\User->index()
#10 C:\xampp\htdocs\pertemuan5\system\CodeIgniter.php(399): CodeIgniter\CodeIgniter->runController(Object(App\Controllers\User))
#11 C:\xampp\htdocs\pertemuan5\system\CodeIgniter.php(317): CodeIgniter\CodeIgniter->handleRequest(NULL, Object(Config\Cache), false)
#12 C:\xampp\htdocs\pertemuan5\public\index.php(37): CodeIgniter\CodeIgniter->run()
#13 {main}
CRITICAL - 2021-10-24 22:32:23 --> Undefined array key "status"
#0 C:\xampp\htdocs\pertemuan5\app\Views\layout\topbar.php(11): CodeIgniter\Debug\Exceptions->errorHandler(2, 'Undefined array...', 'C:\\xampp\\htdocs...', 11)
#1 C:\xampp\htdocs\pertemuan5\system\View\View.php(214): include('C:\\xampp\\htdocs...')
#2 C:\xampp\htdocs\pertemuan5\system\View\View.php(217): CodeIgniter\View\View->CodeIgniter\View\{closure}()
#3 C:\xampp\htdocs\pertemuan5\system\View\View.php(432): CodeIgniter\View\View->render('layout/topbar.p...', NULL, true)
#4 C:\xampp\htdocs\pertemuan5\app\Views\tampilUser.php(8): CodeIgniter\View\View->include('layout/topbar.p...')
#5 C:\xampp\htdocs\pertemuan5\system\View\View.php(214): include('C:\\xampp\\htdocs...')
#6 C:\xampp\htdocs\pertemuan5\system\View\View.php(217): CodeIgniter\View\View->CodeIgniter\View\{closure}()
#7 C:\xampp\htdocs\pertemuan5\system\Common.php(1092): CodeIgniter\View\View->render('tampilUser', Array, true)
#8 C:\xampp\htdocs\pertemuan5\app\Controllers\User.php(16): view('tampilUser', Array)
#9 C:\xampp\htdocs\pertemuan5\system\CodeIgniter.php(802): App\Controllers\User->index()
#10 C:\xampp\htdocs\pertemuan5\system\CodeIgniter.php(399): CodeIgniter\CodeIgniter->runController(Object(App\Controllers\User))
#11 C:\xampp\htdocs\pertemuan5\system\CodeIgniter.php(317): CodeIgniter\CodeIgniter->handleRequest(NULL, Object(Config\Cache), false)
#12 C:\xampp\htdocs\pertemuan5\public\index.php(37): CodeIgniter\CodeIgniter->run()
#13 {main}
CRITICAL - 2021-10-24 22:32:33 --> Undefined array key "status"
#0 C:\xampp\htdocs\pertemuan5\app\Views\layout\topbar.php(11): CodeIgniter\Debug\Exceptions->errorHandler(2, 'Undefined array...', 'C:\\xampp\\htdocs...', 11)
#1 C:\xampp\htdocs\pertemuan5\system\View\View.php(214): include('C:\\xampp\\htdocs...')
#2 C:\xampp\htdocs\pertemuan5\system\View\View.php(217): CodeIgniter\View\View->CodeIgniter\View\{closure}()
#3 C:\xampp\htdocs\pertemuan5\system\View\View.php(432): CodeIgniter\View\View->render('layout/topbar.p...', NULL, true)
#4 C:\xampp\htdocs\pertemuan5\app\Views\tampilUser.php(8): CodeIgniter\View\View->include('layout/topbar.p...')
#5 C:\xampp\htdocs\pertemuan5\system\View\View.php(214): include('C:\\xampp\\htdocs...')
#6 C:\xampp\htdocs\pertemuan5\system\View\View.php(217): CodeIgniter\View\View->CodeIgniter\View\{closure}()
#7 C:\xampp\htdocs\pertemuan5\system\Common.php(1092): CodeIgniter\View\View->render('tampilUser', Array, true)
#8 C:\xampp\htdocs\pertemuan5\app\Controllers\User.php(16): view('tampilUser', Array)
#9 C:\xampp\htdocs\pertemuan5\system\CodeIgniter.php(802): App\Controllers\User->index()
#10 C:\xampp\htdocs\pertemuan5\system\CodeIgniter.php(399): CodeIgniter\CodeIgniter->runController(Object(App\Controllers\User))
#11 C:\xampp\htdocs\pertemuan5\system\CodeIgniter.php(317): CodeIgniter\CodeIgniter->handleRequest(NULL, Object(Config\Cache), false)
#12 C:\xampp\htdocs\pertemuan5\public\index.php(37): CodeIgniter\CodeIgniter->run()
#13 {main}
CRITICAL - 2021-10-24 22:33:01 --> Undefined array key "status"
#0 C:\xampp\htdocs\pertemuan5\app\Views\layout\topbar.php(11): CodeIgniter\Debug\Exceptions->errorHandler(2, 'Undefined array...', 'C:\\xampp\\htdocs...', 11)
#1 C:\xampp\htdocs\pertemuan5\system\View\View.php(214): include('C:\\xampp\\htdocs...')
#2 C:\xampp\htdocs\pertemuan5\system\View\View.php(217): CodeIgniter\View\View->CodeIgniter\View\{closure}()
#3 C:\xampp\htdocs\pertemuan5\system\View\View.php(432): CodeIgniter\View\View->render('layout/topbar.p...', NULL, true)
#4 C:\xampp\htdocs\pertemuan5\app\Views\tampilUser.php(8): CodeIgniter\View\View->include('layout/topbar.p...')
#5 C:\xampp\htdocs\pertemuan5\system\View\View.php(214): include('C:\\xampp\\htdocs...')
#6 C:\xampp\htdocs\pertemuan5\system\View\View.php(217): CodeIgniter\View\View->CodeIgniter\View\{closure}()
#7 C:\xampp\htdocs\pertemuan5\system\Common.php(1092): CodeIgniter\View\View->render('tampilUser', Array, true)
#8 C:\xampp\htdocs\pertemuan5\app\Controllers\User.php(16): view('tampilUser', Array)
#9 C:\xampp\htdocs\pertemuan5\system\CodeIgniter.php(802): App\Controllers\User->index()
#10 C:\xampp\htdocs\pertemuan5\system\CodeIgniter.php(399): CodeIgniter\CodeIgniter->runController(Object(App\Controllers\User))
#11 C:\xampp\htdocs\pertemuan5\system\CodeIgniter.php(317): CodeIgniter\CodeIgniter->handleRequest(NULL, Object(Config\Cache), false)
#12 C:\xampp\htdocs\pertemuan5\public\index.php(37): CodeIgniter\CodeIgniter->run()
#13 {main}
CRITICAL - 2021-10-24 22:33:05 --> Undefined array key "status"
#0 C:\xampp\htdocs\pertemuan5\app\Views\layout\topbar.php(11): CodeIgniter\Debug\Exceptions->errorHandler(2, 'Undefined array...', 'C:\\xampp\\htdocs...', 11)
#1 C:\xampp\htdocs\pertemuan5\system\View\View.php(214): include('C:\\xampp\\htdocs...')
#2 C:\xampp\htdocs\pertemuan5\system\View\View.php(217): CodeIgniter\View\View->CodeIgniter\View\{closure}()
#3 C:\xampp\htdocs\pertemuan5\system\View\View.php(432): CodeIgniter\View\View->render('layout/topbar.p...', NULL, true)
#4 C:\xampp\htdocs\pertemuan5\app\Views\tampilUser.php(8): CodeIgniter\View\View->include('layout/topbar.p...')
#5 C:\xampp\htdocs\pertemuan5\system\View\View.php(214): include('C:\\xampp\\htdocs...')
#6 C:\xampp\htdocs\pertemuan5\system\View\View.php(217): CodeIgniter\View\View->CodeIgniter\View\{closure}()
#7 C:\xampp\htdocs\pertemuan5\system\Common.php(1092): CodeIgniter\View\View->render('tampilUser', Array, true)
#8 C:\xampp\htdocs\pertemuan5\app\Controllers\User.php(16): view('tampilUser', Array)
#9 C:\xampp\htdocs\pertemuan5\system\CodeIgniter.php(802): App\Controllers\User->index()
#10 C:\xampp\htdocs\pertemuan5\system\CodeIgniter.php(399): CodeIgniter\CodeIgniter->runController(Object(App\Controllers\User))
#11 C:\xampp\htdocs\pertemuan5\system\CodeIgniter.php(317): CodeIgniter\CodeIgniter->handleRequest(NULL, Object(Config\Cache), false)
#12 C:\xampp\htdocs\pertemuan5\public\index.php(37): CodeIgniter\CodeIgniter->run()
#13 {main}
CRITICAL - 2021-10-24 22:33:16 --> Undefined array key "status"
#0 C:\xampp\htdocs\pertemuan5\app\Views\layout\topbar.php(11): CodeIgniter\Debug\Exceptions->errorHandler(2, 'Undefined array...', 'C:\\xampp\\htdocs...', 11)
#1 C:\xampp\htdocs\pertemuan5\system\View\View.php(214): include('C:\\xampp\\htdocs...')
#2 C:\xampp\htdocs\pertemuan5\system\View\View.php(217): CodeIgniter\View\View->CodeIgniter\View\{closure}()
#3 C:\xampp\htdocs\pertemuan5\system\View\View.php(432): CodeIgniter\View\View->render('layout/topbar.p...', NULL, true)
#4 C:\xampp\htdocs\pertemuan5\app\Views\tampilUser.php(8): CodeIgniter\View\View->include('layout/topbar.p...')
#5 C:\xampp\htdocs\pertemuan5\system\View\View.php(214): include('C:\\xampp\\htdocs...')
#6 C:\xampp\htdocs\pertemuan5\system\View\View.php(217): CodeIgniter\View\View->CodeIgniter\View\{closure}()
#7 C:\xampp\htdocs\pertemuan5\system\Common.php(1092): CodeIgniter\View\View->render('tampilUser', Array, true)
#8 C:\xampp\htdocs\pertemuan5\app\Controllers\User.php(16): view('tampilUser', Array)
#9 C:\xampp\htdocs\pertemuan5\system\CodeIgniter.php(802): App\Controllers\User->index()
#10 C:\xampp\htdocs\pertemuan5\system\CodeIgniter.php(399): CodeIgniter\CodeIgniter->runController(Object(App\Controllers\User))
#11 C:\xampp\htdocs\pertemuan5\system\CodeIgniter.php(317): CodeIgniter\CodeIgniter->handleRequest(NULL, Object(Config\Cache), false)
#12 C:\xampp\htdocs\pertemuan5\public\index.php(37): CodeIgniter\CodeIgniter->run()
#13 {main}
CRITICAL - 2021-10-24 22:33:16 --> Undefined array key "status"
#0 C:\xampp\htdocs\pertemuan5\app\Views\layout\topbar.php(11): CodeIgniter\Debug\Exceptions->errorHandler(2, 'Undefined array...', 'C:\\xampp\\htdocs...', 11)
#1 C:\xampp\htdocs\pertemuan5\system\View\View.php(214): include('C:\\xampp\\htdocs...')
#2 C:\xampp\htdocs\pertemuan5\system\View\View.php(217): CodeIgniter\View\View->CodeIgniter\View\{closure}()
#3 C:\xampp\htdocs\pertemuan5\system\View\View.php(432): CodeIgniter\View\View->render('layout/topbar.p...', NULL, true)
#4 C:\xampp\htdocs\pertemuan5\app\Views\tampilUser.php(8): CodeIgniter\View\View->include('layout/topbar.p...')
#5 C:\xampp\htdocs\pertemuan5\system\View\View.php(214): include('C:\\xampp\\htdocs...')
#6 C:\xampp\htdocs\pertemuan5\system\View\View.php(217): CodeIgniter\View\View->CodeIgniter\View\{closure}()
#7 C:\xampp\htdocs\pertemuan5\system\Common.php(1092): CodeIgniter\View\View->render('tampilUser', Array, true)
#8 C:\xampp\htdocs\pertemuan5\app\Controllers\User.php(16): view('tampilUser', Array)
#9 C:\xampp\htdocs\pertemuan5\system\CodeIgniter.php(802): App\Controllers\User->index()
#10 C:\xampp\htdocs\pertemuan5\system\CodeIgniter.php(399): CodeIgniter\CodeIgniter->runController(Object(App\Controllers\User))
#11 C:\xampp\htdocs\pertemuan5\system\CodeIgniter.php(317): CodeIgniter\CodeIgniter->handleRequest(NULL, Object(Config\Cache), false)
#12 C:\xampp\htdocs\pertemuan5\public\index.php(37): CodeIgniter\CodeIgniter->run()
#13 {main}
CRITICAL - 2021-10-24 22:33:55 --> Undefined array key "status"
#0 C:\xampp\htdocs\pertemuan5\app\Views\layout\topbar.php(11): CodeIgniter\Debug\Exceptions->errorHandler(2, 'Undefined array...', 'C:\\xampp\\htdocs...', 11)
#1 C:\xampp\htdocs\pertemuan5\system\View\View.php(214): include('C:\\xampp\\htdocs...')
#2 C:\xampp\htdocs\pertemuan5\system\View\View.php(217): CodeIgniter\View\View->CodeIgniter\View\{closure}()
#3 C:\xampp\htdocs\pertemuan5\system\View\View.php(432): CodeIgniter\View\View->render('layout/topbar.p...', NULL, true)
#4 C:\xampp\htdocs\pertemuan5\app\Views\tampilUser.php(8): CodeIgniter\View\View->include('layout/topbar.p...')
#5 C:\xampp\htdocs\pertemuan5\system\View\View.php(214): include('C:\\xampp\\htdocs...')
#6 C:\xampp\htdocs\pertemuan5\system\View\View.php(217): CodeIgniter\View\View->CodeIgniter\View\{closure}()
#7 C:\xampp\htdocs\pertemuan5\system\Common.php(1092): CodeIgniter\View\View->render('tampilUser', Array, true)
#8 C:\xampp\htdocs\pertemuan5\app\Controllers\User.php(16): view('tampilUser', Array)
#9 C:\xampp\htdocs\pertemuan5\system\CodeIgniter.php(802): App\Controllers\User->index()
#10 C:\xampp\htdocs\pertemuan5\system\CodeIgniter.php(399): CodeIgniter\CodeIgniter->runController(Object(App\Controllers\User))
#11 C:\xampp\htdocs\pertemuan5\system\CodeIgniter.php(317): CodeIgniter\CodeIgniter->handleRequest(NULL, Object(Config\Cache), false)
#12 C:\xampp\htdocs\pertemuan5\public\index.php(37): CodeIgniter\CodeIgniter->run()
#13 {main}
CRITICAL - 2021-10-24 22:34:53 --> Undefined array key "status"
#0 C:\xampp\htdocs\pertemuan5\app\Views\layout\topbar.php(11): CodeIgniter\Debug\Exceptions->errorHandler(2, 'Undefined array...', 'C:\\xampp\\htdocs...', 11)
#1 C:\xampp\htdocs\pertemuan5\system\View\View.php(214): include('C:\\xampp\\htdocs...')
#2 C:\xampp\htdocs\pertemuan5\system\View\View.php(217): CodeIgniter\View\View->CodeIgniter\View\{closure}()
#3 C:\xampp\htdocs\pertemuan5\system\View\View.php(432): CodeIgniter\View\View->render('layout/topbar.p...', NULL, true)
#4 C:\xampp\htdocs\pertemuan5\app\Views\tampilUser.php(8): CodeIgniter\View\View->include('layout/topbar.p...')
#5 C:\xampp\htdocs\pertemuan5\system\View\View.php(214): include('C:\\xampp\\htdocs...')
#6 C:\xampp\htdocs\pertemuan5\system\View\View.php(217): CodeIgniter\View\View->CodeIgniter\View\{closure}()
#7 C:\xampp\htdocs\pertemuan5\system\Common.php(1092): CodeIgniter\View\View->render('tampilUser', Array, true)
#8 C:\xampp\htdocs\pertemuan5\app\Controllers\User.php(16): view('tampilUser', Array)
#9 C:\xampp\htdocs\pertemuan5\system\CodeIgniter.php(802): App\Controllers\User->index()
#10 C:\xampp\htdocs\pertemuan5\system\CodeIgniter.php(399): CodeIgniter\CodeIgniter->runController(Object(App\Controllers\User))
#11 C:\xampp\htdocs\pertemuan5\system\CodeIgniter.php(317): CodeIgniter\CodeIgniter->handleRequest(NULL, Object(Config\Cache), false)
#12 C:\xampp\htdocs\pertemuan5\public\index.php(37): CodeIgniter\CodeIgniter->run()
#13 {main}
CRITICAL - 2021-10-24 22:35:12 --> Undefined array key "status"
#0 C:\xampp\htdocs\pertemuan5\app\Views\layout\topbar.php(11): CodeIgniter\Debug\Exceptions->errorHandler(2, 'Undefined array...', 'C:\\xampp\\htdocs...', 11)
#1 C:\xampp\htdocs\pertemuan5\system\View\View.php(214): include('C:\\xampp\\htdocs...')
#2 C:\xampp\htdocs\pertemuan5\system\View\View.php(217): CodeIgniter\View\View->CodeIgniter\View\{closure}()
#3 C:\xampp\htdocs\pertemuan5\system\View\View.php(432): CodeIgniter\View\View->render('layout/topbar.p...', NULL, true)
#4 C:\xampp\htdocs\pertemuan5\app\Views\tampilUser.php(8): CodeIgniter\View\View->include('layout/topbar.p...')
#5 C:\xampp\htdocs\pertemuan5\system\View\View.php(214): include('C:\\xampp\\htdocs...')
#6 C:\xampp\htdocs\pertemuan5\system\View\View.php(217): CodeIgniter\View\View->CodeIgniter\View\{closure}()
#7 C:\xampp\htdocs\pertemuan5\system\Common.php(1092): CodeIgniter\View\View->render('tampilUser', Array, true)
#8 C:\xampp\htdocs\pertemuan5\app\Controllers\User.php(16): view('tampilUser', Array)
#9 C:\xampp\htdocs\pertemuan5\system\CodeIgniter.php(802): App\Controllers\User->index()
#10 C:\xampp\htdocs\pertemuan5\system\CodeIgniter.php(399): CodeIgniter\CodeIgniter->runController(Object(App\Controllers\User))
#11 C:\xampp\htdocs\pertemuan5\system\CodeIgniter.php(317): CodeIgniter\CodeIgniter->handleRequest(NULL, Object(Config\Cache), false)
#12 C:\xampp\htdocs\pertemuan5\public\index.php(37): CodeIgniter\CodeIgniter->run()
#13 {main}
CRITICAL - 2021-10-24 22:35:17 --> Undefined array key "status"
#0 C:\xampp\htdocs\pertemuan5\app\Views\layout\topbar.php(11): CodeIgniter\Debug\Exceptions->errorHandler(2, 'Undefined array...', 'C:\\xampp\\htdocs...', 11)
#1 C:\xampp\htdocs\pertemuan5\system\View\View.php(214): include('C:\\xampp\\htdocs...')
#2 C:\xampp\htdocs\pertemuan5\system\View\View.php(217): CodeIgniter\View\View->CodeIgniter\View\{closure}()
#3 C:\xampp\htdocs\pertemuan5\system\View\View.php(432): CodeIgniter\View\View->render('layout/topbar.p...', NULL, true)
#4 C:\xampp\htdocs\pertemuan5\app\Views\tampilUser.php(8): CodeIgniter\View\View->include('layout/topbar.p...')
#5 C:\xampp\htdocs\pertemuan5\system\View\View.php(214): include('C:\\xampp\\htdocs...')
#6 C:\xampp\htdocs\pertemuan5\system\View\View.php(217): CodeIgniter\View\View->CodeIgniter\View\{closure}()
#7 C:\xampp\htdocs\pertemuan5\system\Common.php(1092): CodeIgniter\View\View->render('tampilUser', Array, true)
#8 C:\xampp\htdocs\pertemuan5\app\Controllers\User.php(16): view('tampilUser', Array)
#9 C:\xampp\htdocs\pertemuan5\system\CodeIgniter.php(802): App\Controllers\User->index()
#10 C:\xampp\htdocs\pertemuan5\system\CodeIgniter.php(399): CodeIgniter\CodeIgniter->runController(Object(App\Controllers\User))
#11 C:\xampp\htdocs\pertemuan5\system\CodeIgniter.php(317): CodeIgniter\CodeIgniter->handleRequest(NULL, Object(Config\Cache), false)
#12 C:\xampp\htdocs\pertemuan5\public\index.php(37): CodeIgniter\CodeIgniter->run()
#13 {main}
CRITICAL - 2021-10-24 22:36:57 --> Undefined array key "status"
#0 C:\xampp\htdocs\pertemuan5\app\Views\layout\topbar.php(11): CodeIgniter\Debug\Exceptions->errorHandler(2, 'Undefined array...', 'C:\\xampp\\htdocs...', 11)
#1 C:\xampp\htdocs\pertemuan5\system\View\View.php(214): include('C:\\xampp\\htdocs...')
#2 C:\xampp\htdocs\pertemuan5\system\View\View.php(217): CodeIgniter\View\View->CodeIgniter\View\{closure}()
#3 C:\xampp\htdocs\pertemuan5\system\View\View.php(432): CodeIgniter\View\View->render('layout/topbar.p...', NULL, true)
#4 C:\xampp\htdocs\pertemuan5\app\Views\tampilUser.php(8): CodeIgniter\View\View->include('layout/topbar.p...')
#5 C:\xampp\htdocs\pertemuan5\system\View\View.php(214): include('C:\\xampp\\htdocs...')
#6 C:\xampp\htdocs\pertemuan5\system\View\View.php(217): CodeIgniter\View\View->CodeIgniter\View\{closure}()
#7 C:\xampp\htdocs\pertemuan5\system\Common.php(1092): CodeIgniter\View\View->render('tampilUser', Array, true)
#8 C:\xampp\htdocs\pertemuan5\app\Controllers\User.php(16): view('tampilUser', Array)
#9 C:\xampp\htdocs\pertemuan5\system\CodeIgniter.php(802): App\Controllers\User->index()
#10 C:\xampp\htdocs\pertemuan5\system\CodeIgniter.php(399): CodeIgniter\CodeIgniter->runController(Object(App\Controllers\User))
#11 C:\xampp\htdocs\pertemuan5\system\CodeIgniter.php(317): CodeIgniter\CodeIgniter->handleRequest(NULL, Object(Config\Cache), false)
#12 C:\xampp\htdocs\pertemuan5\public\index.php(37): CodeIgniter\CodeIgniter->run()
#13 {main}
CRITICAL - 2021-10-24 22:37:01 --> Undefined array key "status"
#0 C:\xampp\htdocs\pertemuan5\app\Views\layout\topbar.php(11): CodeIgniter\Debug\Exceptions->errorHandler(2, 'Undefined array...', 'C:\\xampp\\htdocs...', 11)
#1 C:\xampp\htdocs\pertemuan5\system\View\View.php(214): include('C:\\xampp\\htdocs...')
#2 C:\xampp\htdocs\pertemuan5\system\View\View.php(217): CodeIgniter\View\View->CodeIgniter\View\{closure}()
#3 C:\xampp\htdocs\pertemuan5\system\View\View.php(432): CodeIgniter\View\View->render('layout/topbar.p...', NULL, true)
#4 C:\xampp\htdocs\pertemuan5\app\Views\tampilUser.php(8): CodeIgniter\View\View->include('layout/topbar.p...')
#5 C:\xampp\htdocs\pertemuan5\system\View\View.php(214): include('C:\\xampp\\htdocs...')
#6 C:\xampp\htdocs\pertemuan5\system\View\View.php(217): CodeIgniter\View\View->CodeIgniter\View\{closure}()
#7 C:\xampp\htdocs\pertemuan5\system\Common.php(1092): CodeIgniter\View\View->render('tampilUser', Array, true)
#8 C:\xampp\htdocs\pertemuan5\app\Controllers\User.php(16): view('tampilUser', Array)
#9 C:\xampp\htdocs\pertemuan5\system\CodeIgniter.php(802): App\Controllers\User->index()
#10 C:\xampp\htdocs\pertemuan5\system\CodeIgniter.php(399): CodeIgniter\CodeIgniter->runController(Object(App\Controllers\User))
#11 C:\xampp\htdocs\pertemuan5\system\CodeIgniter.php(317): CodeIgniter\CodeIgniter->handleRequest(NULL, Object(Config\Cache), false)
#12 C:\xampp\htdocs\pertemuan5\public\index.php(37): CodeIgniter\CodeIgniter->run()
#13 {main}
CRITICAL - 2021-10-24 22:38:12 --> Undefined array key "status"
#0 C:\xampp\htdocs\pertemuan5\app\Views\layout\topbar.php(11): CodeIgniter\Debug\Exceptions->errorHandler(2, 'Undefined array...', 'C:\\xampp\\htdocs...', 11)
#1 C:\xampp\htdocs\pertemuan5\system\View\View.php(214): include('C:\\xampp\\htdocs...')
#2 C:\xampp\htdocs\pertemuan5\system\View\View.php(217): CodeIgniter\View\View->CodeIgniter\View\{closure}()
#3 C:\xampp\htdocs\pertemuan5\system\View\View.php(432): CodeIgniter\View\View->render('layout/topbar.p...', NULL, true)
#4 C:\xampp\htdocs\pertemuan5\app\Views\tampilUser.php(8): CodeIgniter\View\View->include('layout/topbar.p...')
#5 C:\xampp\htdocs\pertemuan5\system\View\View.php(214): include('C:\\xampp\\htdocs...')
#6 C:\xampp\htdocs\pertemuan5\system\View\View.php(217): CodeIgniter\View\View->CodeIgniter\View\{closure}()
#7 C:\xampp\htdocs\pertemuan5\system\Common.php(1092): CodeIgniter\View\View->render('tampilUser', Array, true)
#8 C:\xampp\htdocs\pertemuan5\app\Controllers\User.php(16): view('tampilUser', Array)
#9 C:\xampp\htdocs\pertemuan5\system\CodeIgniter.php(802): App\Controllers\User->index()
#10 C:\xampp\htdocs\pertemuan5\system\CodeIgniter.php(399): CodeIgniter\CodeIgniter->runController(Object(App\Controllers\User))
#11 C:\xampp\htdocs\pertemuan5\system\CodeIgniter.php(317): CodeIgniter\CodeIgniter->handleRequest(NULL, Object(Config\Cache), false)
#12 C:\xampp\htdocs\pertemuan5\public\index.php(37): CodeIgniter\CodeIgniter->run()
#13 {main}
CRITICAL - 2021-10-24 22:39:20 --> Undefined variable $_SESSION
#0 C:\xampp\htdocs\pertemuan5\app\Views\layout\topbar.php(17): CodeIgniter\Debug\Exceptions->errorHandler(2, 'Undefined varia...', 'C:\\xampp\\htdocs...', 17)
#1 C:\xampp\htdocs\pertemuan5\system\View\View.php(214): include('C:\\xampp\\htdocs...')
#2 C:\xampp\htdocs\pertemuan5\system\View\View.php(217): CodeIgniter\View\View->CodeIgniter\View\{closure}()
#3 C:\xampp\htdocs\pertemuan5\system\View\View.php(432): CodeIgniter\View\View->render('layout/topbar.p...', NULL, true)
#4 C:\xampp\htdocs\pertemuan5\app\Views\tampilUser.php(8): CodeIgniter\View\View->include('layout/topbar.p...')
#5 C:\xampp\htdocs\pertemuan5\system\View\View.php(214): include('C:\\xampp\\htdocs...')
#6 C:\xampp\htdocs\pertemuan5\system\View\View.php(217): CodeIgniter\View\View->CodeIgniter\View\{closure}()
#7 C:\xampp\htdocs\pertemuan5\system\Common.php(1092): CodeIgniter\View\View->render('tampilUser', Array, true)
#8 C:\xampp\htdocs\pertemuan5\app\Controllers\User.php(16): view('tampilUser', Array)
#9 C:\xampp\htdocs\pertemuan5\system\CodeIgniter.php(802): App\Controllers\User->index()
#10 C:\xampp\htdocs\pertemuan5\system\CodeIgniter.php(399): CodeIgniter\CodeIgniter->runController(Object(App\Controllers\User))
#11 C:\xampp\htdocs\pertemuan5\system\CodeIgniter.php(317): CodeIgniter\CodeIgniter->handleRequest(NULL, Object(Config\Cache), false)
#12 C:\xampp\htdocs\pertemuan5\public\index.php(37): CodeIgniter\CodeIgniter->run()
#13 {main}
CRITICAL - 2021-10-24 22:45:12 --> View themes, no current section.
#0 C:\xampp\htdocs\pertemuan5\app\Views\tampilUser.php(75): CodeIgniter\View\View->endSection()
#1 C:\xampp\htdocs\pertemuan5\system\View\View.php(214): include('C:\\xampp\\htdocs...')
#2 C:\xampp\htdocs\pertemuan5\system\View\View.php(217): CodeIgniter\View\View->CodeIgniter\View\{closure}()
#3 C:\xampp\htdocs\pertemuan5\system\Common.php(1092): CodeIgniter\View\View->render('tampilUser', Array, true)
#4 C:\xampp\htdocs\pertemuan5\app\Controllers\User.php(16): view('tampilUser', Array)
#5 C:\xampp\htdocs\pertemuan5\system\CodeIgniter.php(802): App\Controllers\User->index()
#6 C:\xampp\htdocs\pertemuan5\system\CodeIgniter.php(399): CodeIgniter\CodeIgniter->runController(Object(App\Controllers\User))
#7 C:\xampp\htdocs\pertemuan5\system\CodeIgniter.php(317): CodeIgniter\CodeIgniter->handleRequest(NULL, Object(Config\Cache), false)
#8 C:\xampp\htdocs\pertemuan5\public\index.php(37): CodeIgniter\CodeIgniter->run()
#9 {main}
