CRITICAL - 2021-12-11 23:24:09 --> Invalid file: admin_makanan.php
#0 C:\xampp\htdocs\pertemuan5\system\View\View.php(198): CodeIgniter\Exceptions\FrameworkException::forInvalidFile('admin_makanan.p...')
#1 C:\xampp\htdocs\pertemuan5\system\Common.php(1092): CodeIgniter\View\View->render('admin_makanan', Array, true)
#2 C:\xampp\htdocs\pertemuan5\app\Controllers\login.php(31): view('admin_makanan')
#3 C:\xampp\htdocs\pertemuan5\system\CodeIgniter.php(802): App\Controllers\login->auth()
#4 C:\xampp\htdocs\pertemuan5\system\CodeIgniter.php(399): CodeIgniter\CodeIgniter->runController(Object(App\Controllers\login))
#5 C:\xampp\htdocs\pertemuan5\system\CodeIgniter.php(317): CodeIgniter\CodeIgniter->handleRequest(NULL, Object(Config\Cache), false)
#6 C:\xampp\htdocs\pertemuan5\public\index.php(37): CodeIgniter\CodeIgniter->run()
#7 {main}
CRITICAL - 2021-12-11 23:48:28 --> Undefined variable $kon
#0 C:\xampp\htdocs\pertemuan5\app\Views\home.php(234): CodeIgniter\Debug\Exceptions->errorHandler(2, 'Undefined varia...', 'C:\\xampp\\htdocs...', 234)
#1 C:\xampp\htdocs\pertemuan5\system\View\View.php(214): include('C:\\xampp\\htdocs...')
#2 C:\xampp\htdocs\pertemuan5\system\View\View.php(217): CodeIgniter\View\View->CodeIgniter\View\{closure}()
#3 C:\xampp\htdocs\pertemuan5\system\Common.php(1092): CodeIgniter\View\View->render('home', Array, true)
#4 C:\xampp\htdocs\pertemuan5\app\Controllers\bahan.php(21): view('home')
#5 C:\xampp\htdocs\pertemuan5\system\CodeIgniter.php(802): App\Controllers\Bahan->home()
#6 C:\xampp\htdocs\pertemuan5\system\CodeIgniter.php(399): CodeIgniter\CodeIgniter->runController(Object(App\Controllers\Bahan))
#7 C:\xampp\htdocs\pertemuan5\system\CodeIgniter.php(317): CodeIgniter\CodeIgniter->handleRequest(NULL, Object(Config\Cache), false)
#8 C:\xampp\htdocs\pertemuan5\public\index.php(37): CodeIgniter\CodeIgniter->run()
#9 {main}
