CRITICAL - 2022-10-21 21:11:42 --> Cannot use object of type mysqli as array
#0 C:\xampp\htdocs\pengaduan\system\View\View.php(214): include()
#1 C:\xampp\htdocs\pengaduan\system\View\View.php(217): CodeIgniter\View\View->CodeIgniter\View\{closure}()
#2 C:\xampp\htdocs\pengaduan\system\Common.php(1092): CodeIgniter\View\View->render('home', Array, true)
#3 C:\xampp\htdocs\pengaduan\app\Controllers\Home.php(28): view('home', Array)
#4 C:\xampp\htdocs\pengaduan\system\CodeIgniter.php(802): App\Controllers\Home->index()
#5 C:\xampp\htdocs\pengaduan\system\CodeIgniter.php(399): CodeIgniter\CodeIgniter->runController(Object(App\Controllers\Home))
#6 C:\xampp\htdocs\pengaduan\system\CodeIgniter.php(317): CodeIgniter\CodeIgniter->handleRequest(NULL, Object(Config\Cache), false)
#7 C:\xampp\htdocs\pengaduan\public\index.php(37): CodeIgniter\CodeIgniter->run()
#8 {main}
CRITICAL - 2022-10-21 21:11:49 --> Cannot use object of type mysqli as array
#0 C:\xampp\htdocs\pengaduan\system\View\View.php(214): include()
#1 C:\xampp\htdocs\pengaduan\system\View\View.php(217): CodeIgniter\View\View->CodeIgniter\View\{closure}()
#2 C:\xampp\htdocs\pengaduan\system\Common.php(1092): CodeIgniter\View\View->render('home', Array, true)
#3 C:\xampp\htdocs\pengaduan\app\Controllers\Home.php(28): view('home', Array)
#4 C:\xampp\htdocs\pengaduan\system\CodeIgniter.php(802): App\Controllers\Home->index()
#5 C:\xampp\htdocs\pengaduan\system\CodeIgniter.php(399): CodeIgniter\CodeIgniter->runController(Object(App\Controllers\Home))
#6 C:\xampp\htdocs\pengaduan\system\CodeIgniter.php(317): CodeIgniter\CodeIgniter->handleRequest(NULL, Object(Config\Cache), false)
#7 C:\xampp\htdocs\pengaduan\public\index.php(37): CodeIgniter\CodeIgniter->run()
#8 {main}
CRITICAL - 2022-10-21 21:11:52 --> Cannot use object of type mysqli as array
#0 C:\xampp\htdocs\pengaduan\system\View\View.php(214): include()
#1 C:\xampp\htdocs\pengaduan\system\View\View.php(217): CodeIgniter\View\View->CodeIgniter\View\{closure}()
#2 C:\xampp\htdocs\pengaduan\system\Common.php(1092): CodeIgniter\View\View->render('home', Array, true)
#3 C:\xampp\htdocs\pengaduan\app\Controllers\Home.php(28): view('home', Array)
#4 C:\xampp\htdocs\pengaduan\system\CodeIgniter.php(802): App\Controllers\Home->index()
#5 C:\xampp\htdocs\pengaduan\system\CodeIgniter.php(399): CodeIgniter\CodeIgniter->runController(Object(App\Controllers\Home))
#6 C:\xampp\htdocs\pengaduan\system\CodeIgniter.php(317): CodeIgniter\CodeIgniter->handleRequest(NULL, Object(Config\Cache), false)
#7 C:\xampp\htdocs\pengaduan\public\index.php(37): CodeIgniter\CodeIgniter->run()
#8 {main}
CRITICAL - 2022-10-21 21:12:04 --> Cannot use object of type mysqli as array
#0 C:\xampp\htdocs\pengaduan\system\View\View.php(214): include()
#1 C:\xampp\htdocs\pengaduan\system\View\View.php(217): CodeIgniter\View\View->CodeIgniter\View\{closure}()
#2 C:\xampp\htdocs\pengaduan\system\Common.php(1092): CodeIgniter\View\View->render('home', Array, true)
#3 C:\xampp\htdocs\pengaduan\app\Controllers\Home.php(28): view('home', Array)
#4 C:\xampp\htdocs\pengaduan\system\CodeIgniter.php(802): App\Controllers\Home->index()
#5 C:\xampp\htdocs\pengaduan\system\CodeIgniter.php(399): CodeIgniter\CodeIgniter->runController(Object(App\Controllers\Home))
#6 C:\xampp\htdocs\pengaduan\system\CodeIgniter.php(317): CodeIgniter\CodeIgniter->handleRequest(NULL, Object(Config\Cache), false)
#7 C:\xampp\htdocs\pengaduan\public\index.php(37): CodeIgniter\CodeIgniter->run()
#8 {main}
CRITICAL - 2022-10-21 21:12:23 --> Invalid argument supplied for foreach()
#0 C:\xampp\htdocs\pengaduan\app\Views\home.php(93): CodeIgniter\Debug\Exceptions->errorHandler(2, 'Invalid argumen...', 'C:\\xampp\\htdocs...', 93, Array)
#1 C:\xampp\htdocs\pengaduan\system\View\View.php(214): include('C:\\xampp\\htdocs...')
#2 C:\xampp\htdocs\pengaduan\system\View\View.php(217): CodeIgniter\View\View->CodeIgniter\View\{closure}()
#3 C:\xampp\htdocs\pengaduan\system\Common.php(1092): CodeIgniter\View\View->render('home', Array, true)
#4 C:\xampp\htdocs\pengaduan\app\Controllers\Home.php(28): view('home', Array)
#5 C:\xampp\htdocs\pengaduan\system\CodeIgniter.php(802): App\Controllers\Home->index()
#6 C:\xampp\htdocs\pengaduan\system\CodeIgniter.php(399): CodeIgniter\CodeIgniter->runController(Object(App\Controllers\Home))
#7 C:\xampp\htdocs\pengaduan\system\CodeIgniter.php(317): CodeIgniter\CodeIgniter->handleRequest(NULL, Object(Config\Cache), false)
#8 C:\xampp\htdocs\pengaduan\public\index.php(37): CodeIgniter\CodeIgniter->run()
#9 {main}
CRITICAL - 2022-10-21 21:12:24 --> Invalid argument supplied for foreach()
#0 C:\xampp\htdocs\pengaduan\app\Views\home.php(93): CodeIgniter\Debug\Exceptions->errorHandler(2, 'Invalid argumen...', 'C:\\xampp\\htdocs...', 93, Array)
#1 C:\xampp\htdocs\pengaduan\system\View\View.php(214): include('C:\\xampp\\htdocs...')
#2 C:\xampp\htdocs\pengaduan\system\View\View.php(217): CodeIgniter\View\View->CodeIgniter\View\{closure}()
#3 C:\xampp\htdocs\pengaduan\system\Common.php(1092): CodeIgniter\View\View->render('home', Array, true)
#4 C:\xampp\htdocs\pengaduan\app\Controllers\Home.php(28): view('home', Array)
#5 C:\xampp\htdocs\pengaduan\system\CodeIgniter.php(802): App\Controllers\Home->index()
#6 C:\xampp\htdocs\pengaduan\system\CodeIgniter.php(399): CodeIgniter\CodeIgniter->runController(Object(App\Controllers\Home))
#7 C:\xampp\htdocs\pengaduan\system\CodeIgniter.php(317): CodeIgniter\CodeIgniter->handleRequest(NULL, Object(Config\Cache), false)
#8 C:\xampp\htdocs\pengaduan\public\index.php(37): CodeIgniter\CodeIgniter->run()
#9 {main}
CRITICAL - 2022-10-21 21:12:25 --> Invalid argument supplied for foreach()
#0 C:\xampp\htdocs\pengaduan\app\Views\home.php(93): CodeIgniter\Debug\Exceptions->errorHandler(2, 'Invalid argumen...', 'C:\\xampp\\htdocs...', 93, Array)
#1 C:\xampp\htdocs\pengaduan\system\View\View.php(214): include('C:\\xampp\\htdocs...')
#2 C:\xampp\htdocs\pengaduan\system\View\View.php(217): CodeIgniter\View\View->CodeIgniter\View\{closure}()
#3 C:\xampp\htdocs\pengaduan\system\Common.php(1092): CodeIgniter\View\View->render('home', Array, true)
#4 C:\xampp\htdocs\pengaduan\app\Controllers\Home.php(28): view('home', Array)
#5 C:\xampp\htdocs\pengaduan\system\CodeIgniter.php(802): App\Controllers\Home->index()
#6 C:\xampp\htdocs\pengaduan\system\CodeIgniter.php(399): CodeIgniter\CodeIgniter->runController(Object(App\Controllers\Home))
#7 C:\xampp\htdocs\pengaduan\system\CodeIgniter.php(317): CodeIgniter\CodeIgniter->handleRequest(NULL, Object(Config\Cache), false)
#8 C:\xampp\htdocs\pengaduan\public\index.php(37): CodeIgniter\CodeIgniter->run()
#9 {main}
CRITICAL - 2022-10-21 21:12:25 --> Invalid argument supplied for foreach()
#0 C:\xampp\htdocs\pengaduan\app\Views\home.php(93): CodeIgniter\Debug\Exceptions->errorHandler(2, 'Invalid argumen...', 'C:\\xampp\\htdocs...', 93, Array)
#1 C:\xampp\htdocs\pengaduan\system\View\View.php(214): include('C:\\xampp\\htdocs...')
#2 C:\xampp\htdocs\pengaduan\system\View\View.php(217): CodeIgniter\View\View->CodeIgniter\View\{closure}()
#3 C:\xampp\htdocs\pengaduan\system\Common.php(1092): CodeIgniter\View\View->render('home', Array, true)
#4 C:\xampp\htdocs\pengaduan\app\Controllers\Home.php(28): view('home', Array)
#5 C:\xampp\htdocs\pengaduan\system\CodeIgniter.php(802): App\Controllers\Home->index()
#6 C:\xampp\htdocs\pengaduan\system\CodeIgniter.php(399): CodeIgniter\CodeIgniter->runController(Object(App\Controllers\Home))
#7 C:\xampp\htdocs\pengaduan\system\CodeIgniter.php(317): CodeIgniter\CodeIgniter->handleRequest(NULL, Object(Config\Cache), false)
#8 C:\xampp\htdocs\pengaduan\public\index.php(37): CodeIgniter\CodeIgniter->run()
#9 {main}
CRITICAL - 2022-10-21 21:12:26 --> Invalid argument supplied for foreach()
#0 C:\xampp\htdocs\pengaduan\app\Views\home.php(93): CodeIgniter\Debug\Exceptions->errorHandler(2, 'Invalid argumen...', 'C:\\xampp\\htdocs...', 93, Array)
#1 C:\xampp\htdocs\pengaduan\system\View\View.php(214): include('C:\\xampp\\htdocs...')
#2 C:\xampp\htdocs\pengaduan\system\View\View.php(217): CodeIgniter\View\View->CodeIgniter\View\{closure}()
#3 C:\xampp\htdocs\pengaduan\system\Common.php(1092): CodeIgniter\View\View->render('home', Array, true)
#4 C:\xampp\htdocs\pengaduan\app\Controllers\Home.php(28): view('home', Array)
#5 C:\xampp\htdocs\pengaduan\system\CodeIgniter.php(802): App\Controllers\Home->index()
#6 C:\xampp\htdocs\pengaduan\system\CodeIgniter.php(399): CodeIgniter\CodeIgniter->runController(Object(App\Controllers\Home))
#7 C:\xampp\htdocs\pengaduan\system\CodeIgniter.php(317): CodeIgniter\CodeIgniter->handleRequest(NULL, Object(Config\Cache), false)
#8 C:\xampp\htdocs\pengaduan\public\index.php(37): CodeIgniter\CodeIgniter->run()
#9 {main}
CRITICAL - 2022-10-21 21:12:27 --> Invalid argument supplied for foreach()
#0 C:\xampp\htdocs\pengaduan\app\Views\home.php(93): CodeIgniter\Debug\Exceptions->errorHandler(2, 'Invalid argumen...', 'C:\\xampp\\htdocs...', 93, Array)
#1 C:\xampp\htdocs\pengaduan\system\View\View.php(214): include('C:\\xampp\\htdocs...')
#2 C:\xampp\htdocs\pengaduan\system\View\View.php(217): CodeIgniter\View\View->CodeIgniter\View\{closure}()
#3 C:\xampp\htdocs\pengaduan\system\Common.php(1092): CodeIgniter\View\View->render('home', Array, true)
#4 C:\xampp\htdocs\pengaduan\app\Controllers\Home.php(28): view('home', Array)
#5 C:\xampp\htdocs\pengaduan\system\CodeIgniter.php(802): App\Controllers\Home->index()
#6 C:\xampp\htdocs\pengaduan\system\CodeIgniter.php(399): CodeIgniter\CodeIgniter->runController(Object(App\Controllers\Home))
#7 C:\xampp\htdocs\pengaduan\system\CodeIgniter.php(317): CodeIgniter\CodeIgniter->handleRequest(NULL, Object(Config\Cache), false)
#8 C:\xampp\htdocs\pengaduan\public\index.php(37): CodeIgniter\CodeIgniter->run()
#9 {main}
CRITICAL - 2022-10-21 21:12:27 --> Invalid argument supplied for foreach()
#0 C:\xampp\htdocs\pengaduan\app\Views\home.php(93): CodeIgniter\Debug\Exceptions->errorHandler(2, 'Invalid argumen...', 'C:\\xampp\\htdocs...', 93, Array)
#1 C:\xampp\htdocs\pengaduan\system\View\View.php(214): include('C:\\xampp\\htdocs...')
#2 C:\xampp\htdocs\pengaduan\system\View\View.php(217): CodeIgniter\View\View->CodeIgniter\View\{closure}()
#3 C:\xampp\htdocs\pengaduan\system\Common.php(1092): CodeIgniter\View\View->render('home', Array, true)
#4 C:\xampp\htdocs\pengaduan\app\Controllers\Home.php(28): view('home', Array)
#5 C:\xampp\htdocs\pengaduan\system\CodeIgniter.php(802): App\Controllers\Home->index()
#6 C:\xampp\htdocs\pengaduan\system\CodeIgniter.php(399): CodeIgniter\CodeIgniter->runController(Object(App\Controllers\Home))
#7 C:\xampp\htdocs\pengaduan\system\CodeIgniter.php(317): CodeIgniter\CodeIgniter->handleRequest(NULL, Object(Config\Cache), false)
#8 C:\xampp\htdocs\pengaduan\public\index.php(37): CodeIgniter\CodeIgniter->run()
#9 {main}
CRITICAL - 2022-10-21 21:12:28 --> Invalid argument supplied for foreach()
#0 C:\xampp\htdocs\pengaduan\app\Views\home.php(93): CodeIgniter\Debug\Exceptions->errorHandler(2, 'Invalid argumen...', 'C:\\xampp\\htdocs...', 93, Array)
#1 C:\xampp\htdocs\pengaduan\system\View\View.php(214): include('C:\\xampp\\htdocs...')
#2 C:\xampp\htdocs\pengaduan\system\View\View.php(217): CodeIgniter\View\View->CodeIgniter\View\{closure}()
#3 C:\xampp\htdocs\pengaduan\system\Common.php(1092): CodeIgniter\View\View->render('home', Array, true)
#4 C:\xampp\htdocs\pengaduan\app\Controllers\Home.php(28): view('home', Array)
#5 C:\xampp\htdocs\pengaduan\system\CodeIgniter.php(802): App\Controllers\Home->index()
#6 C:\xampp\htdocs\pengaduan\system\CodeIgniter.php(399): CodeIgniter\CodeIgniter->runController(Object(App\Controllers\Home))
#7 C:\xampp\htdocs\pengaduan\system\CodeIgniter.php(317): CodeIgniter\CodeIgniter->handleRequest(NULL, Object(Config\Cache), false)
#8 C:\xampp\htdocs\pengaduan\public\index.php(37): CodeIgniter\CodeIgniter->run()
#9 {main}
CRITICAL - 2022-10-21 21:13:02 --> Cannot use object of type mysqli as array
#0 C:\xampp\htdocs\pengaduan\system\View\View.php(214): include()
#1 C:\xampp\htdocs\pengaduan\system\View\View.php(217): CodeIgniter\View\View->CodeIgniter\View\{closure}()
#2 C:\xampp\htdocs\pengaduan\system\Common.php(1092): CodeIgniter\View\View->render('home', Array, true)
#3 C:\xampp\htdocs\pengaduan\app\Controllers\Home.php(26): view('home', Array)
#4 C:\xampp\htdocs\pengaduan\system\CodeIgniter.php(802): App\Controllers\Home->index()
#5 C:\xampp\htdocs\pengaduan\system\CodeIgniter.php(399): CodeIgniter\CodeIgniter->runController(Object(App\Controllers\Home))
#6 C:\xampp\htdocs\pengaduan\system\CodeIgniter.php(317): CodeIgniter\CodeIgniter->handleRequest(NULL, Object(Config\Cache), false)
#7 C:\xampp\htdocs\pengaduan\public\index.php(37): CodeIgniter\CodeIgniter->run()
#8 {main}
CRITICAL - 2022-10-21 21:13:50 --> Cannot use object of type mysqli as array
#0 C:\xampp\htdocs\pengaduan\system\View\View.php(214): include()
#1 C:\xampp\htdocs\pengaduan\system\View\View.php(217): CodeIgniter\View\View->CodeIgniter\View\{closure}()
#2 C:\xampp\htdocs\pengaduan\system\Common.php(1092): CodeIgniter\View\View->render('home', Array, true)
#3 C:\xampp\htdocs\pengaduan\app\Controllers\Home.php(26): view('home', Array)
#4 C:\xampp\htdocs\pengaduan\system\CodeIgniter.php(802): App\Controllers\Home->index()
#5 C:\xampp\htdocs\pengaduan\system\CodeIgniter.php(399): CodeIgniter\CodeIgniter->runController(Object(App\Controllers\Home))
#6 C:\xampp\htdocs\pengaduan\system\CodeIgniter.php(317): CodeIgniter\CodeIgniter->handleRequest(NULL, Object(Config\Cache), false)
#7 C:\xampp\htdocs\pengaduan\public\index.php(37): CodeIgniter\CodeIgniter->run()
#8 {main}
CRITICAL - 2022-10-21 21:15:20 --> Cannot use object of type mysqli as array
#0 C:\xampp\htdocs\pengaduan\system\View\View.php(214): include()
#1 C:\xampp\htdocs\pengaduan\system\View\View.php(217): CodeIgniter\View\View->CodeIgniter\View\{closure}()
#2 C:\xampp\htdocs\pengaduan\system\Common.php(1092): CodeIgniter\View\View->render('home', Array, true)
#3 C:\xampp\htdocs\pengaduan\app\Controllers\Home.php(26): view('home', Array)
#4 C:\xampp\htdocs\pengaduan\system\CodeIgniter.php(802): App\Controllers\Home->index()
#5 C:\xampp\htdocs\pengaduan\system\CodeIgniter.php(399): CodeIgniter\CodeIgniter->runController(Object(App\Controllers\Home))
#6 C:\xampp\htdocs\pengaduan\system\CodeIgniter.php(317): CodeIgniter\CodeIgniter->handleRequest(NULL, Object(Config\Cache), false)
#7 C:\xampp\htdocs\pengaduan\public\index.php(37): CodeIgniter\CodeIgniter->run()
#8 {main}
CRITICAL - 2022-10-21 21:16:40 --> Cannot use object of type mysqli as array
#0 C:\xampp\htdocs\pengaduan\system\View\View.php(214): include()
#1 C:\xampp\htdocs\pengaduan\system\View\View.php(217): CodeIgniter\View\View->CodeIgniter\View\{closure}()
#2 C:\xampp\htdocs\pengaduan\system\Common.php(1092): CodeIgniter\View\View->render('home', Array, true)
#3 C:\xampp\htdocs\pengaduan\app\Controllers\Home.php(26): view('home', Array)
#4 C:\xampp\htdocs\pengaduan\system\CodeIgniter.php(802): App\Controllers\Home->index()
#5 C:\xampp\htdocs\pengaduan\system\CodeIgniter.php(399): CodeIgniter\CodeIgniter->runController(Object(App\Controllers\Home))
#6 C:\xampp\htdocs\pengaduan\system\CodeIgniter.php(317): CodeIgniter\CodeIgniter->handleRequest(NULL, Object(Config\Cache), false)
#7 C:\xampp\htdocs\pengaduan\public\index.php(37): CodeIgniter\CodeIgniter->run()
#8 {main}
CRITICAL - 2022-10-21 21:18:19 --> Cannot use object of type mysqli as array
#0 C:\xampp\htdocs\pengaduan\system\View\View.php(214): include()
#1 C:\xampp\htdocs\pengaduan\system\View\View.php(217): CodeIgniter\View\View->CodeIgniter\View\{closure}()
#2 C:\xampp\htdocs\pengaduan\system\Common.php(1092): CodeIgniter\View\View->render('home', Array, true)
#3 C:\xampp\htdocs\pengaduan\app\Controllers\Home.php(26): view('home', Array)
#4 C:\xampp\htdocs\pengaduan\system\CodeIgniter.php(802): App\Controllers\Home->index()
#5 C:\xampp\htdocs\pengaduan\system\CodeIgniter.php(399): CodeIgniter\CodeIgniter->runController(Object(App\Controllers\Home))
#6 C:\xampp\htdocs\pengaduan\system\CodeIgniter.php(317): CodeIgniter\CodeIgniter->handleRequest(NULL, Object(Config\Cache), false)
#7 C:\xampp\htdocs\pengaduan\public\index.php(37): CodeIgniter\CodeIgniter->run()
#8 {main}
CRITICAL - 2022-10-21 21:18:21 --> Cannot use object of type mysqli as array
#0 C:\xampp\htdocs\pengaduan\system\View\View.php(214): include()
#1 C:\xampp\htdocs\pengaduan\system\View\View.php(217): CodeIgniter\View\View->CodeIgniter\View\{closure}()
#2 C:\xampp\htdocs\pengaduan\system\Common.php(1092): CodeIgniter\View\View->render('home', Array, true)
#3 C:\xampp\htdocs\pengaduan\app\Controllers\Home.php(26): view('home', Array)
#4 C:\xampp\htdocs\pengaduan\system\CodeIgniter.php(802): App\Controllers\Home->index()
#5 C:\xampp\htdocs\pengaduan\system\CodeIgniter.php(399): CodeIgniter\CodeIgniter->runController(Object(App\Controllers\Home))
#6 C:\xampp\htdocs\pengaduan\system\CodeIgniter.php(317): CodeIgniter\CodeIgniter->handleRequest(NULL, Object(Config\Cache), false)
#7 C:\xampp\htdocs\pengaduan\public\index.php(37): CodeIgniter\CodeIgniter->run()
#8 {main}
CRITICAL - 2022-10-21 21:18:22 --> Cannot use object of type mysqli as array
#0 C:\xampp\htdocs\pengaduan\system\View\View.php(214): include()
#1 C:\xampp\htdocs\pengaduan\system\View\View.php(217): CodeIgniter\View\View->CodeIgniter\View\{closure}()
#2 C:\xampp\htdocs\pengaduan\system\Common.php(1092): CodeIgniter\View\View->render('home', Array, true)
#3 C:\xampp\htdocs\pengaduan\app\Controllers\Home.php(26): view('home', Array)
#4 C:\xampp\htdocs\pengaduan\system\CodeIgniter.php(802): App\Controllers\Home->index()
#5 C:\xampp\htdocs\pengaduan\system\CodeIgniter.php(399): CodeIgniter\CodeIgniter->runController(Object(App\Controllers\Home))
#6 C:\xampp\htdocs\pengaduan\system\CodeIgniter.php(317): CodeIgniter\CodeIgniter->handleRequest(NULL, Object(Config\Cache), false)
#7 C:\xampp\htdocs\pengaduan\public\index.php(37): CodeIgniter\CodeIgniter->run()
#8 {main}
CRITICAL - 2022-10-21 21:19:49 --> Cannot use object of type stdClass as array
#0 C:\xampp\htdocs\pengaduan\system\View\View.php(214): include()
#1 C:\xampp\htdocs\pengaduan\system\View\View.php(217): CodeIgniter\View\View->CodeIgniter\View\{closure}()
#2 C:\xampp\htdocs\pengaduan\system\Common.php(1092): CodeIgniter\View\View->render('home', Array, true)
#3 C:\xampp\htdocs\pengaduan\app\Controllers\Home.php(26): view('home', Array)
#4 C:\xampp\htdocs\pengaduan\system\CodeIgniter.php(802): App\Controllers\Home->index()
#5 C:\xampp\htdocs\pengaduan\system\CodeIgniter.php(399): CodeIgniter\CodeIgniter->runController(Object(App\Controllers\Home))
#6 C:\xampp\htdocs\pengaduan\system\CodeIgniter.php(317): CodeIgniter\CodeIgniter->handleRequest(NULL, Object(Config\Cache), false)
#7 C:\xampp\htdocs\pengaduan\public\index.php(37): CodeIgniter\CodeIgniter->run()
#8 {main}
CRITICAL - 2022-10-21 21:19:52 --> Cannot use object of type stdClass as array
#0 C:\xampp\htdocs\pengaduan\system\View\View.php(214): include()
#1 C:\xampp\htdocs\pengaduan\system\View\View.php(217): CodeIgniter\View\View->CodeIgniter\View\{closure}()
#2 C:\xampp\htdocs\pengaduan\system\Common.php(1092): CodeIgniter\View\View->render('home', Array, true)
#3 C:\xampp\htdocs\pengaduan\app\Controllers\Home.php(26): view('home', Array)
#4 C:\xampp\htdocs\pengaduan\system\CodeIgniter.php(802): App\Controllers\Home->index()
#5 C:\xampp\htdocs\pengaduan\system\CodeIgniter.php(399): CodeIgniter\CodeIgniter->runController(Object(App\Controllers\Home))
#6 C:\xampp\htdocs\pengaduan\system\CodeIgniter.php(317): CodeIgniter\CodeIgniter->handleRequest(NULL, Object(Config\Cache), false)
#7 C:\xampp\htdocs\pengaduan\public\index.php(37): CodeIgniter\CodeIgniter->run()
#8 {main}
CRITICAL - 2022-10-21 21:19:54 --> Cannot use object of type stdClass as array
#0 C:\xampp\htdocs\pengaduan\system\View\View.php(214): include()
#1 C:\xampp\htdocs\pengaduan\system\View\View.php(217): CodeIgniter\View\View->CodeIgniter\View\{closure}()
#2 C:\xampp\htdocs\pengaduan\system\Common.php(1092): CodeIgniter\View\View->render('home', Array, true)
#3 C:\xampp\htdocs\pengaduan\app\Controllers\Home.php(26): view('home', Array)
#4 C:\xampp\htdocs\pengaduan\system\CodeIgniter.php(802): App\Controllers\Home->index()
#5 C:\xampp\htdocs\pengaduan\system\CodeIgniter.php(399): CodeIgniter\CodeIgniter->runController(Object(App\Controllers\Home))
#6 C:\xampp\htdocs\pengaduan\system\CodeIgniter.php(317): CodeIgniter\CodeIgniter->handleRequest(NULL, Object(Config\Cache), false)
#7 C:\xampp\htdocs\pengaduan\public\index.php(37): CodeIgniter\CodeIgniter->run()
#8 {main}
CRITICAL - 2022-10-21 21:20:08 --> Cannot use object of type mysqli as array
#0 C:\xampp\htdocs\pengaduan\system\View\View.php(214): include()
#1 C:\xampp\htdocs\pengaduan\system\View\View.php(217): CodeIgniter\View\View->CodeIgniter\View\{closure}()
#2 C:\xampp\htdocs\pengaduan\system\Common.php(1092): CodeIgniter\View\View->render('home', Array, true)
#3 C:\xampp\htdocs\pengaduan\app\Controllers\Home.php(26): view('home', Array)
#4 C:\xampp\htdocs\pengaduan\system\CodeIgniter.php(802): App\Controllers\Home->index()
#5 C:\xampp\htdocs\pengaduan\system\CodeIgniter.php(399): CodeIgniter\CodeIgniter->runController(Object(App\Controllers\Home))
#6 C:\xampp\htdocs\pengaduan\system\CodeIgniter.php(317): CodeIgniter\CodeIgniter->handleRequest(NULL, Object(Config\Cache), false)
#7 C:\xampp\htdocs\pengaduan\public\index.php(37): CodeIgniter\CodeIgniter->run()
#8 {main}
CRITICAL - 2022-10-21 21:20:26 --> Cannot use object of type stdClass as array
#0 C:\xampp\htdocs\pengaduan\system\View\View.php(214): include()
#1 C:\xampp\htdocs\pengaduan\system\View\View.php(217): CodeIgniter\View\View->CodeIgniter\View\{closure}()
#2 C:\xampp\htdocs\pengaduan\system\Common.php(1092): CodeIgniter\View\View->render('home', Array, true)
#3 C:\xampp\htdocs\pengaduan\app\Controllers\Home.php(26): view('home', Array)
#4 C:\xampp\htdocs\pengaduan\system\CodeIgniter.php(802): App\Controllers\Home->index()
#5 C:\xampp\htdocs\pengaduan\system\CodeIgniter.php(399): CodeIgniter\CodeIgniter->runController(Object(App\Controllers\Home))
#6 C:\xampp\htdocs\pengaduan\system\CodeIgniter.php(317): CodeIgniter\CodeIgniter->handleRequest(NULL, Object(Config\Cache), false)
#7 C:\xampp\htdocs\pengaduan\public\index.php(37): CodeIgniter\CodeIgniter->run()
#8 {main}
CRITICAL - 2022-10-21 21:24:18 --> Undefined property: App\Controllers\Home::$db
#0 C:\xampp\htdocs\pengaduan\app\Controllers\Home.php(19): CodeIgniter\Debug\Exceptions->errorHandler(8, 'Undefined prope...', 'C:\\xampp\\htdocs...', 19, Array)
#1 C:\xampp\htdocs\pengaduan\system\CodeIgniter.php(802): App\Controllers\Home->index()
#2 C:\xampp\htdocs\pengaduan\system\CodeIgniter.php(399): CodeIgniter\CodeIgniter->runController(Object(App\Controllers\Home))
#3 C:\xampp\htdocs\pengaduan\system\CodeIgniter.php(317): CodeIgniter\CodeIgniter->handleRequest(NULL, Object(Config\Cache), false)
#4 C:\xampp\htdocs\pengaduan\public\index.php(37): CodeIgniter\CodeIgniter->run()
#5 {main}
CRITICAL - 2022-10-21 21:24:21 --> Undefined property: App\Controllers\Home::$db
#0 C:\xampp\htdocs\pengaduan\app\Controllers\Home.php(19): CodeIgniter\Debug\Exceptions->errorHandler(8, 'Undefined prope...', 'C:\\xampp\\htdocs...', 19, Array)
#1 C:\xampp\htdocs\pengaduan\system\CodeIgniter.php(802): App\Controllers\Home->index()
#2 C:\xampp\htdocs\pengaduan\system\CodeIgniter.php(399): CodeIgniter\CodeIgniter->runController(Object(App\Controllers\Home))
#3 C:\xampp\htdocs\pengaduan\system\CodeIgniter.php(317): CodeIgniter\CodeIgniter->handleRequest(NULL, Object(Config\Cache), false)
#4 C:\xampp\htdocs\pengaduan\public\index.php(37): CodeIgniter\CodeIgniter->run()
#5 {main}
CRITICAL - 2022-10-21 21:24:26 --> Undefined property: App\Controllers\Home::$db
#0 C:\xampp\htdocs\pengaduan\app\Controllers\Home.php(19): CodeIgniter\Debug\Exceptions->errorHandler(8, 'Undefined prope...', 'C:\\xampp\\htdocs...', 19, Array)
#1 C:\xampp\htdocs\pengaduan\system\CodeIgniter.php(802): App\Controllers\Home->index()
#2 C:\xampp\htdocs\pengaduan\system\CodeIgniter.php(399): CodeIgniter\CodeIgniter->runController(Object(App\Controllers\Home))
#3 C:\xampp\htdocs\pengaduan\system\CodeIgniter.php(317): CodeIgniter\CodeIgniter->handleRequest(NULL, Object(Config\Cache), false)
#4 C:\xampp\htdocs\pengaduan\public\index.php(37): CodeIgniter\CodeIgniter->run()
#5 {main}
CRITICAL - 2022-10-21 21:24:39 --> Cannot use object of type stdClass as array
#0 C:\xampp\htdocs\pengaduan\system\View\View.php(214): include()
#1 C:\xampp\htdocs\pengaduan\system\View\View.php(217): CodeIgniter\View\View->CodeIgniter\View\{closure}()
#2 C:\xampp\htdocs\pengaduan\system\Common.php(1092): CodeIgniter\View\View->render('home', Array, true)
#3 C:\xampp\htdocs\pengaduan\app\Controllers\Home.php(26): view('home', Array)
#4 C:\xampp\htdocs\pengaduan\system\CodeIgniter.php(802): App\Controllers\Home->index()
#5 C:\xampp\htdocs\pengaduan\system\CodeIgniter.php(399): CodeIgniter\CodeIgniter->runController(Object(App\Controllers\Home))
#6 C:\xampp\htdocs\pengaduan\system\CodeIgniter.php(317): CodeIgniter\CodeIgniter->handleRequest(NULL, Object(Config\Cache), false)
#7 C:\xampp\htdocs\pengaduan\public\index.php(37): CodeIgniter\CodeIgniter->run()
#8 {main}
CRITICAL - 2022-10-21 21:25:19 --> Cannot use object of type mysqli as array
#0 C:\xampp\htdocs\pengaduan\system\View\View.php(214): include()
#1 C:\xampp\htdocs\pengaduan\system\View\View.php(217): CodeIgniter\View\View->CodeIgniter\View\{closure}()
#2 C:\xampp\htdocs\pengaduan\system\Common.php(1092): CodeIgniter\View\View->render('home', Array, true)
#3 C:\xampp\htdocs\pengaduan\app\Controllers\Home.php(26): view('home', Array)
#4 C:\xampp\htdocs\pengaduan\system\CodeIgniter.php(802): App\Controllers\Home->index()
#5 C:\xampp\htdocs\pengaduan\system\CodeIgniter.php(399): CodeIgniter\CodeIgniter->runController(Object(App\Controllers\Home))
#6 C:\xampp\htdocs\pengaduan\system\CodeIgniter.php(317): CodeIgniter\CodeIgniter->handleRequest(NULL, Object(Config\Cache), false)
#7 C:\xampp\htdocs\pengaduan\public\index.php(37): CodeIgniter\CodeIgniter->run()
#8 {main}
CRITICAL - 2022-10-21 21:27:45 --> Call to undefined method CodeIgniter\Database\MySQLi\Result::fetch_assoc()
#0 C:\xampp\htdocs\pengaduan\system\CodeIgniter.php(802): App\Controllers\Home->index()
#1 C:\xampp\htdocs\pengaduan\system\CodeIgniter.php(399): CodeIgniter\CodeIgniter->runController(Object(App\Controllers\Home))
#2 C:\xampp\htdocs\pengaduan\system\CodeIgniter.php(317): CodeIgniter\CodeIgniter->handleRequest(NULL, Object(Config\Cache), false)
#3 C:\xampp\htdocs\pengaduan\public\index.php(37): CodeIgniter\CodeIgniter->run()
#4 {main}
CRITICAL - 2022-10-21 21:29:09 --> Undefined variable: mysqli
#0 C:\xampp\htdocs\pengaduan\app\Controllers\Home.php(24): CodeIgniter\Debug\Exceptions->errorHandler(8, 'Undefined varia...', 'C:\\xampp\\htdocs...', 24, Array)
#1 C:\xampp\htdocs\pengaduan\system\CodeIgniter.php(802): App\Controllers\Home->index()
#2 C:\xampp\htdocs\pengaduan\system\CodeIgniter.php(399): CodeIgniter\CodeIgniter->runController(Object(App\Controllers\Home))
#3 C:\xampp\htdocs\pengaduan\system\CodeIgniter.php(317): CodeIgniter\CodeIgniter->handleRequest(NULL, Object(Config\Cache), false)
#4 C:\xampp\htdocs\pengaduan\public\index.php(37): CodeIgniter\CodeIgniter->run()
#5 {main}
CRITICAL - 2022-10-21 21:31:13 --> Undefined variable: mysqli
#0 C:\xampp\htdocs\pengaduan\app\Controllers\Home.php(24): CodeIgniter\Debug\Exceptions->errorHandler(8, 'Undefined varia...', 'C:\\xampp\\htdocs...', 24, Array)
#1 C:\xampp\htdocs\pengaduan\system\CodeIgniter.php(802): App\Controllers\Home->index()
#2 C:\xampp\htdocs\pengaduan\system\CodeIgniter.php(399): CodeIgniter\CodeIgniter->runController(Object(App\Controllers\Home))
#3 C:\xampp\htdocs\pengaduan\system\CodeIgniter.php(317): CodeIgniter\CodeIgniter->handleRequest(NULL, Object(Config\Cache), false)
#4 C:\xampp\htdocs\pengaduan\public\index.php(37): CodeIgniter\CodeIgniter->run()
#5 {main}
CRITICAL - 2022-10-21 21:31:15 --> Undefined variable: mysqli
#0 C:\xampp\htdocs\pengaduan\app\Controllers\Home.php(24): CodeIgniter\Debug\Exceptions->errorHandler(8, 'Undefined varia...', 'C:\\xampp\\htdocs...', 24, Array)
#1 C:\xampp\htdocs\pengaduan\system\CodeIgniter.php(802): App\Controllers\Home->index()
#2 C:\xampp\htdocs\pengaduan\system\CodeIgniter.php(399): CodeIgniter\CodeIgniter->runController(Object(App\Controllers\Home))
#3 C:\xampp\htdocs\pengaduan\system\CodeIgniter.php(317): CodeIgniter\CodeIgniter->handleRequest(NULL, Object(Config\Cache), false)
#4 C:\xampp\htdocs\pengaduan\public\index.php(37): CodeIgniter\CodeIgniter->run()
#5 {main}
CRITICAL - 2022-10-21 21:31:38 --> Cannot use object of type mysqli as array
#0 C:\xampp\htdocs\pengaduan\system\View\View.php(214): include()
#1 C:\xampp\htdocs\pengaduan\system\View\View.php(217): CodeIgniter\View\View->CodeIgniter\View\{closure}()
#2 C:\xampp\htdocs\pengaduan\system\Common.php(1092): CodeIgniter\View\View->render('home', Array, true)
#3 C:\xampp\htdocs\pengaduan\app\Controllers\Home.php(26): view('home', Array)
#4 C:\xampp\htdocs\pengaduan\system\CodeIgniter.php(802): App\Controllers\Home->index()
#5 C:\xampp\htdocs\pengaduan\system\CodeIgniter.php(399): CodeIgniter\CodeIgniter->runController(Object(App\Controllers\Home))
#6 C:\xampp\htdocs\pengaduan\system\CodeIgniter.php(317): CodeIgniter\CodeIgniter->handleRequest(NULL, Object(Config\Cache), false)
#7 C:\xampp\htdocs\pengaduan\public\index.php(37): CodeIgniter\CodeIgniter->run()
#8 {main}
CRITICAL - 2022-10-21 21:33:26 --> Undefined property: mysqli::$created_at
#0 C:\xampp\htdocs\pengaduan\app\Views\home.php(97): CodeIgniter\Debug\Exceptions->errorHandler(8, 'Undefined prope...', 'C:\\xampp\\htdocs...', 97, Array)
#1 C:\xampp\htdocs\pengaduan\system\View\View.php(214): include('C:\\xampp\\htdocs...')
#2 C:\xampp\htdocs\pengaduan\system\View\View.php(217): CodeIgniter\View\View->CodeIgniter\View\{closure}()
#3 C:\xampp\htdocs\pengaduan\system\Common.php(1092): CodeIgniter\View\View->render('home', Array, true)
#4 C:\xampp\htdocs\pengaduan\app\Controllers\Home.php(26): view('home', Array)
#5 C:\xampp\htdocs\pengaduan\system\CodeIgniter.php(802): App\Controllers\Home->index()
#6 C:\xampp\htdocs\pengaduan\system\CodeIgniter.php(399): CodeIgniter\CodeIgniter->runController(Object(App\Controllers\Home))
#7 C:\xampp\htdocs\pengaduan\system\CodeIgniter.php(317): CodeIgniter\CodeIgniter->handleRequest(NULL, Object(Config\Cache), false)
#8 C:\xampp\htdocs\pengaduan\public\index.php(37): CodeIgniter\CodeIgniter->run()
#9 {main}
CRITICAL - 2022-10-21 21:33:29 --> Undefined property: mysqli::$created_at
#0 C:\xampp\htdocs\pengaduan\app\Views\home.php(97): CodeIgniter\Debug\Exceptions->errorHandler(8, 'Undefined prope...', 'C:\\xampp\\htdocs...', 97, Array)
#1 C:\xampp\htdocs\pengaduan\system\View\View.php(214): include('C:\\xampp\\htdocs...')
#2 C:\xampp\htdocs\pengaduan\system\View\View.php(217): CodeIgniter\View\View->CodeIgniter\View\{closure}()
#3 C:\xampp\htdocs\pengaduan\system\Common.php(1092): CodeIgniter\View\View->render('home', Array, true)
#4 C:\xampp\htdocs\pengaduan\app\Controllers\Home.php(26): view('home', Array)
#5 C:\xampp\htdocs\pengaduan\system\CodeIgniter.php(802): App\Controllers\Home->index()
#6 C:\xampp\htdocs\pengaduan\system\CodeIgniter.php(399): CodeIgniter\CodeIgniter->runController(Object(App\Controllers\Home))
#7 C:\xampp\htdocs\pengaduan\system\CodeIgniter.php(317): CodeIgniter\CodeIgniter->handleRequest(NULL, Object(Config\Cache), false)
#8 C:\xampp\htdocs\pengaduan\public\index.php(37): CodeIgniter\CodeIgniter->run()
#9 {main}
CRITICAL - 2022-10-21 21:33:32 --> Undefined property: mysqli::$created_at
#0 C:\xampp\htdocs\pengaduan\app\Views\home.php(97): CodeIgniter\Debug\Exceptions->errorHandler(8, 'Undefined prope...', 'C:\\xampp\\htdocs...', 97, Array)
#1 C:\xampp\htdocs\pengaduan\system\View\View.php(214): include('C:\\xampp\\htdocs...')
#2 C:\xampp\htdocs\pengaduan\system\View\View.php(217): CodeIgniter\View\View->CodeIgniter\View\{closure}()
#3 C:\xampp\htdocs\pengaduan\system\Common.php(1092): CodeIgniter\View\View->render('home', Array, true)
#4 C:\xampp\htdocs\pengaduan\app\Controllers\Home.php(26): view('home', Array)
#5 C:\xampp\htdocs\pengaduan\system\CodeIgniter.php(802): App\Controllers\Home->index()
#6 C:\xampp\htdocs\pengaduan\system\CodeIgniter.php(399): CodeIgniter\CodeIgniter->runController(Object(App\Controllers\Home))
#7 C:\xampp\htdocs\pengaduan\system\CodeIgniter.php(317): CodeIgniter\CodeIgniter->handleRequest(NULL, Object(Config\Cache), false)
#8 C:\xampp\htdocs\pengaduan\public\index.php(37): CodeIgniter\CodeIgniter->run()
#9 {main}
CRITICAL - 2022-10-21 21:33:34 --> Undefined property: mysqli::$created_at
#0 C:\xampp\htdocs\pengaduan\app\Views\home.php(97): CodeIgniter\Debug\Exceptions->errorHandler(8, 'Undefined prope...', 'C:\\xampp\\htdocs...', 97, Array)
#1 C:\xampp\htdocs\pengaduan\system\View\View.php(214): include('C:\\xampp\\htdocs...')
#2 C:\xampp\htdocs\pengaduan\system\View\View.php(217): CodeIgniter\View\View->CodeIgniter\View\{closure}()
#3 C:\xampp\htdocs\pengaduan\system\Common.php(1092): CodeIgniter\View\View->render('home', Array, true)
#4 C:\xampp\htdocs\pengaduan\app\Controllers\Home.php(26): view('home', Array)
#5 C:\xampp\htdocs\pengaduan\system\CodeIgniter.php(802): App\Controllers\Home->index()
#6 C:\xampp\htdocs\pengaduan\system\CodeIgniter.php(399): CodeIgniter\CodeIgniter->runController(Object(App\Controllers\Home))
#7 C:\xampp\htdocs\pengaduan\system\CodeIgniter.php(317): CodeIgniter\CodeIgniter->handleRequest(NULL, Object(Config\Cache), false)
#8 C:\xampp\htdocs\pengaduan\public\index.php(37): CodeIgniter\CodeIgniter->run()
#9 {main}
CRITICAL - 2022-10-21 21:35:28 --> syntax error, unexpected end of file
#0 C:\xampp\htdocs\pengaduan\system\View\View.php(217): CodeIgniter\View\View->CodeIgniter\View\{closure}()
#1 C:\xampp\htdocs\pengaduan\system\Common.php(1092): CodeIgniter\View\View->render('home', Array, true)
#2 C:\xampp\htdocs\pengaduan\app\Controllers\Home.php(26): view('home', Array)
#3 C:\xampp\htdocs\pengaduan\system\CodeIgniter.php(802): App\Controllers\Home->index()
#4 C:\xampp\htdocs\pengaduan\system\CodeIgniter.php(399): CodeIgniter\CodeIgniter->runController(Object(App\Controllers\Home))
#5 C:\xampp\htdocs\pengaduan\system\CodeIgniter.php(317): CodeIgniter\CodeIgniter->handleRequest(NULL, Object(Config\Cache), false)
#6 C:\xampp\htdocs\pengaduan\public\index.php(37): CodeIgniter\CodeIgniter->run()
#7 {main}
CRITICAL - 2022-10-21 21:38:33 --> syntax error, unexpected 'echo' (T_ECHO)
#0 C:\xampp\htdocs\pengaduan\system\View\View.php(217): CodeIgniter\View\View->CodeIgniter\View\{closure}()
#1 C:\xampp\htdocs\pengaduan\system\Common.php(1092): CodeIgniter\View\View->render('home', Array, true)
#2 C:\xampp\htdocs\pengaduan\app\Controllers\Home.php(26): view('home', Array)
#3 C:\xampp\htdocs\pengaduan\system\CodeIgniter.php(802): App\Controllers\Home->index()
#4 C:\xampp\htdocs\pengaduan\system\CodeIgniter.php(399): CodeIgniter\CodeIgniter->runController(Object(App\Controllers\Home))
#5 C:\xampp\htdocs\pengaduan\system\CodeIgniter.php(317): CodeIgniter\CodeIgniter->handleRequest(NULL, Object(Config\Cache), false)
#6 C:\xampp\htdocs\pengaduan\public\index.php(37): CodeIgniter\CodeIgniter->run()
#7 {main}
CRITICAL - 2022-10-21 21:39:39 --> Undefined property: mysqli::$created_at
#0 C:\xampp\htdocs\pengaduan\app\Views\home.php(97): CodeIgniter\Debug\Exceptions->errorHandler(8, 'Undefined prope...', 'C:\\xampp\\htdocs...', 97, Array)
#1 C:\xampp\htdocs\pengaduan\system\View\View.php(214): include('C:\\xampp\\htdocs...')
#2 C:\xampp\htdocs\pengaduan\system\View\View.php(217): CodeIgniter\View\View->CodeIgniter\View\{closure}()
#3 C:\xampp\htdocs\pengaduan\system\Common.php(1092): CodeIgniter\View\View->render('home', Array, true)
#4 C:\xampp\htdocs\pengaduan\app\Controllers\Home.php(26): view('home', Array)
#5 C:\xampp\htdocs\pengaduan\system\CodeIgniter.php(802): App\Controllers\Home->index()
#6 C:\xampp\htdocs\pengaduan\system\CodeIgniter.php(399): CodeIgniter\CodeIgniter->runController(Object(App\Controllers\Home))
#7 C:\xampp\htdocs\pengaduan\system\CodeIgniter.php(317): CodeIgniter\CodeIgniter->handleRequest(NULL, Object(Config\Cache), false)
#8 C:\xampp\htdocs\pengaduan\public\index.php(37): CodeIgniter\CodeIgniter->run()
#9 {main}
CRITICAL - 2022-10-21 21:39:45 --> Undefined property: mysqli::$created_at
#0 C:\xampp\htdocs\pengaduan\app\Views\home.php(97): CodeIgniter\Debug\Exceptions->errorHandler(8, 'Undefined prope...', 'C:\\xampp\\htdocs...', 97, Array)
#1 C:\xampp\htdocs\pengaduan\system\View\View.php(214): include('C:\\xampp\\htdocs...')
#2 C:\xampp\htdocs\pengaduan\system\View\View.php(217): CodeIgniter\View\View->CodeIgniter\View\{closure}()
#3 C:\xampp\htdocs\pengaduan\system\Common.php(1092): CodeIgniter\View\View->render('home', Array, true)
#4 C:\xampp\htdocs\pengaduan\app\Controllers\Home.php(26): view('home', Array)
#5 C:\xampp\htdocs\pengaduan\system\CodeIgniter.php(802): App\Controllers\Home->index()
#6 C:\xampp\htdocs\pengaduan\system\CodeIgniter.php(399): CodeIgniter\CodeIgniter->runController(Object(App\Controllers\Home))
#7 C:\xampp\htdocs\pengaduan\system\CodeIgniter.php(317): CodeIgniter\CodeIgniter->handleRequest(NULL, Object(Config\Cache), false)
#8 C:\xampp\htdocs\pengaduan\public\index.php(37): CodeIgniter\CodeIgniter->run()
#9 {main}
CRITICAL - 2022-10-21 21:42:27 --> Undefined property: mysqli::$pengaduan
#0 C:\xampp\htdocs\pengaduan\app\Views\home.php(97): CodeIgniter\Debug\Exceptions->errorHandler(8, 'Undefined prope...', 'C:\\xampp\\htdocs...', 97, Array)
#1 C:\xampp\htdocs\pengaduan\system\View\View.php(214): include('C:\\xampp\\htdocs...')
#2 C:\xampp\htdocs\pengaduan\system\View\View.php(217): CodeIgniter\View\View->CodeIgniter\View\{closure}()
#3 C:\xampp\htdocs\pengaduan\system\Common.php(1092): CodeIgniter\View\View->render('home', Array, true)
#4 C:\xampp\htdocs\pengaduan\app\Controllers\Home.php(26): view('home', Array)
#5 C:\xampp\htdocs\pengaduan\system\CodeIgniter.php(802): App\Controllers\Home->index()
#6 C:\xampp\htdocs\pengaduan\system\CodeIgniter.php(399): CodeIgniter\CodeIgniter->runController(Object(App\Controllers\Home))
#7 C:\xampp\htdocs\pengaduan\system\CodeIgniter.php(317): CodeIgniter\CodeIgniter->handleRequest(NULL, Object(Config\Cache), false)
#8 C:\xampp\htdocs\pengaduan\public\index.php(37): CodeIgniter\CodeIgniter->run()
#9 {main}
CRITICAL - 2022-10-21 21:42:49 --> Cannot use object of type mysqli as array
#0 C:\xampp\htdocs\pengaduan\system\View\View.php(214): include()
#1 C:\xampp\htdocs\pengaduan\system\View\View.php(217): CodeIgniter\View\View->CodeIgniter\View\{closure}()
#2 C:\xampp\htdocs\pengaduan\system\Common.php(1092): CodeIgniter\View\View->render('home', Array, true)
#3 C:\xampp\htdocs\pengaduan\app\Controllers\Home.php(26): view('home', Array)
#4 C:\xampp\htdocs\pengaduan\system\CodeIgniter.php(802): App\Controllers\Home->index()
#5 C:\xampp\htdocs\pengaduan\system\CodeIgniter.php(399): CodeIgniter\CodeIgniter->runController(Object(App\Controllers\Home))
#6 C:\xampp\htdocs\pengaduan\system\CodeIgniter.php(317): CodeIgniter\CodeIgniter->handleRequest(NULL, Object(Config\Cache), false)
#7 C:\xampp\htdocs\pengaduan\public\index.php(37): CodeIgniter\CodeIgniter->run()
#8 {main}
CRITICAL - 2022-10-21 21:43:01 --> Cannot use object of type mysqli as array
#0 C:\xampp\htdocs\pengaduan\system\View\View.php(214): include()
#1 C:\xampp\htdocs\pengaduan\system\View\View.php(217): CodeIgniter\View\View->CodeIgniter\View\{closure}()
#2 C:\xampp\htdocs\pengaduan\system\Common.php(1092): CodeIgniter\View\View->render('home', Array, true)
#3 C:\xampp\htdocs\pengaduan\app\Controllers\Home.php(26): view('home', Array)
#4 C:\xampp\htdocs\pengaduan\system\CodeIgniter.php(802): App\Controllers\Home->index()
#5 C:\xampp\htdocs\pengaduan\system\CodeIgniter.php(399): CodeIgniter\CodeIgniter->runController(Object(App\Controllers\Home))
#6 C:\xampp\htdocs\pengaduan\system\CodeIgniter.php(317): CodeIgniter\CodeIgniter->handleRequest(NULL, Object(Config\Cache), false)
#7 C:\xampp\htdocs\pengaduan\public\index.php(37): CodeIgniter\CodeIgniter->run()
#8 {main}
CRITICAL - 2022-10-21 21:43:03 --> Cannot use object of type mysqli as array
#0 C:\xampp\htdocs\pengaduan\system\View\View.php(214): include()
#1 C:\xampp\htdocs\pengaduan\system\View\View.php(217): CodeIgniter\View\View->CodeIgniter\View\{closure}()
#2 C:\xampp\htdocs\pengaduan\system\Common.php(1092): CodeIgniter\View\View->render('home', Array, true)
#3 C:\xampp\htdocs\pengaduan\app\Controllers\Home.php(26): view('home', Array)
#4 C:\xampp\htdocs\pengaduan\system\CodeIgniter.php(802): App\Controllers\Home->index()
#5 C:\xampp\htdocs\pengaduan\system\CodeIgniter.php(399): CodeIgniter\CodeIgniter->runController(Object(App\Controllers\Home))
#6 C:\xampp\htdocs\pengaduan\system\CodeIgniter.php(317): CodeIgniter\CodeIgniter->handleRequest(NULL, Object(Config\Cache), false)
#7 C:\xampp\htdocs\pengaduan\public\index.php(37): CodeIgniter\CodeIgniter->run()
#8 {main}
CRITICAL - 2022-10-21 21:43:08 --> Cannot use object of type mysqli as array
#0 C:\xampp\htdocs\pengaduan\system\View\View.php(214): include()
#1 C:\xampp\htdocs\pengaduan\system\View\View.php(217): CodeIgniter\View\View->CodeIgniter\View\{closure}()
#2 C:\xampp\htdocs\pengaduan\system\Common.php(1092): CodeIgniter\View\View->render('home', Array, true)
#3 C:\xampp\htdocs\pengaduan\app\Controllers\Home.php(26): view('home', Array)
#4 C:\xampp\htdocs\pengaduan\system\CodeIgniter.php(802): App\Controllers\Home->index()
#5 C:\xampp\htdocs\pengaduan\system\CodeIgniter.php(399): CodeIgniter\CodeIgniter->runController(Object(App\Controllers\Home))
#6 C:\xampp\htdocs\pengaduan\system\CodeIgniter.php(317): CodeIgniter\CodeIgniter->handleRequest(NULL, Object(Config\Cache), false)
#7 C:\xampp\htdocs\pengaduan\public\index.php(37): CodeIgniter\CodeIgniter->run()
#8 {main}
CRITICAL - 2022-10-21 21:44:53 --> Cannot use object of type stdClass as array
#0 C:\xampp\htdocs\pengaduan\system\View\View.php(214): include()
#1 C:\xampp\htdocs\pengaduan\system\View\View.php(217): CodeIgniter\View\View->CodeIgniter\View\{closure}()
#2 C:\xampp\htdocs\pengaduan\system\Common.php(1092): CodeIgniter\View\View->render('home', Array, true)
#3 C:\xampp\htdocs\pengaduan\app\Controllers\Home.php(26): view('home', Array)
#4 C:\xampp\htdocs\pengaduan\system\CodeIgniter.php(802): App\Controllers\Home->index()
#5 C:\xampp\htdocs\pengaduan\system\CodeIgniter.php(399): CodeIgniter\CodeIgniter->runController(Object(App\Controllers\Home))
#6 C:\xampp\htdocs\pengaduan\system\CodeIgniter.php(317): CodeIgniter\CodeIgniter->handleRequest(NULL, Object(Config\Cache), false)
#7 C:\xampp\htdocs\pengaduan\public\index.php(37): CodeIgniter\CodeIgniter->run()
#8 {main}
CRITICAL - 2022-10-21 22:44:50 --> Undefined variable: pengaduan
#0 C:\xampp\htdocs\pengaduan\app\Views\home.php(93): CodeIgniter\Debug\Exceptions->errorHandler(8, 'Undefined varia...', 'C:\\xampp\\htdocs...', 93, Array)
#1 C:\xampp\htdocs\pengaduan\system\View\View.php(214): include('C:\\xampp\\htdocs...')
#2 C:\xampp\htdocs\pengaduan\system\View\View.php(217): CodeIgniter\View\View->CodeIgniter\View\{closure}()
#3 C:\xampp\htdocs\pengaduan\system\Common.php(1092): CodeIgniter\View\View->render('home', Array, true)
#4 C:\xampp\htdocs\pengaduan\app\Controllers\Home.php(26): view('home', Array)
#5 C:\xampp\htdocs\pengaduan\system\CodeIgniter.php(802): App\Controllers\Home->index()
#6 C:\xampp\htdocs\pengaduan\system\CodeIgniter.php(399): CodeIgniter\CodeIgniter->runController(Object(App\Controllers\Home))
#7 C:\xampp\htdocs\pengaduan\system\CodeIgniter.php(317): CodeIgniter\CodeIgniter->handleRequest(NULL, Object(Config\Cache), false)
#8 C:\xampp\htdocs\pengaduan\public\index.php(37): CodeIgniter\CodeIgniter->run()
#9 {main}
