CRITICAL - 2021-12-10 07:57:23 --> Invalid file: bahan/home.php
#0 C:\xampp\htdocs\pertemuan5\system\View\View.php(198): CodeIgniter\Exceptions\FrameworkException::forInvalidFile('bahan/home.php')
#1 C:\xampp\htdocs\pertemuan5\system\Common.php(1092): CodeIgniter\View\View->render('bahan/home', Array, true)
#2 C:\xampp\htdocs\pertemuan5\app\Controllers\login.php(27): view('bahan/home')
#3 C:\xampp\htdocs\pertemuan5\system\CodeIgniter.php(802): App\Controllers\login->auth()
#4 C:\xampp\htdocs\pertemuan5\system\CodeIgniter.php(399): CodeIgniter\CodeIgniter->runController(Object(App\Controllers\login))
#5 C:\xampp\htdocs\pertemuan5\system\CodeIgniter.php(317): CodeIgniter\CodeIgniter->handleRequest(NULL, Object(Config\Cache), false)
#6 C:\xampp\htdocs\pertemuan5\public\index.php(37): CodeIgniter\CodeIgniter->run()
#7 {main}
CRITICAL - 2021-12-10 08:52:50 --> Unmatched '}'
#0 C:\xampp\htdocs\pertemuan5\system\View\View.php(217): CodeIgniter\View\View->CodeIgniter\View\{closure}()
#1 C:\xampp\htdocs\pertemuan5\system\Common.php(1092): CodeIgniter\View\View->render('tampilMakan', Array, true)
#2 C:\xampp\htdocs\pertemuan5\app\Controllers\login.php(27): view('tampilMakan')
#3 C:\xampp\htdocs\pertemuan5\system\CodeIgniter.php(802): App\Controllers\login->auth()
#4 C:\xampp\htdocs\pertemuan5\system\CodeIgniter.php(399): CodeIgniter\CodeIgniter->runController(Object(App\Controllers\login))
#5 C:\xampp\htdocs\pertemuan5\system\CodeIgniter.php(317): CodeIgniter\CodeIgniter->handleRequest(NULL, Object(Config\Cache), false)
#6 C:\xampp\htdocs\pertemuan5\public\index.php(37): CodeIgniter\CodeIgniter->run()
#7 {main}
CRITICAL - 2021-12-10 08:53:18 --> Undefined variable $makan
#0 C:\xampp\htdocs\pertemuan5\app\Views\tampilMakan.php(41): CodeIgniter\Debug\Exceptions->errorHandler(2, 'Undefined varia...', 'C:\\xampp\\htdocs...', 41)
#1 C:\xampp\htdocs\pertemuan5\system\View\View.php(214): include('C:\\xampp\\htdocs...')
#2 C:\xampp\htdocs\pertemuan5\system\View\View.php(217): CodeIgniter\View\View->CodeIgniter\View\{closure}()
#3 C:\xampp\htdocs\pertemuan5\system\Common.php(1092): CodeIgniter\View\View->render('tampilMakan', Array, true)
#4 C:\xampp\htdocs\pertemuan5\app\Controllers\login.php(27): view('tampilMakan')
#5 C:\xampp\htdocs\pertemuan5\system\CodeIgniter.php(802): App\Controllers\login->auth()
#6 C:\xampp\htdocs\pertemuan5\system\CodeIgniter.php(399): CodeIgniter\CodeIgniter->runController(Object(App\Controllers\login))
#7 C:\xampp\htdocs\pertemuan5\system\CodeIgniter.php(317): CodeIgniter\CodeIgniter->handleRequest(NULL, Object(Config\Cache), false)
#8 C:\xampp\htdocs\pertemuan5\public\index.php(37): CodeIgniter\CodeIgniter->run()
#9 {main}
CRITICAL - 2021-12-10 08:56:35 --> Undefined variable $makan
#0 C:\xampp\htdocs\pertemuan5\app\Views\tampilMakan.php(41): CodeIgniter\Debug\Exceptions->errorHandler(2, 'Undefined varia...', 'C:\\xampp\\htdocs...', 41)
#1 C:\xampp\htdocs\pertemuan5\system\View\View.php(214): include('C:\\xampp\\htdocs...')
#2 C:\xampp\htdocs\pertemuan5\system\View\View.php(217): CodeIgniter\View\View->CodeIgniter\View\{closure}()
#3 C:\xampp\htdocs\pertemuan5\system\Common.php(1092): CodeIgniter\View\View->render('tampilMakan', Array, true)
#4 C:\xampp\htdocs\pertemuan5\app\Controllers\login.php(27): view('tampilMakan')
#5 C:\xampp\htdocs\pertemuan5\system\CodeIgniter.php(802): App\Controllers\login->auth()
#6 C:\xampp\htdocs\pertemuan5\system\CodeIgniter.php(399): CodeIgniter\CodeIgniter->runController(Object(App\Controllers\login))
#7 C:\xampp\htdocs\pertemuan5\system\CodeIgniter.php(317): CodeIgniter\CodeIgniter->handleRequest(NULL, Object(Config\Cache), false)
#8 C:\xampp\htdocs\pertemuan5\public\index.php(37): CodeIgniter\CodeIgniter->run()
#9 {main}
CRITICAL - 2021-12-10 08:58:15 --> Undefined variable $makanan
#0 C:\xampp\htdocs\pertemuan5\app\Views\tampilMakan.php(41): CodeIgniter\Debug\Exceptions->errorHandler(2, 'Undefined varia...', 'C:\\xampp\\htdocs...', 41)
#1 C:\xampp\htdocs\pertemuan5\system\View\View.php(214): include('C:\\xampp\\htdocs...')
#2 C:\xampp\htdocs\pertemuan5\system\View\View.php(217): CodeIgniter\View\View->CodeIgniter\View\{closure}()
#3 C:\xampp\htdocs\pertemuan5\system\Common.php(1092): CodeIgniter\View\View->render('tampilMakan', Array, true)
#4 C:\xampp\htdocs\pertemuan5\app\Controllers\login.php(27): view('tampilMakan')
#5 C:\xampp\htdocs\pertemuan5\system\CodeIgniter.php(802): App\Controllers\login->auth()
#6 C:\xampp\htdocs\pertemuan5\system\CodeIgniter.php(399): CodeIgniter\CodeIgniter->runController(Object(App\Controllers\login))
#7 C:\xampp\htdocs\pertemuan5\system\CodeIgniter.php(317): CodeIgniter\CodeIgniter->handleRequest(NULL, Object(Config\Cache), false)
#8 C:\xampp\htdocs\pertemuan5\public\index.php(37): CodeIgniter\CodeIgniter->run()
#9 {main}
CRITICAL - 2021-12-10 08:58:26 --> Undefined variable $makan
#0 C:\xampp\htdocs\pertemuan5\app\Views\tampilMakan.php(41): CodeIgniter\Debug\Exceptions->errorHandler(2, 'Undefined varia...', 'C:\\xampp\\htdocs...', 41)
#1 C:\xampp\htdocs\pertemuan5\system\View\View.php(214): include('C:\\xampp\\htdocs...')
#2 C:\xampp\htdocs\pertemuan5\system\View\View.php(217): CodeIgniter\View\View->CodeIgniter\View\{closure}()
#3 C:\xampp\htdocs\pertemuan5\system\Common.php(1092): CodeIgniter\View\View->render('tampilMakan', Array, true)
#4 C:\xampp\htdocs\pertemuan5\app\Controllers\login.php(27): view('tampilMakan')
#5 C:\xampp\htdocs\pertemuan5\system\CodeIgniter.php(802): App\Controllers\login->auth()
#6 C:\xampp\htdocs\pertemuan5\system\CodeIgniter.php(399): CodeIgniter\CodeIgniter->runController(Object(App\Controllers\login))
#7 C:\xampp\htdocs\pertemuan5\system\CodeIgniter.php(317): CodeIgniter\CodeIgniter->handleRequest(NULL, Object(Config\Cache), false)
#8 C:\xampp\htdocs\pertemuan5\public\index.php(37): CodeIgniter\CodeIgniter->run()
#9 {main}
CRITICAL - 2021-12-10 08:58:30 --> Undefined variable $makan
#0 C:\xampp\htdocs\pertemuan5\app\Views\tampilMakan.php(41): CodeIgniter\Debug\Exceptions->errorHandler(2, 'Undefined varia...', 'C:\\xampp\\htdocs...', 41)
#1 C:\xampp\htdocs\pertemuan5\system\View\View.php(214): include('C:\\xampp\\htdocs...')
#2 C:\xampp\htdocs\pertemuan5\system\View\View.php(217): CodeIgniter\View\View->CodeIgniter\View\{closure}()
#3 C:\xampp\htdocs\pertemuan5\system\Common.php(1092): CodeIgniter\View\View->render('tampilMakan', Array, true)
#4 C:\xampp\htdocs\pertemuan5\app\Controllers\login.php(27): view('tampilMakan')
#5 C:\xampp\htdocs\pertemuan5\system\CodeIgniter.php(802): App\Controllers\login->auth()
#6 C:\xampp\htdocs\pertemuan5\system\CodeIgniter.php(399): CodeIgniter\CodeIgniter->runController(Object(App\Controllers\login))
#7 C:\xampp\htdocs\pertemuan5\system\CodeIgniter.php(317): CodeIgniter\CodeIgniter->handleRequest(NULL, Object(Config\Cache), false)
#8 C:\xampp\htdocs\pertemuan5\public\index.php(37): CodeIgniter\CodeIgniter->run()
#9 {main}
CRITICAL - 2021-12-10 08:58:52 --> Undefined variable $makan
#0 C:\xampp\htdocs\pertemuan5\app\Views\tampilMakan.php(41): CodeIgniter\Debug\Exceptions->errorHandler(2, 'Undefined varia...', 'C:\\xampp\\htdocs...', 41)
#1 C:\xampp\htdocs\pertemuan5\system\View\View.php(214): include('C:\\xampp\\htdocs...')
#2 C:\xampp\htdocs\pertemuan5\system\View\View.php(217): CodeIgniter\View\View->CodeIgniter\View\{closure}()
#3 C:\xampp\htdocs\pertemuan5\system\Common.php(1092): CodeIgniter\View\View->render('tampilMakan', Array, true)
#4 C:\xampp\htdocs\pertemuan5\app\Controllers\login.php(27): view('tampilMakan')
#5 C:\xampp\htdocs\pertemuan5\system\CodeIgniter.php(802): App\Controllers\login->auth()
#6 C:\xampp\htdocs\pertemuan5\system\CodeIgniter.php(399): CodeIgniter\CodeIgniter->runController(Object(App\Controllers\login))
#7 C:\xampp\htdocs\pertemuan5\system\CodeIgniter.php(317): CodeIgniter\CodeIgniter->handleRequest(NULL, Object(Config\Cache), false)
#8 C:\xampp\htdocs\pertemuan5\public\index.php(37): CodeIgniter\CodeIgniter->run()
#9 {main}
CRITICAL - 2021-12-10 09:01:13 --> Undefined variable $makan
#0 C:\xampp\htdocs\pertemuan5\app\Views\tampilMakan.php(41): CodeIgniter\Debug\Exceptions->errorHandler(2, 'Undefined varia...', 'C:\\xampp\\htdocs...', 41)
#1 C:\xampp\htdocs\pertemuan5\system\View\View.php(214): include('C:\\xampp\\htdocs...')
#2 C:\xampp\htdocs\pertemuan5\system\View\View.php(217): CodeIgniter\View\View->CodeIgniter\View\{closure}()
#3 C:\xampp\htdocs\pertemuan5\system\Common.php(1092): CodeIgniter\View\View->render('tampilMakan', Array, true)
#4 C:\xampp\htdocs\pertemuan5\app\Controllers\login.php(27): view('tampilMakan')
#5 C:\xampp\htdocs\pertemuan5\system\CodeIgniter.php(802): App\Controllers\login->auth()
#6 C:\xampp\htdocs\pertemuan5\system\CodeIgniter.php(399): CodeIgniter\CodeIgniter->runController(Object(App\Controllers\login))
#7 C:\xampp\htdocs\pertemuan5\system\CodeIgniter.php(317): CodeIgniter\CodeIgniter->handleRequest(NULL, Object(Config\Cache), false)
#8 C:\xampp\htdocs\pertemuan5\public\index.php(37): CodeIgniter\CodeIgniter->run()
#9 {main}
CRITICAL - 2021-12-10 09:04:54 --> Undefined variable $makan
#0 C:\xampp\htdocs\pertemuan5\app\Views\tampilMakan.php(48): CodeIgniter\Debug\Exceptions->errorHandler(2, 'Undefined varia...', 'C:\\xampp\\htdocs...', 48)
#1 C:\xampp\htdocs\pertemuan5\system\View\View.php(214): include('C:\\xampp\\htdocs...')
#2 C:\xampp\htdocs\pertemuan5\system\View\View.php(217): CodeIgniter\View\View->CodeIgniter\View\{closure}()
#3 C:\xampp\htdocs\pertemuan5\system\Common.php(1092): CodeIgniter\View\View->render('tampilMakan', Array, true)
#4 C:\xampp\htdocs\pertemuan5\app\Controllers\login.php(27): view('tampilMakan')
#5 C:\xampp\htdocs\pertemuan5\system\CodeIgniter.php(802): App\Controllers\login->auth()
#6 C:\xampp\htdocs\pertemuan5\system\CodeIgniter.php(399): CodeIgniter\CodeIgniter->runController(Object(App\Controllers\login))
#7 C:\xampp\htdocs\pertemuan5\system\CodeIgniter.php(317): CodeIgniter\CodeIgniter->handleRequest(NULL, Object(Config\Cache), false)
#8 C:\xampp\htdocs\pertemuan5\public\index.php(37): CodeIgniter\CodeIgniter->run()
#9 {main}
CRITICAL - 2021-12-10 09:04:56 --> Undefined variable $makan
#0 C:\xampp\htdocs\pertemuan5\app\Views\tampilMakan.php(48): CodeIgniter\Debug\Exceptions->errorHandler(2, 'Undefined varia...', 'C:\\xampp\\htdocs...', 48)
#1 C:\xampp\htdocs\pertemuan5\system\View\View.php(214): include('C:\\xampp\\htdocs...')
#2 C:\xampp\htdocs\pertemuan5\system\View\View.php(217): CodeIgniter\View\View->CodeIgniter\View\{closure}()
#3 C:\xampp\htdocs\pertemuan5\system\Common.php(1092): CodeIgniter\View\View->render('tampilMakan', Array, true)
#4 C:\xampp\htdocs\pertemuan5\app\Controllers\login.php(27): view('tampilMakan')
#5 C:\xampp\htdocs\pertemuan5\system\CodeIgniter.php(802): App\Controllers\login->auth()
#6 C:\xampp\htdocs\pertemuan5\system\CodeIgniter.php(399): CodeIgniter\CodeIgniter->runController(Object(App\Controllers\login))
#7 C:\xampp\htdocs\pertemuan5\system\CodeIgniter.php(317): CodeIgniter\CodeIgniter->handleRequest(NULL, Object(Config\Cache), false)
#8 C:\xampp\htdocs\pertemuan5\public\index.php(37): CodeIgniter\CodeIgniter->run()
#9 {main}
CRITICAL - 2021-12-10 09:04:58 --> Undefined variable $makan
#0 C:\xampp\htdocs\pertemuan5\app\Views\tampilMakan.php(48): CodeIgniter\Debug\Exceptions->errorHandler(2, 'Undefined varia...', 'C:\\xampp\\htdocs...', 48)
#1 C:\xampp\htdocs\pertemuan5\system\View\View.php(214): include('C:\\xampp\\htdocs...')
#2 C:\xampp\htdocs\pertemuan5\system\View\View.php(217): CodeIgniter\View\View->CodeIgniter\View\{closure}()
#3 C:\xampp\htdocs\pertemuan5\system\Common.php(1092): CodeIgniter\View\View->render('tampilMakan', Array, true)
#4 C:\xampp\htdocs\pertemuan5\app\Controllers\login.php(27): view('tampilMakan')
#5 C:\xampp\htdocs\pertemuan5\system\CodeIgniter.php(802): App\Controllers\login->auth()
#6 C:\xampp\htdocs\pertemuan5\system\CodeIgniter.php(399): CodeIgniter\CodeIgniter->runController(Object(App\Controllers\login))
#7 C:\xampp\htdocs\pertemuan5\system\CodeIgniter.php(317): CodeIgniter\CodeIgniter->handleRequest(NULL, Object(Config\Cache), false)
#8 C:\xampp\htdocs\pertemuan5\public\index.php(37): CodeIgniter\CodeIgniter->run()
#9 {main}
CRITICAL - 2021-12-10 09:45:53 --> Undefined array key "id"
#0 C:\xampp\htdocs\pertemuan5\app\Views\tampilMakan.php(54): CodeIgniter\Debug\Exceptions->errorHandler(2, 'Undefined array...', 'C:\\xampp\\htdocs...', 54)
#1 C:\xampp\htdocs\pertemuan5\system\View\View.php(214): include('C:\\xampp\\htdocs...')
#2 C:\xampp\htdocs\pertemuan5\system\View\View.php(217): CodeIgniter\View\View->CodeIgniter\View\{closure}()
#3 C:\xampp\htdocs\pertemuan5\system\Common.php(1092): CodeIgniter\View\View->render('tampilMakan', Array, true)
#4 C:\xampp\htdocs\pertemuan5\app\Controllers\makan.php(57): view('tampilMakan', Array)
#5 C:\xampp\htdocs\pertemuan5\system\CodeIgniter.php(802): App\Controllers\Makan->simpanData()
#6 C:\xampp\htdocs\pertemuan5\system\CodeIgniter.php(399): CodeIgniter\CodeIgniter->runController(Object(App\Controllers\Makan))
#7 C:\xampp\htdocs\pertemuan5\system\CodeIgniter.php(317): CodeIgniter\CodeIgniter->handleRequest(NULL, Object(Config\Cache), false)
#8 C:\xampp\htdocs\pertemuan5\public\index.php(37): CodeIgniter\CodeIgniter->run()
#9 {main}
CRITICAL - 2021-12-10 09:46:05 --> Undefined array key "id"
#0 C:\xampp\htdocs\pertemuan5\app\Views\tampilMakan.php(54): CodeIgniter\Debug\Exceptions->errorHandler(2, 'Undefined array...', 'C:\\xampp\\htdocs...', 54)
#1 C:\xampp\htdocs\pertemuan5\system\View\View.php(214): include('C:\\xampp\\htdocs...')
#2 C:\xampp\htdocs\pertemuan5\system\View\View.php(217): CodeIgniter\View\View->CodeIgniter\View\{closure}()
#3 C:\xampp\htdocs\pertemuan5\system\Common.php(1092): CodeIgniter\View\View->render('tampilMakan', Array, true)
#4 C:\xampp\htdocs\pertemuan5\app\Controllers\makan.php(57): view('tampilMakan', Array)
#5 C:\xampp\htdocs\pertemuan5\system\CodeIgniter.php(802): App\Controllers\Makan->simpanData()
#6 C:\xampp\htdocs\pertemuan5\system\CodeIgniter.php(399): CodeIgniter\CodeIgniter->runController(Object(App\Controllers\Makan))
#7 C:\xampp\htdocs\pertemuan5\system\CodeIgniter.php(317): CodeIgniter\CodeIgniter->handleRequest(NULL, Object(Config\Cache), false)
#8 C:\xampp\htdocs\pertemuan5\public\index.php(37): CodeIgniter\CodeIgniter->run()
#9 {main}
CRITICAL - 2021-12-10 09:47:33 --> Undefined array key "id"
#0 C:\xampp\htdocs\pertemuan5\app\Views\tampilMakan.php(54): CodeIgniter\Debug\Exceptions->errorHandler(2, 'Undefined array...', 'C:\\xampp\\htdocs...', 54)
#1 C:\xampp\htdocs\pertemuan5\system\View\View.php(214): include('C:\\xampp\\htdocs...')
#2 C:\xampp\htdocs\pertemuan5\system\View\View.php(217): CodeIgniter\View\View->CodeIgniter\View\{closure}()
#3 C:\xampp\htdocs\pertemuan5\system\Common.php(1092): CodeIgniter\View\View->render('tampilMakan', Array, true)
#4 C:\xampp\htdocs\pertemuan5\app\Controllers\makan.php(57): view('tampilMakan', Array)
#5 C:\xampp\htdocs\pertemuan5\system\CodeIgniter.php(802): App\Controllers\Makan->simpanData()
#6 C:\xampp\htdocs\pertemuan5\system\CodeIgniter.php(399): CodeIgniter\CodeIgniter->runController(Object(App\Controllers\Makan))
#7 C:\xampp\htdocs\pertemuan5\system\CodeIgniter.php(317): CodeIgniter\CodeIgniter->handleRequest(NULL, Object(Config\Cache), false)
#8 C:\xampp\htdocs\pertemuan5\public\index.php(37): CodeIgniter\CodeIgniter->run()
#9 {main}
CRITICAL - 2021-12-10 09:48:54 --> Undefined array key "id"
#0 C:\xampp\htdocs\pertemuan5\app\Views\tampilMakan.php(54): CodeIgniter\Debug\Exceptions->errorHandler(2, 'Undefined array...', 'C:\\xampp\\htdocs...', 54)
#1 C:\xampp\htdocs\pertemuan5\system\View\View.php(214): include('C:\\xampp\\htdocs...')
#2 C:\xampp\htdocs\pertemuan5\system\View\View.php(217): CodeIgniter\View\View->CodeIgniter\View\{closure}()
#3 C:\xampp\htdocs\pertemuan5\system\Common.php(1092): CodeIgniter\View\View->render('tampilMakan', Array, true)
#4 C:\xampp\htdocs\pertemuan5\app\Controllers\makan.php(57): view('tampilMakan', Array)
#5 C:\xampp\htdocs\pertemuan5\system\CodeIgniter.php(802): App\Controllers\Makan->simpanData()
#6 C:\xampp\htdocs\pertemuan5\system\CodeIgniter.php(399): CodeIgniter\CodeIgniter->runController(Object(App\Controllers\Makan))
#7 C:\xampp\htdocs\pertemuan5\system\CodeIgniter.php(317): CodeIgniter\CodeIgniter->handleRequest(NULL, Object(Config\Cache), false)
#8 C:\xampp\htdocs\pertemuan5\public\index.php(37): CodeIgniter\CodeIgniter->run()
#9 {main}
CRITICAL - 2021-12-10 09:50:26 --> Undefined array key "nama"
#0 C:\xampp\htdocs\pertemuan5\app\Views\tampilMakan.php(53): CodeIgniter\Debug\Exceptions->errorHandler(2, 'Undefined array...', 'C:\\xampp\\htdocs...', 53)
#1 C:\xampp\htdocs\pertemuan5\system\View\View.php(214): include('C:\\xampp\\htdocs...')
#2 C:\xampp\htdocs\pertemuan5\system\View\View.php(217): CodeIgniter\View\View->CodeIgniter\View\{closure}()
#3 C:\xampp\htdocs\pertemuan5\system\Common.php(1092): CodeIgniter\View\View->render('tampilMakan', Array, true)
#4 C:\xampp\htdocs\pertemuan5\app\Controllers\makan.php(33): view('tampilMakan', Array)
#5 C:\xampp\htdocs\pertemuan5\system\CodeIgniter.php(802): App\Controllers\Makan->sidebar()
#6 C:\xampp\htdocs\pertemuan5\system\CodeIgniter.php(399): CodeIgniter\CodeIgniter->runController(Object(App\Controllers\Makan))
#7 C:\xampp\htdocs\pertemuan5\system\CodeIgniter.php(317): CodeIgniter\CodeIgniter->handleRequest(NULL, Object(Config\Cache), false)
#8 C:\xampp\htdocs\pertemuan5\public\index.php(37): CodeIgniter\CodeIgniter->run()
#9 {main}
CRITICAL - 2021-12-10 09:53:52 --> Undefined array key "nama"
#0 C:\xampp\htdocs\pertemuan5\app\Views\tampilMakan.php(53): CodeIgniter\Debug\Exceptions->errorHandler(2, 'Undefined array...', 'C:\\xampp\\htdocs...', 53)
#1 C:\xampp\htdocs\pertemuan5\system\View\View.php(214): include('C:\\xampp\\htdocs...')
#2 C:\xampp\htdocs\pertemuan5\system\View\View.php(217): CodeIgniter\View\View->CodeIgniter\View\{closure}()
#3 C:\xampp\htdocs\pertemuan5\system\Common.php(1092): CodeIgniter\View\View->render('tampilMakan', Array, true)
#4 C:\xampp\htdocs\pertemuan5\app\Controllers\makan.php(33): view('tampilMakan', Array)
#5 C:\xampp\htdocs\pertemuan5\system\CodeIgniter.php(802): App\Controllers\Makan->sidebar()
#6 C:\xampp\htdocs\pertemuan5\system\CodeIgniter.php(399): CodeIgniter\CodeIgniter->runController(Object(App\Controllers\Makan))
#7 C:\xampp\htdocs\pertemuan5\system\CodeIgniter.php(317): CodeIgniter\CodeIgniter->handleRequest(NULL, Object(Config\Cache), false)
#8 C:\xampp\htdocs\pertemuan5\public\index.php(37): CodeIgniter\CodeIgniter->run()
#9 {main}
CRITICAL - 2021-12-10 09:54:00 --> Undefined array key "nama"
#0 C:\xampp\htdocs\pertemuan5\app\Views\tampilMakan.php(53): CodeIgniter\Debug\Exceptions->errorHandler(2, 'Undefined array...', 'C:\\xampp\\htdocs...', 53)
#1 C:\xampp\htdocs\pertemuan5\system\View\View.php(214): include('C:\\xampp\\htdocs...')
#2 C:\xampp\htdocs\pertemuan5\system\View\View.php(217): CodeIgniter\View\View->CodeIgniter\View\{closure}()
#3 C:\xampp\htdocs\pertemuan5\system\Common.php(1092): CodeIgniter\View\View->render('tampilMakan', Array, true)
#4 C:\xampp\htdocs\pertemuan5\app\Controllers\makan.php(33): view('tampilMakan', Array)
#5 C:\xampp\htdocs\pertemuan5\system\CodeIgniter.php(802): App\Controllers\Makan->sidebar()
#6 C:\xampp\htdocs\pertemuan5\system\CodeIgniter.php(399): CodeIgniter\CodeIgniter->runController(Object(App\Controllers\Makan))
#7 C:\xampp\htdocs\pertemuan5\system\CodeIgniter.php(317): CodeIgniter\CodeIgniter->handleRequest(NULL, Object(Config\Cache), false)
#8 C:\xampp\htdocs\pertemuan5\public\index.php(37): CodeIgniter\CodeIgniter->run()
#9 {main}
CRITICAL - 2021-12-10 09:56:52 --> Undefined array key "nama"
#0 C:\xampp\htdocs\pertemuan5\app\Views\tampilMakan.php(53): CodeIgniter\Debug\Exceptions->errorHandler(2, 'Undefined array...', 'C:\\xampp\\htdocs...', 53)
#1 C:\xampp\htdocs\pertemuan5\system\View\View.php(214): include('C:\\xampp\\htdocs...')
#2 C:\xampp\htdocs\pertemuan5\system\View\View.php(217): CodeIgniter\View\View->CodeIgniter\View\{closure}()
#3 C:\xampp\htdocs\pertemuan5\system\Common.php(1092): CodeIgniter\View\View->render('tampilMakan', Array, true)
#4 C:\xampp\htdocs\pertemuan5\app\Controllers\makan.php(33): view('tampilMakan', Array)
#5 C:\xampp\htdocs\pertemuan5\system\CodeIgniter.php(802): App\Controllers\Makan->sidebar()
#6 C:\xampp\htdocs\pertemuan5\system\CodeIgniter.php(399): CodeIgniter\CodeIgniter->runController(Object(App\Controllers\Makan))
#7 C:\xampp\htdocs\pertemuan5\system\CodeIgniter.php(317): CodeIgniter\CodeIgniter->handleRequest(NULL, Object(Config\Cache), false)
#8 C:\xampp\htdocs\pertemuan5\public\index.php(37): CodeIgniter\CodeIgniter->run()
#9 {main}
CRITICAL - 2021-12-10 09:56:59 --> Undefined array key "nama"
#0 C:\xampp\htdocs\pertemuan5\app\Views\tampilMakan.php(53): CodeIgniter\Debug\Exceptions->errorHandler(2, 'Undefined array...', 'C:\\xampp\\htdocs...', 53)
#1 C:\xampp\htdocs\pertemuan5\system\View\View.php(214): include('C:\\xampp\\htdocs...')
#2 C:\xampp\htdocs\pertemuan5\system\View\View.php(217): CodeIgniter\View\View->CodeIgniter\View\{closure}()
#3 C:\xampp\htdocs\pertemuan5\system\Common.php(1092): CodeIgniter\View\View->render('tampilMakan', Array, true)
#4 C:\xampp\htdocs\pertemuan5\app\Controllers\makan.php(33): view('tampilMakan', Array)
#5 C:\xampp\htdocs\pertemuan5\system\CodeIgniter.php(802): App\Controllers\Makan->sidebar()
#6 C:\xampp\htdocs\pertemuan5\system\CodeIgniter.php(399): CodeIgniter\CodeIgniter->runController(Object(App\Controllers\Makan))
#7 C:\xampp\htdocs\pertemuan5\system\CodeIgniter.php(317): CodeIgniter\CodeIgniter->handleRequest(NULL, Object(Config\Cache), false)
#8 C:\xampp\htdocs\pertemuan5\public\index.php(37): CodeIgniter\CodeIgniter->run()
#9 {main}
CRITICAL - 2021-12-10 18:16:14 --> Undefined array key "nama"
#0 C:\xampp\htdocs\pertemuan5\app\Views\tampilMakan.php(53): CodeIgniter\Debug\Exceptions->errorHandler(2, 'Undefined array...', 'C:\\xampp\\htdocs...', 53)
#1 C:\xampp\htdocs\pertemuan5\system\View\View.php(214): include('C:\\xampp\\htdocs...')
#2 C:\xampp\htdocs\pertemuan5\system\View\View.php(217): CodeIgniter\View\View->CodeIgniter\View\{closure}()
#3 C:\xampp\htdocs\pertemuan5\system\Common.php(1092): CodeIgniter\View\View->render('tampilMakan', Array, true)
#4 C:\xampp\htdocs\pertemuan5\app\Controllers\makan.php(33): view('tampilMakan', Array)
#5 C:\xampp\htdocs\pertemuan5\system\CodeIgniter.php(802): App\Controllers\Makan->sidebar()
#6 C:\xampp\htdocs\pertemuan5\system\CodeIgniter.php(399): CodeIgniter\CodeIgniter->runController(Object(App\Controllers\Makan))
#7 C:\xampp\htdocs\pertemuan5\system\CodeIgniter.php(317): CodeIgniter\CodeIgniter->handleRequest(NULL, Object(Config\Cache), false)
#8 C:\xampp\htdocs\pertemuan5\public\index.php(37): CodeIgniter\CodeIgniter->run()
#9 {main}
CRITICAL - 2021-12-10 18:36:19 --> Undefined array key "stok"
#0 C:\xampp\htdocs\pertemuan5\app\Views\tampilUser.php(45): CodeIgniter\Debug\Exceptions->errorHandler(2, 'Undefined array...', 'C:\\xampp\\htdocs...', 45)
#1 C:\xampp\htdocs\pertemuan5\system\View\View.php(214): include('C:\\xampp\\htdocs...')
#2 C:\xampp\htdocs\pertemuan5\system\View\View.php(217): CodeIgniter\View\View->CodeIgniter\View\{closure}()
#3 C:\xampp\htdocs\pertemuan5\system\Common.php(1092): CodeIgniter\View\View->render('tampilUser', Array, true)
#4 C:\xampp\htdocs\pertemuan5\app\Controllers\makan.php(77): view('tampilUser', Array)
#5 C:\xampp\htdocs\pertemuan5\system\CodeIgniter.php(802): App\Controllers\Makan->simpanUbahData('5')
#6 C:\xampp\htdocs\pertemuan5\system\CodeIgniter.php(399): CodeIgniter\CodeIgniter->runController(Object(App\Controllers\Makan))
#7 C:\xampp\htdocs\pertemuan5\system\CodeIgniter.php(317): CodeIgniter\CodeIgniter->handleRequest(NULL, Object(Config\Cache), false)
#8 C:\xampp\htdocs\pertemuan5\public\index.php(37): CodeIgniter\CodeIgniter->run()
#9 {main}
CRITICAL - 2021-12-10 18:37:43 --> Undefined array key "stok"
#0 C:\xampp\htdocs\pertemuan5\app\Views\tampilUser.php(45): CodeIgniter\Debug\Exceptions->errorHandler(2, 'Undefined array...', 'C:\\xampp\\htdocs...', 45)
#1 C:\xampp\htdocs\pertemuan5\system\View\View.php(214): include('C:\\xampp\\htdocs...')
#2 C:\xampp\htdocs\pertemuan5\system\View\View.php(217): CodeIgniter\View\View->CodeIgniter\View\{closure}()
#3 C:\xampp\htdocs\pertemuan5\system\Common.php(1092): CodeIgniter\View\View->render('tampilUser', Array, true)
#4 C:\xampp\htdocs\pertemuan5\app\Controllers\makan.php(77): view('tampilUser', Array)
#5 C:\xampp\htdocs\pertemuan5\system\CodeIgniter.php(802): App\Controllers\Makan->simpanUbahData('5')
#6 C:\xampp\htdocs\pertemuan5\system\CodeIgniter.php(399): CodeIgniter\CodeIgniter->runController(Object(App\Controllers\Makan))
#7 C:\xampp\htdocs\pertemuan5\system\CodeIgniter.php(317): CodeIgniter\CodeIgniter->handleRequest(NULL, Object(Config\Cache), false)
#8 C:\xampp\htdocs\pertemuan5\public\index.php(37): CodeIgniter\CodeIgniter->run()
#9 {main}
CRITICAL - 2021-12-10 18:40:12 --> Undefined variable $makan
#0 C:\xampp\htdocs\pertemuan5\app\Views\tampilMakan.php(49): CodeIgniter\Debug\Exceptions->errorHandler(2, 'Undefined varia...', 'C:\\xampp\\htdocs...', 49)
#1 C:\xampp\htdocs\pertemuan5\system\View\View.php(214): include('C:\\xampp\\htdocs...')
#2 C:\xampp\htdocs\pertemuan5\system\View\View.php(217): CodeIgniter\View\View->CodeIgniter\View\{closure}()
#3 C:\xampp\htdocs\pertemuan5\system\Common.php(1092): CodeIgniter\View\View->render('tampilMakan', Array, true)
#4 C:\xampp\htdocs\pertemuan5\app\Controllers\makan.php(77): view('tampilMakan', Array)
#5 C:\xampp\htdocs\pertemuan5\system\CodeIgniter.php(802): App\Controllers\Makan->simpanUbahData('5')
#6 C:\xampp\htdocs\pertemuan5\system\CodeIgniter.php(399): CodeIgniter\CodeIgniter->runController(Object(App\Controllers\Makan))
#7 C:\xampp\htdocs\pertemuan5\system\CodeIgniter.php(317): CodeIgniter\CodeIgniter->handleRequest(NULL, Object(Config\Cache), false)
#8 C:\xampp\htdocs\pertemuan5\public\index.php(37): CodeIgniter\CodeIgniter->run()
#9 {main}
ERROR - 2021-12-10 18:56:26 --> Table 'gudang.minum' doesn't exist
CRITICAL - 2021-12-10 18:56:26 --> Table 'gudang.minum' doesn't exist
#0 C:\xampp\htdocs\pertemuan5\system\Database\MySQLi\Connection.php(280): mysqli->query('SELECT *\nFROM `...')
#1 C:\xampp\htdocs\pertemuan5\system\Database\BaseConnection.php(663): CodeIgniter\Database\MySQLi\Connection->execute('SELECT *\nFROM `...')
#2 C:\xampp\htdocs\pertemuan5\system\Database\BaseConnection.php(591): CodeIgniter\Database\BaseConnection->simpleQuery('SELECT *\nFROM `...')
#3 C:\xampp\htdocs\pertemuan5\system\Database\BaseBuilder.php(1428): CodeIgniter\Database\BaseConnection->query('SELECT *\nFROM `...', Array, false)
#4 C:\xampp\htdocs\pertemuan5\system\Model.php(183): CodeIgniter\Database\BaseBuilder->get()
#5 C:\xampp\htdocs\pertemuan5\system\BaseModel.php(584): CodeIgniter\Model->doFindAll(0, 0)
#6 C:\xampp\htdocs\pertemuan5\app\Controllers\minum.php(32): CodeIgniter\BaseModel->findAll()
#7 C:\xampp\htdocs\pertemuan5\system\CodeIgniter.php(802): App\Controllers\Minum->sidebar()
#8 C:\xampp\htdocs\pertemuan5\system\CodeIgniter.php(399): CodeIgniter\CodeIgniter->runController(Object(App\Controllers\Minum))
#9 C:\xampp\htdocs\pertemuan5\system\CodeIgniter.php(317): CodeIgniter\CodeIgniter->handleRequest(NULL, Object(Config\Cache), false)
#10 C:\xampp\htdocs\pertemuan5\public\index.php(37): CodeIgniter\CodeIgniter->run()
#11 {main}
CRITICAL - 2021-12-10 19:00:46 --> Invalid file: formInputMinum.php
#0 C:\xampp\htdocs\pertemuan5\system\View\View.php(198): CodeIgniter\Exceptions\FrameworkException::forInvalidFile('formInputMinum....')
#1 C:\xampp\htdocs\pertemuan5\system\Common.php(1092): CodeIgniter\View\View->render('formInputMinum', Array, true)
#2 C:\xampp\htdocs\pertemuan5\app\Controllers\minum.php(37): view('formInputMinum')
#3 C:\xampp\htdocs\pertemuan5\system\CodeIgniter.php(802): App\Controllers\Minum->inputData()
#4 C:\xampp\htdocs\pertemuan5\system\CodeIgniter.php(399): CodeIgniter\CodeIgniter->runController(Object(App\Controllers\Minum))
#5 C:\xampp\htdocs\pertemuan5\system\CodeIgniter.php(317): CodeIgniter\CodeIgniter->handleRequest(NULL, Object(Config\Cache), false)
#6 C:\xampp\htdocs\pertemuan5\public\index.php(37): CodeIgniter\CodeIgniter->run()
#7 {main}
CRITICAL - 2021-12-10 19:05:05 --> Undefined variable $makan
#0 C:\xampp\htdocs\pertemuan5\app\Views\tampilMinum.php(57): CodeIgniter\Debug\Exceptions->errorHandler(2, 'Undefined varia...', 'C:\\xampp\\htdocs...', 57)
#1 C:\xampp\htdocs\pertemuan5\system\View\View.php(214): include('C:\\xampp\\htdocs...')
#2 C:\xampp\htdocs\pertemuan5\system\View\View.php(217): CodeIgniter\View\View->CodeIgniter\View\{closure}()
#3 C:\xampp\htdocs\pertemuan5\system\Common.php(1092): CodeIgniter\View\View->render('tampilMinum', Array, true)
#4 C:\xampp\htdocs\pertemuan5\app\Controllers\minum.php(57): view('tampilMinum', Array)
#5 C:\xampp\htdocs\pertemuan5\system\CodeIgniter.php(802): App\Controllers\Minum->simpanData()
#6 C:\xampp\htdocs\pertemuan5\system\CodeIgniter.php(399): CodeIgniter\CodeIgniter->runController(Object(App\Controllers\Minum))
#7 C:\xampp\htdocs\pertemuan5\system\CodeIgniter.php(317): CodeIgniter\CodeIgniter->handleRequest(NULL, Object(Config\Cache), false)
#8 C:\xampp\htdocs\pertemuan5\public\index.php(37): CodeIgniter\CodeIgniter->run()
#9 {main}
CRITICAL - 2021-12-10 21:12:10 --> Undefined variable $pesan
#0 C:\xampp\htdocs\pertemuan5\app\Views\tampilPesanan.php(54): CodeIgniter\Debug\Exceptions->errorHandler(2, 'Undefined varia...', 'C:\\xampp\\htdocs...', 54)
#1 C:\xampp\htdocs\pertemuan5\system\View\View.php(214): include('C:\\xampp\\htdocs...')
#2 C:\xampp\htdocs\pertemuan5\system\View\View.php(217): CodeIgniter\View\View->CodeIgniter\View\{closure}()
#3 C:\xampp\htdocs\pertemuan5\system\Common.php(1092): CodeIgniter\View\View->render('tampilPesanan', Array, true)
#4 C:\xampp\htdocs\pertemuan5\app\Controllers\login.php(29): view('tampilPesanan')
#5 C:\xampp\htdocs\pertemuan5\system\CodeIgniter.php(802): App\Controllers\login->auth()
#6 C:\xampp\htdocs\pertemuan5\system\CodeIgniter.php(399): CodeIgniter\CodeIgniter->runController(Object(App\Controllers\login))
#7 C:\xampp\htdocs\pertemuan5\system\CodeIgniter.php(317): CodeIgniter\CodeIgniter->handleRequest(NULL, Object(Config\Cache), false)
#8 C:\xampp\htdocs\pertemuan5\public\index.php(37): CodeIgniter\CodeIgniter->run()
#9 {main}
ERROR - 2021-12-10 21:36:33 --> Unknown column 'pesanan.deleted_at' in 'where clause'
CRITICAL - 2021-12-10 21:36:33 --> Unknown column 'pesanan.deleted_at' in 'where clause'
#0 C:\xampp\htdocs\pertemuan5\system\Database\MySQLi\Connection.php(280): mysqli->query('SELECT *\nFROM `...')
#1 C:\xampp\htdocs\pertemuan5\system\Database\BaseConnection.php(663): CodeIgniter\Database\MySQLi\Connection->execute('SELECT *\nFROM `...')
#2 C:\xampp\htdocs\pertemuan5\system\Database\BaseConnection.php(591): CodeIgniter\Database\BaseConnection->simpleQuery('SELECT *\nFROM `...')
#3 C:\xampp\htdocs\pertemuan5\system\Database\BaseBuilder.php(1428): CodeIgniter\Database\BaseConnection->query('SELECT *\nFROM `...', Array, false)
#4 C:\xampp\htdocs\pertemuan5\system\Model.php(183): CodeIgniter\Database\BaseBuilder->get()
#5 C:\xampp\htdocs\pertemuan5\system\BaseModel.php(584): CodeIgniter\Model->doFindAll(0, 0)
#6 C:\xampp\htdocs\pertemuan5\app\Controllers\pesanan.php(32): CodeIgniter\BaseModel->findAll()
#7 C:\xampp\htdocs\pertemuan5\system\CodeIgniter.php(802): App\Controllers\Pesanan->sidebar()
#8 C:\xampp\htdocs\pertemuan5\system\CodeIgniter.php(399): CodeIgniter\CodeIgniter->runController(Object(App\Controllers\Pesanan))
#9 C:\xampp\htdocs\pertemuan5\system\CodeIgniter.php(317): CodeIgniter\CodeIgniter->handleRequest(NULL, Object(Config\Cache), false)
#10 C:\xampp\htdocs\pertemuan5\public\index.php(37): CodeIgniter\CodeIgniter->run()
#11 {main}
ERROR - 2021-12-10 21:37:11 --> Unknown column 'pesanan.deleted_at' in 'where clause'
CRITICAL - 2021-12-10 21:37:11 --> Unknown column 'pesanan.deleted_at' in 'where clause'
#0 C:\xampp\htdocs\pertemuan5\system\Database\MySQLi\Connection.php(280): mysqli->query('SELECT *\nFROM `...')
#1 C:\xampp\htdocs\pertemuan5\system\Database\BaseConnection.php(663): CodeIgniter\Database\MySQLi\Connection->execute('SELECT *\nFROM `...')
#2 C:\xampp\htdocs\pertemuan5\system\Database\BaseConnection.php(591): CodeIgniter\Database\BaseConnection->simpleQuery('SELECT *\nFROM `...')
#3 C:\xampp\htdocs\pertemuan5\system\Database\BaseBuilder.php(1428): CodeIgniter\Database\BaseConnection->query('SELECT *\nFROM `...', Array, false)
#4 C:\xampp\htdocs\pertemuan5\system\Model.php(183): CodeIgniter\Database\BaseBuilder->get()
#5 C:\xampp\htdocs\pertemuan5\system\BaseModel.php(584): CodeIgniter\Model->doFindAll(0, 0)
#6 C:\xampp\htdocs\pertemuan5\app\Controllers\pesanan.php(32): CodeIgniter\BaseModel->findAll()
#7 C:\xampp\htdocs\pertemuan5\system\CodeIgniter.php(802): App\Controllers\Pesanan->sidebar()
#8 C:\xampp\htdocs\pertemuan5\system\CodeIgniter.php(399): CodeIgniter\CodeIgniter->runController(Object(App\Controllers\Pesanan))
#9 C:\xampp\htdocs\pertemuan5\system\CodeIgniter.php(317): CodeIgniter\CodeIgniter->handleRequest(NULL, Object(Config\Cache), false)
#10 C:\xampp\htdocs\pertemuan5\public\index.php(37): CodeIgniter\CodeIgniter->run()
#11 {main}
ERROR - 2021-12-10 21:37:19 --> Unknown column 'pesanan.deleted_at' in 'where clause'
CRITICAL - 2021-12-10 21:37:19 --> Unknown column 'pesanan.deleted_at' in 'where clause'
#0 C:\xampp\htdocs\pertemuan5\system\Database\MySQLi\Connection.php(280): mysqli->query('SELECT *\nFROM `...')
#1 C:\xampp\htdocs\pertemuan5\system\Database\BaseConnection.php(663): CodeIgniter\Database\MySQLi\Connection->execute('SELECT *\nFROM `...')
#2 C:\xampp\htdocs\pertemuan5\system\Database\BaseConnection.php(591): CodeIgniter\Database\BaseConnection->simpleQuery('SELECT *\nFROM `...')
#3 C:\xampp\htdocs\pertemuan5\system\Database\BaseBuilder.php(1428): CodeIgniter\Database\BaseConnection->query('SELECT *\nFROM `...', Array, false)
#4 C:\xampp\htdocs\pertemuan5\system\Model.php(183): CodeIgniter\Database\BaseBuilder->get()
#5 C:\xampp\htdocs\pertemuan5\system\BaseModel.php(584): CodeIgniter\Model->doFindAll(0, 0)
#6 C:\xampp\htdocs\pertemuan5\app\Controllers\pesanan.php(32): CodeIgniter\BaseModel->findAll()
#7 C:\xampp\htdocs\pertemuan5\system\CodeIgniter.php(802): App\Controllers\Pesanan->sidebar()
#8 C:\xampp\htdocs\pertemuan5\system\CodeIgniter.php(399): CodeIgniter\CodeIgniter->runController(Object(App\Controllers\Pesanan))
#9 C:\xampp\htdocs\pertemuan5\system\CodeIgniter.php(317): CodeIgniter\CodeIgniter->handleRequest(NULL, Object(Config\Cache), false)
#10 C:\xampp\htdocs\pertemuan5\public\index.php(37): CodeIgniter\CodeIgniter->run()
#11 {main}
ERROR - 2021-12-10 22:16:52 --> Unknown column 'pesanan.deleted_at' in 'where clause'
CRITICAL - 2021-12-10 22:16:52 --> Unknown column 'pesanan.deleted_at' in 'where clause'
#0 C:\xampp\htdocs\pertemuan5\system\Database\MySQLi\Connection.php(280): mysqli->query('SELECT *\nFROM `...')
#1 C:\xampp\htdocs\pertemuan5\system\Database\BaseConnection.php(663): CodeIgniter\Database\MySQLi\Connection->execute('SELECT *\nFROM `...')
#2 C:\xampp\htdocs\pertemuan5\system\Database\BaseConnection.php(591): CodeIgniter\Database\BaseConnection->simpleQuery('SELECT *\nFROM `...')
#3 C:\xampp\htdocs\pertemuan5\system\Database\BaseBuilder.php(1428): CodeIgniter\Database\BaseConnection->query('SELECT *\nFROM `...', Array, false)
#4 C:\xampp\htdocs\pertemuan5\system\Model.php(183): CodeIgniter\Database\BaseBuilder->get()
#5 C:\xampp\htdocs\pertemuan5\system\BaseModel.php(584): CodeIgniter\Model->doFindAll(0, 0)
#6 C:\xampp\htdocs\pertemuan5\app\Controllers\pesanan.php(32): CodeIgniter\BaseModel->findAll()
#7 C:\xampp\htdocs\pertemuan5\system\CodeIgniter.php(802): App\Controllers\Pesanan->sidebar()
#8 C:\xampp\htdocs\pertemuan5\system\CodeIgniter.php(399): CodeIgniter\CodeIgniter->runController(Object(App\Controllers\Pesanan))
#9 C:\xampp\htdocs\pertemuan5\system\CodeIgniter.php(317): CodeIgniter\CodeIgniter->handleRequest(NULL, Object(Config\Cache), false)
#10 C:\xampp\htdocs\pertemuan5\public\index.php(37): CodeIgniter\CodeIgniter->run()
#11 {main}
ERROR - 2021-12-10 22:17:36 --> Unknown column 'pesanan.deleted_at' in 'where clause'
CRITICAL - 2021-12-10 22:17:36 --> Unknown column 'pesanan.deleted_at' in 'where clause'
#0 C:\xampp\htdocs\pertemuan5\system\Database\MySQLi\Connection.php(280): mysqli->query('SELECT *\nFROM `...')
#1 C:\xampp\htdocs\pertemuan5\system\Database\BaseConnection.php(663): CodeIgniter\Database\MySQLi\Connection->execute('SELECT *\nFROM `...')
#2 C:\xampp\htdocs\pertemuan5\system\Database\BaseConnection.php(591): CodeIgniter\Database\BaseConnection->simpleQuery('SELECT *\nFROM `...')
#3 C:\xampp\htdocs\pertemuan5\system\Database\BaseBuilder.php(1428): CodeIgniter\Database\BaseConnection->query('SELECT *\nFROM `...', Array, false)
#4 C:\xampp\htdocs\pertemuan5\system\Model.php(183): CodeIgniter\Database\BaseBuilder->get()
#5 C:\xampp\htdocs\pertemuan5\system\BaseModel.php(584): CodeIgniter\Model->doFindAll(0, 0)
#6 C:\xampp\htdocs\pertemuan5\app\Controllers\pesanan.php(32): CodeIgniter\BaseModel->findAll()
#7 C:\xampp\htdocs\pertemuan5\system\CodeIgniter.php(802): App\Controllers\Pesanan->sidebar()
#8 C:\xampp\htdocs\pertemuan5\system\CodeIgniter.php(399): CodeIgniter\CodeIgniter->runController(Object(App\Controllers\Pesanan))
#9 C:\xampp\htdocs\pertemuan5\system\CodeIgniter.php(317): CodeIgniter\CodeIgniter->handleRequest(NULL, Object(Config\Cache), false)
#10 C:\xampp\htdocs\pertemuan5\public\index.php(37): CodeIgniter\CodeIgniter->run()
#11 {main}
