CRITICAL - 2021-12-09 21:28:45 --> Call to undefined method App\Models\UserModel::getRole
#0 C:\xampp\htdocs\pertemuan5\app\Controllers\login.php(22): CodeIgniter\Model->__call('getRole', Array)
#1 C:\xampp\htdocs\pertemuan5\system\CodeIgniter.php(802): App\Controllers\login->auth()
#2 C:\xampp\htdocs\pertemuan5\system\CodeIgniter.php(399): CodeIgniter\CodeIgniter->runController(Object(App\Controllers\login))
#3 C:\xampp\htdocs\pertemuan5\system\CodeIgniter.php(317): CodeIgniter\CodeIgniter->handleRequest(NULL, Object(Config\Cache), false)
#4 C:\xampp\htdocs\pertemuan5\public\index.php(37): CodeIgniter\CodeIgniter->run()
#5 {main}
CRITICAL - 2021-12-09 21:30:45 --> Undefined property: App\Controllers\login::$LoginModel
#0 C:\xampp\htdocs\pertemuan5\app\Controllers\login.php(22): CodeIgniter\Debug\Exceptions->errorHandler(2, 'Undefined prope...', 'C:\\xampp\\htdocs...', 22)
#1 C:\xampp\htdocs\pertemuan5\system\CodeIgniter.php(802): App\Controllers\login->auth()
#2 C:\xampp\htdocs\pertemuan5\system\CodeIgniter.php(399): CodeIgniter\CodeIgniter->runController(Object(App\Controllers\login))
#3 C:\xampp\htdocs\pertemuan5\system\CodeIgniter.php(317): CodeIgniter\CodeIgniter->handleRequest(NULL, Object(Config\Cache), false)
#4 C:\xampp\htdocs\pertemuan5\public\index.php(37): CodeIgniter\CodeIgniter->run()
#5 {main}
CRITICAL - 2021-12-09 21:33:22 --> Invalid file: bahan.php
#0 C:\xampp\htdocs\pertemuan5\system\View\View.php(198): CodeIgniter\Exceptions\FrameworkException::forInvalidFile('bahan.php')
#1 C:\xampp\htdocs\pertemuan5\system\Common.php(1092): CodeIgniter\View\View->render('bahan', Array, true)
#2 C:\xampp\htdocs\pertemuan5\app\Controllers\login.php(25): view('bahan')
#3 C:\xampp\htdocs\pertemuan5\system\CodeIgniter.php(802): App\Controllers\login->auth()
#4 C:\xampp\htdocs\pertemuan5\system\CodeIgniter.php(399): CodeIgniter\CodeIgniter->runController(Object(App\Controllers\login))
#5 C:\xampp\htdocs\pertemuan5\system\CodeIgniter.php(317): CodeIgniter\CodeIgniter->handleRequest(NULL, Object(Config\Cache), false)
#6 C:\xampp\htdocs\pertemuan5\public\index.php(37): CodeIgniter\CodeIgniter->run()
#7 {main}
ERROR - 2021-12-09 21:34:51 --> Table 'gudang.users' doesn't exist
CRITICAL - 2021-12-09 21:34:51 --> Table 'gudang.users' doesn't exist
#0 C:\xampp\htdocs\pertemuan5\system\Database\MySQLi\Connection.php(280): mysqli->query('SELECT *\nFROM `...')
#1 C:\xampp\htdocs\pertemuan5\system\Database\BaseConnection.php(663): CodeIgniter\Database\MySQLi\Connection->execute('SELECT *\nFROM `...')
#2 C:\xampp\htdocs\pertemuan5\system\Database\BaseConnection.php(591): CodeIgniter\Database\BaseConnection->simpleQuery('SELECT *\nFROM `...')
#3 C:\xampp\htdocs\pertemuan5\system\Database\BaseBuilder.php(1428): CodeIgniter\Database\BaseConnection->query('SELECT *\nFROM `...', Array, false)
#4 C:\xampp\htdocs\pertemuan5\system\Model.php(183): CodeIgniter\Database\BaseBuilder->get()
#5 C:\xampp\htdocs\pertemuan5\system\BaseModel.php(584): CodeIgniter\Model->doFindAll(0, 0)
#6 C:\xampp\htdocs\pertemuan5\app\Controllers\User.php(15): CodeIgniter\BaseModel->findAll()
#7 C:\xampp\htdocs\pertemuan5\system\CodeIgniter.php(802): App\Controllers\User->index()
#8 C:\xampp\htdocs\pertemuan5\system\CodeIgniter.php(399): CodeIgniter\CodeIgniter->runController(Object(App\Controllers\User))
#9 C:\xampp\htdocs\pertemuan5\system\CodeIgniter.php(317): CodeIgniter\CodeIgniter->handleRequest(NULL, Object(Config\Cache), false)
#10 C:\xampp\htdocs\pertemuan5\public\index.php(37): CodeIgniter\CodeIgniter->run()
#11 {main}
CRITICAL - 2021-12-09 21:37:07 --> Invalid file: index.php
#0 C:\xampp\htdocs\pertemuan5\system\View\View.php(198): CodeIgniter\Exceptions\FrameworkException::forInvalidFile('index.php')
#1 C:\xampp\htdocs\pertemuan5\system\Common.php(1092): CodeIgniter\View\View->render('index', Array, true)
#2 C:\xampp\htdocs\pertemuan5\app\Controllers\login.php(25): view('index')
#3 C:\xampp\htdocs\pertemuan5\system\CodeIgniter.php(802): App\Controllers\login->auth()
#4 C:\xampp\htdocs\pertemuan5\system\CodeIgniter.php(399): CodeIgniter\CodeIgniter->runController(Object(App\Controllers\login))
#5 C:\xampp\htdocs\pertemuan5\system\CodeIgniter.php(317): CodeIgniter\CodeIgniter->handleRequest(NULL, Object(Config\Cache), false)
#6 C:\xampp\htdocs\pertemuan5\public\index.php(37): CodeIgniter\CodeIgniter->run()
#7 {main}
