ERROR - 2021-10-12 09:53:26 --> Error connecting to the database: Unknown database 'ci4'
CRITICAL - 2021-10-12 09:53:26 --> Unable to connect to the database.
Main connection [MySQLi]: Unknown database 'ci4'
#0 C:\xampp\htdocs\pertemuan5\system\Database\BaseConnection.php(570): CodeIgniter\Database\BaseConnection->initialize()
#1 C:\xampp\htdocs\pertemuan5\system\Database\BaseBuilder.php(1428): CodeIgniter\Database\BaseConnection->query('SELECT *\nFROM `...', Array, false)
#2 C:\xampp\htdocs\pertemuan5\system\Model.php(183): CodeIgniter\Database\BaseBuilder->get()
#3 C:\xampp\htdocs\pertemuan5\system\BaseModel.php(584): CodeIgniter\Model->doFindAll(0, 0)
#4 C:\xampp\htdocs\pertemuan5\app\Controllers\User.php(15): CodeIgniter\BaseModel->findAll()
#5 C:\xampp\htdocs\pertemuan5\system\CodeIgniter.php(802): App\Controllers\User->index()
#6 C:\xampp\htdocs\pertemuan5\system\CodeIgniter.php(399): CodeIgniter\CodeIgniter->runController(Object(App\Controllers\User))
#7 C:\xampp\htdocs\pertemuan5\system\CodeIgniter.php(317): CodeIgniter\CodeIgniter->handleRequest(NULL, Object(Config\Cache), false)
#8 C:\xampp\htdocs\pertemuan5\public\index.php(37): CodeIgniter\CodeIgniter->run()
#9 {main}
ERROR - 2021-10-12 10:00:07 --> Error connecting to the database: Unknown database 'ci4'
CRITICAL - 2021-10-12 10:00:07 --> Unable to connect to the database.
Main connection [MySQLi]: Unknown database 'ci4'
#0 C:\xampp\htdocs\pertemuan5\system\Database\BaseConnection.php(570): CodeIgniter\Database\BaseConnection->initialize()
#1 C:\xampp\htdocs\pertemuan5\system\Database\BaseBuilder.php(1428): CodeIgniter\Database\BaseConnection->query('SELECT *\nFROM `...', Array, false)
#2 C:\xampp\htdocs\pertemuan5\system\Model.php(183): CodeIgniter\Database\BaseBuilder->get()
#3 C:\xampp\htdocs\pertemuan5\system\BaseModel.php(584): CodeIgniter\Model->doFindAll(0, 0)
#4 C:\xampp\htdocs\pertemuan5\app\Controllers\User.php(15): CodeIgniter\BaseModel->findAll()
#5 C:\xampp\htdocs\pertemuan5\system\CodeIgniter.php(802): App\Controllers\User->index()
#6 C:\xampp\htdocs\pertemuan5\system\CodeIgniter.php(399): CodeIgniter\CodeIgniter->runController(Object(App\Controllers\User))
#7 C:\xampp\htdocs\pertemuan5\system\CodeIgniter.php(317): CodeIgniter\CodeIgniter->handleRequest(NULL, Object(Config\Cache), false)
#8 C:\xampp\htdocs\pertemuan5\public\index.php(37): CodeIgniter\CodeIgniter->run()
#9 {main}
ERROR - 2021-10-12 10:01:33 --> Error connecting to the database: Unknown database 'ci4'
CRITICAL - 2021-10-12 10:01:33 --> Unable to connect to the database.
Main connection [MySQLi]: Unknown database 'ci4'
#0 C:\xampp\htdocs\pertemuan5\system\Database\BaseConnection.php(570): CodeIgniter\Database\BaseConnection->initialize()
#1 C:\xampp\htdocs\pertemuan5\system\Database\BaseBuilder.php(1428): CodeIgniter\Database\BaseConnection->query('SELECT *\nFROM `...', Array, false)
#2 C:\xampp\htdocs\pertemuan5\system\Model.php(183): CodeIgniter\Database\BaseBuilder->get()
#3 C:\xampp\htdocs\pertemuan5\system\BaseModel.php(584): CodeIgniter\Model->doFindAll(0, 0)
#4 C:\xampp\htdocs\pertemuan5\app\Controllers\User.php(15): CodeIgniter\BaseModel->findAll()
#5 C:\xampp\htdocs\pertemuan5\system\CodeIgniter.php(802): App\Controllers\User->index()
#6 C:\xampp\htdocs\pertemuan5\system\CodeIgniter.php(399): CodeIgniter\CodeIgniter->runController(Object(App\Controllers\User))
#7 C:\xampp\htdocs\pertemuan5\system\CodeIgniter.php(317): CodeIgniter\CodeIgniter->handleRequest(NULL, Object(Config\Cache), false)
#8 C:\xampp\htdocs\pertemuan5\public\index.php(37): CodeIgniter\CodeIgniter->run()
#9 {main}
ERROR - 2021-10-12 10:01:39 --> Error connecting to the database: Unknown database 'ci4'
CRITICAL - 2021-10-12 10:01:39 --> Unable to connect to the database.
Main connection [MySQLi]: Unknown database 'ci4'
#0 C:\xampp\htdocs\pertemuan5\system\Database\BaseConnection.php(570): CodeIgniter\Database\BaseConnection->initialize()
#1 C:\xampp\htdocs\pertemuan5\system\Database\BaseBuilder.php(1428): CodeIgniter\Database\BaseConnection->query('SELECT *\nFROM `...', Array, false)
#2 C:\xampp\htdocs\pertemuan5\system\Model.php(183): CodeIgniter\Database\BaseBuilder->get()
#3 C:\xampp\htdocs\pertemuan5\system\BaseModel.php(584): CodeIgniter\Model->doFindAll(0, 0)
#4 C:\xampp\htdocs\pertemuan5\app\Controllers\User.php(15): CodeIgniter\BaseModel->findAll()
#5 C:\xampp\htdocs\pertemuan5\system\CodeIgniter.php(802): App\Controllers\User->index()
#6 C:\xampp\htdocs\pertemuan5\system\CodeIgniter.php(399): CodeIgniter\CodeIgniter->runController(Object(App\Controllers\User))
#7 C:\xampp\htdocs\pertemuan5\system\CodeIgniter.php(317): CodeIgniter\CodeIgniter->handleRequest(NULL, Object(Config\Cache), false)
#8 C:\xampp\htdocs\pertemuan5\public\index.php(37): CodeIgniter\CodeIgniter->run()
#9 {main}
ERROR - 2021-10-12 10:02:20 --> Error connecting to the database: Unknown database 'ci4'
CRITICAL - 2021-10-12 10:02:20 --> Unable to connect to the database.
Main connection [MySQLi]: Unknown database 'ci4'
#0 C:\xampp\htdocs\pertemuan5\system\Database\BaseConnection.php(570): CodeIgniter\Database\BaseConnection->initialize()
#1 C:\xampp\htdocs\pertemuan5\system\Database\BaseBuilder.php(1428): CodeIgniter\Database\BaseConnection->query('SELECT *\nFROM `...', Array, false)
#2 C:\xampp\htdocs\pertemuan5\system\Model.php(183): CodeIgniter\Database\BaseBuilder->get()
#3 C:\xampp\htdocs\pertemuan5\system\BaseModel.php(584): CodeIgniter\Model->doFindAll(0, 0)
#4 C:\xampp\htdocs\pertemuan5\app\Controllers\User.php(15): CodeIgniter\BaseModel->findAll()
#5 C:\xampp\htdocs\pertemuan5\system\CodeIgniter.php(802): App\Controllers\User->index()
#6 C:\xampp\htdocs\pertemuan5\system\CodeIgniter.php(399): CodeIgniter\CodeIgniter->runController(Object(App\Controllers\User))
#7 C:\xampp\htdocs\pertemuan5\system\CodeIgniter.php(317): CodeIgniter\CodeIgniter->handleRequest(NULL, Object(Config\Cache), false)
#8 C:\xampp\htdocs\pertemuan5\public\index.php(37): CodeIgniter\CodeIgniter->run()
#9 {main}
ERROR - 2021-10-12 10:02:49 --> Error connecting to the database: Unknown database 'ci4'
CRITICAL - 2021-10-12 10:02:49 --> Unable to connect to the database.
Main connection [MySQLi]: Unknown database 'ci4'
#0 C:\xampp\htdocs\pertemuan5\system\Database\BaseConnection.php(570): CodeIgniter\Database\BaseConnection->initialize()
#1 C:\xampp\htdocs\pertemuan5\system\Database\BaseBuilder.php(1428): CodeIgniter\Database\BaseConnection->query('SELECT *\nFROM `...', Array, false)
#2 C:\xampp\htdocs\pertemuan5\system\Model.php(183): CodeIgniter\Database\BaseBuilder->get()
#3 C:\xampp\htdocs\pertemuan5\system\BaseModel.php(584): CodeIgniter\Model->doFindAll(0, 0)
#4 C:\xampp\htdocs\pertemuan5\app\Controllers\User.php(15): CodeIgniter\BaseModel->findAll()
#5 C:\xampp\htdocs\pertemuan5\system\CodeIgniter.php(802): App\Controllers\User->index()
#6 C:\xampp\htdocs\pertemuan5\system\CodeIgniter.php(399): CodeIgniter\CodeIgniter->runController(Object(App\Controllers\User))
#7 C:\xampp\htdocs\pertemuan5\system\CodeIgniter.php(317): CodeIgniter\CodeIgniter->handleRequest(NULL, Object(Config\Cache), false)
#8 C:\xampp\htdocs\pertemuan5\public\index.php(37): CodeIgniter\CodeIgniter->run()
#9 {main}
ERROR - 2021-10-12 10:13:29 --> Error connecting to the database: Unknown database 'ci4'
CRITICAL - 2021-10-12 10:13:29 --> Unable to connect to the database.
Main connection [MySQLi]: Unknown database 'ci4'
#0 C:\xampp\htdocs\pertemuan5\system\Database\BaseConnection.php(570): CodeIgniter\Database\BaseConnection->initialize()
#1 C:\xampp\htdocs\pertemuan5\system\Database\BaseBuilder.php(1428): CodeIgniter\Database\BaseConnection->query('SELECT *\nFROM `...', Array, false)
#2 C:\xampp\htdocs\pertemuan5\system\Model.php(183): CodeIgniter\Database\BaseBuilder->get()
#3 C:\xampp\htdocs\pertemuan5\system\BaseModel.php(584): CodeIgniter\Model->doFindAll(0, 0)
#4 C:\xampp\htdocs\pertemuan5\app\Controllers\User.php(15): CodeIgniter\BaseModel->findAll()
#5 C:\xampp\htdocs\pertemuan5\system\CodeIgniter.php(802): App\Controllers\User->index()
#6 C:\xampp\htdocs\pertemuan5\system\CodeIgniter.php(399): CodeIgniter\CodeIgniter->runController(Object(App\Controllers\User))
#7 C:\xampp\htdocs\pertemuan5\system\CodeIgniter.php(317): CodeIgniter\CodeIgniter->handleRequest(NULL, Object(Config\Cache), false)
#8 C:\xampp\htdocs\pertemuan5\public\index.php(37): CodeIgniter\CodeIgniter->run()
#9 {main}
