CRITICAL - 2022-10-27 18:48:49 --> Cannot use object of type stdClass as array
#0 C:\xampp\htdocs\pengaduan\system\View\View.php(214): include()
#1 C:\xampp\htdocs\pengaduan\system\View\View.php(217): CodeIgniter\View\View->CodeIgniter\View\{closure}()
#2 C:\xampp\htdocs\pengaduan\system\Common.php(1092): CodeIgniter\View\View->render('home', Array, true)
#3 C:\xampp\htdocs\pengaduan\app\Controllers\Home.php(33): view('home', Array)
#4 C:\xampp\htdocs\pengaduan\system\CodeIgniter.php(802): App\Controllers\Home->index()
#5 C:\xampp\htdocs\pengaduan\system\CodeIgniter.php(399): CodeIgniter\CodeIgniter->runController(Object(App\Controllers\Home))
#6 C:\xampp\htdocs\pengaduan\system\CodeIgniter.php(317): CodeIgniter\CodeIgniter->handleRequest(NULL, Object(Config\Cache), false)
#7 C:\xampp\htdocs\pengaduan\public\index.php(37): CodeIgniter\CodeIgniter->run()
#8 {main}
CRITICAL - 2022-10-27 18:51:17 --> Undefined variable: barang
#0 C:\xampp\htdocs\pengaduan\app\Views\home.php(81): CodeIgniter\Debug\Exceptions->errorHandler(8, 'Undefined varia...', 'C:\\xampp\\htdocs...', 81, Array)
#1 C:\xampp\htdocs\pengaduan\system\View\View.php(214): include('C:\\xampp\\htdocs...')
#2 C:\xampp\htdocs\pengaduan\system\View\View.php(217): CodeIgniter\View\View->CodeIgniter\View\{closure}()
#3 C:\xampp\htdocs\pengaduan\system\Common.php(1092): CodeIgniter\View\View->render('home', Array, true)
#4 C:\xampp\htdocs\pengaduan\app\Controllers\Home.php(33): view('home', Array)
#5 C:\xampp\htdocs\pengaduan\system\CodeIgniter.php(802): App\Controllers\Home->index()
#6 C:\xampp\htdocs\pengaduan\system\CodeIgniter.php(399): CodeIgniter\CodeIgniter->runController(Object(App\Controllers\Home))
#7 C:\xampp\htdocs\pengaduan\system\CodeIgniter.php(317): CodeIgniter\CodeIgniter->handleRequest(NULL, Object(Config\Cache), false)
#8 C:\xampp\htdocs\pengaduan\public\index.php(37): CodeIgniter\CodeIgniter->run()
#9 {main}
CRITICAL - 2022-10-27 18:52:01 --> Trying to get property 'created_at' of non-object
#0 C:\xampp\htdocs\pengaduan\app\Views\home.php(97): CodeIgniter\Debug\Exceptions->errorHandler(8, 'Trying to get p...', 'C:\\xampp\\htdocs...', 97, Array)
#1 C:\xampp\htdocs\pengaduan\system\View\View.php(214): include('C:\\xampp\\htdocs...')
#2 C:\xampp\htdocs\pengaduan\system\View\View.php(217): CodeIgniter\View\View->CodeIgniter\View\{closure}()
#3 C:\xampp\htdocs\pengaduan\system\Common.php(1092): CodeIgniter\View\View->render('home', Array, true)
#4 C:\xampp\htdocs\pengaduan\app\Controllers\pengaduan.php(69): view('home', Array)
#5 C:\xampp\htdocs\pengaduan\system\CodeIgniter.php(802): App\Controllers\Pengaduan->simpanData()
#6 C:\xampp\htdocs\pengaduan\system\CodeIgniter.php(399): CodeIgniter\CodeIgniter->runController(Object(App\Controllers\Pengaduan))
#7 C:\xampp\htdocs\pengaduan\system\CodeIgniter.php(317): CodeIgniter\CodeIgniter->handleRequest(NULL, Object(Config\Cache), false)
#8 C:\xampp\htdocs\pengaduan\public\index.php(37): CodeIgniter\CodeIgniter->run()
#9 {main}
CRITICAL - 2022-10-27 18:52:31 --> Trying to get property 'created_at' of non-object
#0 C:\xampp\htdocs\pengaduan\app\Views\home.php(97): CodeIgniter\Debug\Exceptions->errorHandler(8, 'Trying to get p...', 'C:\\xampp\\htdocs...', 97, Array)
#1 C:\xampp\htdocs\pengaduan\system\View\View.php(214): include('C:\\xampp\\htdocs...')
#2 C:\xampp\htdocs\pengaduan\system\View\View.php(217): CodeIgniter\View\View->CodeIgniter\View\{closure}()
#3 C:\xampp\htdocs\pengaduan\system\Common.php(1092): CodeIgniter\View\View->render('home', Array, true)
#4 C:\xampp\htdocs\pengaduan\app\Controllers\pengaduan.php(69): view('home', Array)
#5 C:\xampp\htdocs\pengaduan\system\CodeIgniter.php(802): App\Controllers\Pengaduan->simpanData()
#6 C:\xampp\htdocs\pengaduan\system\CodeIgniter.php(399): CodeIgniter\CodeIgniter->runController(Object(App\Controllers\Pengaduan))
#7 C:\xampp\htdocs\pengaduan\system\CodeIgniter.php(317): CodeIgniter\CodeIgniter->handleRequest(NULL, Object(Config\Cache), false)
#8 C:\xampp\htdocs\pengaduan\public\index.php(37): CodeIgniter\CodeIgniter->run()
#9 {main}
CRITICAL - 2022-10-27 18:53:24 --> Trying to get property 'created_at' of non-object
#0 C:\xampp\htdocs\pengaduan\app\Views\home.php(97): CodeIgniter\Debug\Exceptions->errorHandler(8, 'Trying to get p...', 'C:\\xampp\\htdocs...', 97, Array)
#1 C:\xampp\htdocs\pengaduan\system\View\View.php(214): include('C:\\xampp\\htdocs...')
#2 C:\xampp\htdocs\pengaduan\system\View\View.php(217): CodeIgniter\View\View->CodeIgniter\View\{closure}()
#3 C:\xampp\htdocs\pengaduan\system\Common.php(1092): CodeIgniter\View\View->render('home', Array, true)
#4 C:\xampp\htdocs\pengaduan\app\Controllers\pengaduan.php(69): view('home', Array)
#5 C:\xampp\htdocs\pengaduan\system\CodeIgniter.php(802): App\Controllers\Pengaduan->simpanData()
#6 C:\xampp\htdocs\pengaduan\system\CodeIgniter.php(399): CodeIgniter\CodeIgniter->runController(Object(App\Controllers\Pengaduan))
#7 C:\xampp\htdocs\pengaduan\system\CodeIgniter.php(317): CodeIgniter\CodeIgniter->handleRequest(NULL, Object(Config\Cache), false)
#8 C:\xampp\htdocs\pengaduan\public\index.php(37): CodeIgniter\CodeIgniter->run()
#9 {main}
CRITICAL - 2022-10-27 19:38:50 --> Undefined index: pengaduan
#0 C:\xampp\htdocs\pengaduan\app\Controllers\pengaduan.php(75): CodeIgniter\Debug\Exceptions->errorHandler(8, 'Undefined index...', 'C:\\xampp\\htdocs...', 75, Array)
#1 C:\xampp\htdocs\pengaduan\system\CodeIgniter.php(802): App\Controllers\Pengaduan->simpanUbahData('3')
#2 C:\xampp\htdocs\pengaduan\system\CodeIgniter.php(399): CodeIgniter\CodeIgniter->runController(Object(App\Controllers\Pengaduan))
#3 C:\xampp\htdocs\pengaduan\system\CodeIgniter.php(317): CodeIgniter\CodeIgniter->handleRequest(NULL, Object(Config\Cache), false)
#4 C:\xampp\htdocs\pengaduan\public\index.php(37): CodeIgniter\CodeIgniter->run()
#5 {main}
CRITICAL - 2022-10-27 19:53:13 --> Invalid file: user.php
#0 C:\xampp\htdocs\pengaduan\system\View\View.php(198): CodeIgniter\Exceptions\FrameworkException::forInvalidFile('user.php')
#1 C:\xampp\htdocs\pengaduan\system\Common.php(1092): CodeIgniter\View\View->render('user', Array, true)
#2 C:\xampp\htdocs\pengaduan\app\Controllers\pengaduan.php(63): view('user', Array)
#3 C:\xampp\htdocs\pengaduan\system\CodeIgniter.php(802): App\Controllers\Pengaduan->simpanData()
#4 C:\xampp\htdocs\pengaduan\system\CodeIgniter.php(399): CodeIgniter\CodeIgniter->runController(Object(App\Controllers\Pengaduan))
#5 C:\xampp\htdocs\pengaduan\system\CodeIgniter.php(317): CodeIgniter\CodeIgniter->handleRequest(NULL, Object(Config\Cache), false)
#6 C:\xampp\htdocs\pengaduan\public\index.php(37): CodeIgniter\CodeIgniter->run()
#7 {main}
CRITICAL - 2022-10-27 19:55:49 --> Invalid file: home/index.php
#0 C:\xampp\htdocs\pengaduan\system\View\View.php(198): CodeIgniter\Exceptions\FrameworkException::forInvalidFile('home/index.php')
#1 C:\xampp\htdocs\pengaduan\system\Common.php(1092): CodeIgniter\View\View->render('home/index', Array, true)
#2 C:\xampp\htdocs\pengaduan\app\Controllers\pengaduan.php(63): view('home/index', Array)
#3 C:\xampp\htdocs\pengaduan\system\CodeIgniter.php(802): App\Controllers\Pengaduan->simpanData()
#4 C:\xampp\htdocs\pengaduan\system\CodeIgniter.php(399): CodeIgniter\CodeIgniter->runController(Object(App\Controllers\Pengaduan))
#5 C:\xampp\htdocs\pengaduan\system\CodeIgniter.php(317): CodeIgniter\CodeIgniter->handleRequest(NULL, Object(Config\Cache), false)
#6 C:\xampp\htdocs\pengaduan\public\index.php(37): CodeIgniter\CodeIgniter->run()
#7 {main}
CRITICAL - 2022-10-27 20:02:56 --> Invalid file: pengaduan/formInputPengaduan.php
#0 C:\xampp\htdocs\pengaduan\system\View\View.php(198): CodeIgniter\Exceptions\FrameworkException::forInvalidFile('pengaduan/formI...')
#1 C:\xampp\htdocs\pengaduan\system\Common.php(1092): CodeIgniter\View\View->render('pengaduan/formI...', Array, true)
#2 C:\xampp\htdocs\pengaduan\app\Controllers\pengaduan.php(63): view('pengaduan/formI...', Array)
#3 C:\xampp\htdocs\pengaduan\system\CodeIgniter.php(802): App\Controllers\Pengaduan->simpanData()
#4 C:\xampp\htdocs\pengaduan\system\CodeIgniter.php(399): CodeIgniter\CodeIgniter->runController(Object(App\Controllers\Pengaduan))
#5 C:\xampp\htdocs\pengaduan\system\CodeIgniter.php(317): CodeIgniter\CodeIgniter->handleRequest(NULL, Object(Config\Cache), false)
#6 C:\xampp\htdocs\pengaduan\public\index.php(37): CodeIgniter\CodeIgniter->run()
#7 {main}
CRITICAL - 2022-10-27 20:03:24 --> Invalid file: pengaduan/formInputPengaduan.php
#0 C:\xampp\htdocs\pengaduan\system\View\View.php(198): CodeIgniter\Exceptions\FrameworkException::forInvalidFile('pengaduan/formI...')
#1 C:\xampp\htdocs\pengaduan\system\Common.php(1092): CodeIgniter\View\View->render('pengaduan/formI...', Array, true)
#2 C:\xampp\htdocs\pengaduan\app\Controllers\pengaduan.php(63): view('pengaduan/formI...')
#3 C:\xampp\htdocs\pengaduan\system\CodeIgniter.php(802): App\Controllers\Pengaduan->simpanData()
#4 C:\xampp\htdocs\pengaduan\system\CodeIgniter.php(399): CodeIgniter\CodeIgniter->runController(Object(App\Controllers\Pengaduan))
#5 C:\xampp\htdocs\pengaduan\system\CodeIgniter.php(317): CodeIgniter\CodeIgniter->handleRequest(NULL, Object(Config\Cache), false)
#6 C:\xampp\htdocs\pengaduan\public\index.php(37): CodeIgniter\CodeIgniter->run()
#7 {main}
CRITICAL - 2022-10-27 20:03:29 --> Invalid file: pengaduan/formInputPengaduan.php
#0 C:\xampp\htdocs\pengaduan\system\View\View.php(198): CodeIgniter\Exceptions\FrameworkException::forInvalidFile('pengaduan/formI...')
#1 C:\xampp\htdocs\pengaduan\system\Common.php(1092): CodeIgniter\View\View->render('pengaduan/formI...', Array, true)
#2 C:\xampp\htdocs\pengaduan\app\Controllers\pengaduan.php(63): view('pengaduan/formI...')
#3 C:\xampp\htdocs\pengaduan\system\CodeIgniter.php(802): App\Controllers\Pengaduan->simpanData()
#4 C:\xampp\htdocs\pengaduan\system\CodeIgniter.php(399): CodeIgniter\CodeIgniter->runController(Object(App\Controllers\Pengaduan))
#5 C:\xampp\htdocs\pengaduan\system\CodeIgniter.php(317): CodeIgniter\CodeIgniter->handleRequest(NULL, Object(Config\Cache), false)
#6 C:\xampp\htdocs\pengaduan\public\index.php(37): CodeIgniter\CodeIgniter->run()
#7 {main}
CRITICAL - 2022-10-27 20:04:19 --> Invalid file: pengaduan/formInputPengaduan.php
#0 C:\xampp\htdocs\pengaduan\system\View\View.php(198): CodeIgniter\Exceptions\FrameworkException::forInvalidFile('pengaduan/formI...')
#1 C:\xampp\htdocs\pengaduan\system\Common.php(1092): CodeIgniter\View\View->render('pengaduan/formI...', Array, true)
#2 C:\xampp\htdocs\pengaduan\app\Controllers\pengaduan.php(63): view('pengaduan/formI...')
#3 C:\xampp\htdocs\pengaduan\system\CodeIgniter.php(802): App\Controllers\Pengaduan->simpanData()
#4 C:\xampp\htdocs\pengaduan\system\CodeIgniter.php(399): CodeIgniter\CodeIgniter->runController(Object(App\Controllers\Pengaduan))
#5 C:\xampp\htdocs\pengaduan\system\CodeIgniter.php(317): CodeIgniter\CodeIgniter->handleRequest(NULL, Object(Config\Cache), false)
#6 C:\xampp\htdocs\pengaduan\public\index.php(37): CodeIgniter\CodeIgniter->run()
#7 {main}
CRITICAL - 2022-10-27 20:04:32 --> Invalid file: pengaduan/formInputPengaduan.php
#0 C:\xampp\htdocs\pengaduan\system\View\View.php(198): CodeIgniter\Exceptions\FrameworkException::forInvalidFile('pengaduan/formI...')
#1 C:\xampp\htdocs\pengaduan\system\Common.php(1092): CodeIgniter\View\View->render('pengaduan/formI...', Array, true)
#2 C:\xampp\htdocs\pengaduan\app\Controllers\pengaduan.php(63): view('pengaduan/formI...')
#3 C:\xampp\htdocs\pengaduan\system\CodeIgniter.php(802): App\Controllers\Pengaduan->simpanData()
#4 C:\xampp\htdocs\pengaduan\system\CodeIgniter.php(399): CodeIgniter\CodeIgniter->runController(Object(App\Controllers\Pengaduan))
#5 C:\xampp\htdocs\pengaduan\system\CodeIgniter.php(317): CodeIgniter\CodeIgniter->handleRequest(NULL, Object(Config\Cache), false)
#6 C:\xampp\htdocs\pengaduan\public\index.php(37): CodeIgniter\CodeIgniter->run()
#7 {main}
CRITICAL - 2022-10-27 20:05:06 --> Invalid file: pengaduan/formInputPengaduan.php
#0 C:\xampp\htdocs\pengaduan\system\View\View.php(198): CodeIgniter\Exceptions\FrameworkException::forInvalidFile('pengaduan/formI...')
#1 C:\xampp\htdocs\pengaduan\system\Common.php(1092): CodeIgniter\View\View->render('pengaduan/formI...', Array, true)
#2 C:\xampp\htdocs\pengaduan\app\Controllers\pengaduan.php(63): view('pengaduan/formI...')
#3 C:\xampp\htdocs\pengaduan\system\CodeIgniter.php(802): App\Controllers\Pengaduan->simpanData()
#4 C:\xampp\htdocs\pengaduan\system\CodeIgniter.php(399): CodeIgniter\CodeIgniter->runController(Object(App\Controllers\Pengaduan))
#5 C:\xampp\htdocs\pengaduan\system\CodeIgniter.php(317): CodeIgniter\CodeIgniter->handleRequest(NULL, Object(Config\Cache), false)
#6 C:\xampp\htdocs\pengaduan\public\index.php(37): CodeIgniter\CodeIgniter->run()
#7 {main}
CRITICAL - 2022-10-27 20:05:36 --> Invalid file: pengaduan/formInputPengaduan.php
#0 C:\xampp\htdocs\pengaduan\system\View\View.php(198): CodeIgniter\Exceptions\FrameworkException::forInvalidFile('pengaduan/formI...')
#1 C:\xampp\htdocs\pengaduan\system\Common.php(1092): CodeIgniter\View\View->render('pengaduan/formI...', Array, true)
#2 C:\xampp\htdocs\pengaduan\app\Controllers\pengaduan.php(63): view('pengaduan/formI...', Array)
#3 C:\xampp\htdocs\pengaduan\system\CodeIgniter.php(802): App\Controllers\Pengaduan->simpanData()
#4 C:\xampp\htdocs\pengaduan\system\CodeIgniter.php(399): CodeIgniter\CodeIgniter->runController(Object(App\Controllers\Pengaduan))
#5 C:\xampp\htdocs\pengaduan\system\CodeIgniter.php(317): CodeIgniter\CodeIgniter->handleRequest(NULL, Object(Config\Cache), false)
#6 C:\xampp\htdocs\pengaduan\public\index.php(37): CodeIgniter\CodeIgniter->run()
#7 {main}
