CRITICAL - 2022-10-24 19:27:09 --> Undefined variable: pengaduan
#0 C:\xampp\htdocs\pengaduan\app\Views\home.php(93): CodeIgniter\Debug\Exceptions->errorHandler(8, 'Undefined varia...', 'C:\\xampp\\htdocs...', 93, Array)
#1 C:\xampp\htdocs\pengaduan\system\View\View.php(214): include('C:\\xampp\\htdocs...')
#2 C:\xampp\htdocs\pengaduan\system\View\View.php(217): CodeIgniter\View\View->CodeIgniter\View\{closure}()
#3 C:\xampp\htdocs\pengaduan\system\Common.php(1092): CodeIgniter\View\View->render('home', Array, true)
#4 C:\xampp\htdocs\pengaduan\app\Controllers\Home.php(32): view('home', Array)
#5 C:\xampp\htdocs\pengaduan\system\CodeIgniter.php(802): App\Controllers\Home->index()
#6 C:\xampp\htdocs\pengaduan\system\CodeIgniter.php(399): CodeIgniter\CodeIgniter->runController(Object(App\Controllers\Home))
#7 C:\xampp\htdocs\pengaduan\system\CodeIgniter.php(317): CodeIgniter\CodeIgniter->handleRequest(NULL, Object(Config\Cache), false)
#8 C:\xampp\htdocs\pengaduan\public\index.php(37): CodeIgniter\CodeIgniter->run()
#9 {main}
CRITICAL - 2022-10-24 19:28:39 --> Undefined variable: pengaduan
#0 C:\xampp\htdocs\pengaduan\app\Views\home.php(93): CodeIgniter\Debug\Exceptions->errorHandler(8, 'Undefined varia...', 'C:\\xampp\\htdocs...', 93, Array)
#1 C:\xampp\htdocs\pengaduan\system\View\View.php(214): include('C:\\xampp\\htdocs...')
#2 C:\xampp\htdocs\pengaduan\system\View\View.php(217): CodeIgniter\View\View->CodeIgniter\View\{closure}()
#3 C:\xampp\htdocs\pengaduan\system\Common.php(1092): CodeIgniter\View\View->render('home', Array, true)
#4 C:\xampp\htdocs\pengaduan\app\Controllers\Home.php(32): view('home', Array)
#5 C:\xampp\htdocs\pengaduan\system\CodeIgniter.php(802): App\Controllers\Home->index()
#6 C:\xampp\htdocs\pengaduan\system\CodeIgniter.php(399): CodeIgniter\CodeIgniter->runController(Object(App\Controllers\Home))
#7 C:\xampp\htdocs\pengaduan\system\CodeIgniter.php(317): CodeIgniter\CodeIgniter->handleRequest(NULL, Object(Config\Cache), false)
#8 C:\xampp\htdocs\pengaduan\public\index.php(37): CodeIgniter\CodeIgniter->run()
#9 {main}
CRITICAL - 2022-10-24 19:42:05 --> Call to a member function builder() on null
#0 C:\xampp\htdocs\pengaduan\app\Controllers\Home.php(27): App\Models\PengaduanModel->get_where()
#1 C:\xampp\htdocs\pengaduan\system\CodeIgniter.php(802): App\Controllers\Home->index()
#2 C:\xampp\htdocs\pengaduan\system\CodeIgniter.php(399): CodeIgniter\CodeIgniter->runController(Object(App\Controllers\Home))
#3 C:\xampp\htdocs\pengaduan\system\CodeIgniter.php(317): CodeIgniter\CodeIgniter->handleRequest(NULL, Object(Config\Cache), false)
#4 C:\xampp\htdocs\pengaduan\public\index.php(37): CodeIgniter\CodeIgniter->run()
#5 {main}
CRITICAL - 2022-10-24 19:46:47 --> Cannot use object of type mysqli as array
#0 C:\xampp\htdocs\pengaduan\system\View\View.php(214): include()
#1 C:\xampp\htdocs\pengaduan\system\View\View.php(217): CodeIgniter\View\View->CodeIgniter\View\{closure}()
#2 C:\xampp\htdocs\pengaduan\system\Common.php(1092): CodeIgniter\View\View->render('home', Array, true)
#3 C:\xampp\htdocs\pengaduan\app\Controllers\Home.php(32): view('home', Array)
#4 C:\xampp\htdocs\pengaduan\system\CodeIgniter.php(802): App\Controllers\Home->index()
#5 C:\xampp\htdocs\pengaduan\system\CodeIgniter.php(399): CodeIgniter\CodeIgniter->runController(Object(App\Controllers\Home))
#6 C:\xampp\htdocs\pengaduan\system\CodeIgniter.php(317): CodeIgniter\CodeIgniter->handleRequest(NULL, Object(Config\Cache), false)
#7 C:\xampp\htdocs\pengaduan\public\index.php(37): CodeIgniter\CodeIgniter->run()
#8 {main}
CRITICAL - 2022-10-24 19:48:16 --> Undefined variable: data
#0 C:\xampp\htdocs\pengaduan\app\Views\home.php(93): CodeIgniter\Debug\Exceptions->errorHandler(8, 'Undefined varia...', 'C:\\xampp\\htdocs...', 93, Array)
#1 C:\xampp\htdocs\pengaduan\system\View\View.php(214): include('C:\\xampp\\htdocs...')
#2 C:\xampp\htdocs\pengaduan\system\View\View.php(217): CodeIgniter\View\View->CodeIgniter\View\{closure}()
#3 C:\xampp\htdocs\pengaduan\system\Common.php(1092): CodeIgniter\View\View->render('home', Array, true)
#4 C:\xampp\htdocs\pengaduan\app\Controllers\Home.php(32): view('home', Array)
#5 C:\xampp\htdocs\pengaduan\system\CodeIgniter.php(802): App\Controllers\Home->index()
#6 C:\xampp\htdocs\pengaduan\system\CodeIgniter.php(399): CodeIgniter\CodeIgniter->runController(Object(App\Controllers\Home))
#7 C:\xampp\htdocs\pengaduan\system\CodeIgniter.php(317): CodeIgniter\CodeIgniter->handleRequest(NULL, Object(Config\Cache), false)
#8 C:\xampp\htdocs\pengaduan\public\index.php(37): CodeIgniter\CodeIgniter->run()
#9 {main}
CRITICAL - 2022-10-24 19:49:35 --> Undefined variable: data
#0 C:\xampp\htdocs\pengaduan\app\Views\home.php(94): CodeIgniter\Debug\Exceptions->errorHandler(8, 'Undefined varia...', 'C:\\xampp\\htdocs...', 94, Array)
#1 C:\xampp\htdocs\pengaduan\system\View\View.php(214): include('C:\\xampp\\htdocs...')
#2 C:\xampp\htdocs\pengaduan\system\View\View.php(217): CodeIgniter\View\View->CodeIgniter\View\{closure}()
#3 C:\xampp\htdocs\pengaduan\system\Common.php(1092): CodeIgniter\View\View->render('home', Array, true)
#4 C:\xampp\htdocs\pengaduan\app\Controllers\Home.php(33): view('home', Array)
#5 C:\xampp\htdocs\pengaduan\system\CodeIgniter.php(802): App\Controllers\Home->index()
#6 C:\xampp\htdocs\pengaduan\system\CodeIgniter.php(399): CodeIgniter\CodeIgniter->runController(Object(App\Controllers\Home))
#7 C:\xampp\htdocs\pengaduan\system\CodeIgniter.php(317): CodeIgniter\CodeIgniter->handleRequest(NULL, Object(Config\Cache), false)
#8 C:\xampp\htdocs\pengaduan\public\index.php(37): CodeIgniter\CodeIgniter->run()
#9 {main}
CRITICAL - 2022-10-24 19:49:38 --> Undefined variable: data
#0 C:\xampp\htdocs\pengaduan\app\Views\home.php(94): CodeIgniter\Debug\Exceptions->errorHandler(8, 'Undefined varia...', 'C:\\xampp\\htdocs...', 94, Array)
#1 C:\xampp\htdocs\pengaduan\system\View\View.php(214): include('C:\\xampp\\htdocs...')
#2 C:\xampp\htdocs\pengaduan\system\View\View.php(217): CodeIgniter\View\View->CodeIgniter\View\{closure}()
#3 C:\xampp\htdocs\pengaduan\system\Common.php(1092): CodeIgniter\View\View->render('home', Array, true)
#4 C:\xampp\htdocs\pengaduan\app\Controllers\Home.php(33): view('home', Array)
#5 C:\xampp\htdocs\pengaduan\system\CodeIgniter.php(802): App\Controllers\Home->index()
#6 C:\xampp\htdocs\pengaduan\system\CodeIgniter.php(399): CodeIgniter\CodeIgniter->runController(Object(App\Controllers\Home))
#7 C:\xampp\htdocs\pengaduan\system\CodeIgniter.php(317): CodeIgniter\CodeIgniter->handleRequest(NULL, Object(Config\Cache), false)
#8 C:\xampp\htdocs\pengaduan\public\index.php(37): CodeIgniter\CodeIgniter->run()
#9 {main}
CRITICAL - 2022-10-24 19:50:10 --> Cannot use object of type mysqli as array
#0 C:\xampp\htdocs\pengaduan\system\View\View.php(214): include()
#1 C:\xampp\htdocs\pengaduan\system\View\View.php(217): CodeIgniter\View\View->CodeIgniter\View\{closure}()
#2 C:\xampp\htdocs\pengaduan\system\Common.php(1092): CodeIgniter\View\View->render('home', Array, true)
#3 C:\xampp\htdocs\pengaduan\app\Controllers\Home.php(33): view('home', Array)
#4 C:\xampp\htdocs\pengaduan\system\CodeIgniter.php(802): App\Controllers\Home->index()
#5 C:\xampp\htdocs\pengaduan\system\CodeIgniter.php(399): CodeIgniter\CodeIgniter->runController(Object(App\Controllers\Home))
#6 C:\xampp\htdocs\pengaduan\system\CodeIgniter.php(317): CodeIgniter\CodeIgniter->handleRequest(NULL, Object(Config\Cache), false)
#7 C:\xampp\htdocs\pengaduan\public\index.php(37): CodeIgniter\CodeIgniter->run()
#8 {main}
CRITICAL - 2022-10-24 19:52:25 --> syntax error, unexpected 'echo' (T_ECHO)
#0 C:\xampp\htdocs\pengaduan\system\View\View.php(217): CodeIgniter\View\View->CodeIgniter\View\{closure}()
#1 C:\xampp\htdocs\pengaduan\system\Common.php(1092): CodeIgniter\View\View->render('home', Array, true)
#2 C:\xampp\htdocs\pengaduan\app\Controllers\Home.php(33): view('home', Array)
#3 C:\xampp\htdocs\pengaduan\system\CodeIgniter.php(802): App\Controllers\Home->index()
#4 C:\xampp\htdocs\pengaduan\system\CodeIgniter.php(399): CodeIgniter\CodeIgniter->runController(Object(App\Controllers\Home))
#5 C:\xampp\htdocs\pengaduan\system\CodeIgniter.php(317): CodeIgniter\CodeIgniter->handleRequest(NULL, Object(Config\Cache), false)
#6 C:\xampp\htdocs\pengaduan\public\index.php(37): CodeIgniter\CodeIgniter->run()
#7 {main}
CRITICAL - 2022-10-24 19:52:27 --> syntax error, unexpected 'echo' (T_ECHO)
#0 C:\xampp\htdocs\pengaduan\system\View\View.php(217): CodeIgniter\View\View->CodeIgniter\View\{closure}()
#1 C:\xampp\htdocs\pengaduan\system\Common.php(1092): CodeIgniter\View\View->render('home', Array, true)
#2 C:\xampp\htdocs\pengaduan\app\Controllers\Home.php(33): view('home', Array)
#3 C:\xampp\htdocs\pengaduan\system\CodeIgniter.php(802): App\Controllers\Home->index()
#4 C:\xampp\htdocs\pengaduan\system\CodeIgniter.php(399): CodeIgniter\CodeIgniter->runController(Object(App\Controllers\Home))
#5 C:\xampp\htdocs\pengaduan\system\CodeIgniter.php(317): CodeIgniter\CodeIgniter->handleRequest(NULL, Object(Config\Cache), false)
#6 C:\xampp\htdocs\pengaduan\public\index.php(37): CodeIgniter\CodeIgniter->run()
#7 {main}
CRITICAL - 2022-10-24 19:52:29 --> syntax error, unexpected 'echo' (T_ECHO)
#0 C:\xampp\htdocs\pengaduan\system\View\View.php(217): CodeIgniter\View\View->CodeIgniter\View\{closure}()
#1 C:\xampp\htdocs\pengaduan\system\Common.php(1092): CodeIgniter\View\View->render('home', Array, true)
#2 C:\xampp\htdocs\pengaduan\app\Controllers\Home.php(33): view('home', Array)
#3 C:\xampp\htdocs\pengaduan\system\CodeIgniter.php(802): App\Controllers\Home->index()
#4 C:\xampp\htdocs\pengaduan\system\CodeIgniter.php(399): CodeIgniter\CodeIgniter->runController(Object(App\Controllers\Home))
#5 C:\xampp\htdocs\pengaduan\system\CodeIgniter.php(317): CodeIgniter\CodeIgniter->handleRequest(NULL, Object(Config\Cache), false)
#6 C:\xampp\htdocs\pengaduan\public\index.php(37): CodeIgniter\CodeIgniter->run()
#7 {main}
CRITICAL - 2022-10-24 19:52:48 --> syntax error, unexpected 'echo' (T_ECHO)
#0 C:\xampp\htdocs\pengaduan\system\View\View.php(217): CodeIgniter\View\View->CodeIgniter\View\{closure}()
#1 C:\xampp\htdocs\pengaduan\system\Common.php(1092): CodeIgniter\View\View->render('home', Array, true)
#2 C:\xampp\htdocs\pengaduan\app\Controllers\Home.php(33): view('home', Array)
#3 C:\xampp\htdocs\pengaduan\system\CodeIgniter.php(802): App\Controllers\Home->index()
#4 C:\xampp\htdocs\pengaduan\system\CodeIgniter.php(399): CodeIgniter\CodeIgniter->runController(Object(App\Controllers\Home))
#5 C:\xampp\htdocs\pengaduan\system\CodeIgniter.php(317): CodeIgniter\CodeIgniter->handleRequest(NULL, Object(Config\Cache), false)
#6 C:\xampp\htdocs\pengaduan\public\index.php(37): CodeIgniter\CodeIgniter->run()
#7 {main}
CRITICAL - 2022-10-24 19:52:50 --> syntax error, unexpected 'echo' (T_ECHO)
#0 C:\xampp\htdocs\pengaduan\system\View\View.php(217): CodeIgniter\View\View->CodeIgniter\View\{closure}()
#1 C:\xampp\htdocs\pengaduan\system\Common.php(1092): CodeIgniter\View\View->render('home', Array, true)
#2 C:\xampp\htdocs\pengaduan\app\Controllers\Home.php(33): view('home', Array)
#3 C:\xampp\htdocs\pengaduan\system\CodeIgniter.php(802): App\Controllers\Home->index()
#4 C:\xampp\htdocs\pengaduan\system\CodeIgniter.php(399): CodeIgniter\CodeIgniter->runController(Object(App\Controllers\Home))
#5 C:\xampp\htdocs\pengaduan\system\CodeIgniter.php(317): CodeIgniter\CodeIgniter->handleRequest(NULL, Object(Config\Cache), false)
#6 C:\xampp\htdocs\pengaduan\public\index.php(37): CodeIgniter\CodeIgniter->run()
#7 {main}
CRITICAL - 2022-10-24 19:52:58 --> syntax error, unexpected 'echo' (T_ECHO)
#0 C:\xampp\htdocs\pengaduan\system\View\View.php(217): CodeIgniter\View\View->CodeIgniter\View\{closure}()
#1 C:\xampp\htdocs\pengaduan\system\Common.php(1092): CodeIgniter\View\View->render('home', Array, true)
#2 C:\xampp\htdocs\pengaduan\app\Controllers\Home.php(33): view('home', Array)
#3 C:\xampp\htdocs\pengaduan\system\CodeIgniter.php(802): App\Controllers\Home->index()
#4 C:\xampp\htdocs\pengaduan\system\CodeIgniter.php(399): CodeIgniter\CodeIgniter->runController(Object(App\Controllers\Home))
#5 C:\xampp\htdocs\pengaduan\system\CodeIgniter.php(317): CodeIgniter\CodeIgniter->handleRequest(NULL, Object(Config\Cache), false)
#6 C:\xampp\htdocs\pengaduan\public\index.php(37): CodeIgniter\CodeIgniter->run()
#7 {main}
CRITICAL - 2022-10-24 19:53:00 --> Undefined property: mysqli::$created_at
#0 C:\xampp\htdocs\pengaduan\app\Views\home.php(97): CodeIgniter\Debug\Exceptions->errorHandler(8, 'Undefined prope...', 'C:\\xampp\\htdocs...', 97, Array)
#1 C:\xampp\htdocs\pengaduan\system\View\View.php(214): include('C:\\xampp\\htdocs...')
#2 C:\xampp\htdocs\pengaduan\system\View\View.php(217): CodeIgniter\View\View->CodeIgniter\View\{closure}()
#3 C:\xampp\htdocs\pengaduan\system\Common.php(1092): CodeIgniter\View\View->render('home', Array, true)
#4 C:\xampp\htdocs\pengaduan\app\Controllers\Home.php(33): view('home', Array)
#5 C:\xampp\htdocs\pengaduan\system\CodeIgniter.php(802): App\Controllers\Home->index()
#6 C:\xampp\htdocs\pengaduan\system\CodeIgniter.php(399): CodeIgniter\CodeIgniter->runController(Object(App\Controllers\Home))
#7 C:\xampp\htdocs\pengaduan\system\CodeIgniter.php(317): CodeIgniter\CodeIgniter->handleRequest(NULL, Object(Config\Cache), false)
#8 C:\xampp\htdocs\pengaduan\public\index.php(37): CodeIgniter\CodeIgniter->run()
#9 {main}
CRITICAL - 2022-10-24 19:53:38 --> Cannot use object of type mysqli as array
#0 C:\xampp\htdocs\pengaduan\system\View\View.php(214): include()
#1 C:\xampp\htdocs\pengaduan\system\View\View.php(217): CodeIgniter\View\View->CodeIgniter\View\{closure}()
#2 C:\xampp\htdocs\pengaduan\system\Common.php(1092): CodeIgniter\View\View->render('home', Array, true)
#3 C:\xampp\htdocs\pengaduan\app\Controllers\Home.php(33): view('home', Array)
#4 C:\xampp\htdocs\pengaduan\system\CodeIgniter.php(802): App\Controllers\Home->index()
#5 C:\xampp\htdocs\pengaduan\system\CodeIgniter.php(399): CodeIgniter\CodeIgniter->runController(Object(App\Controllers\Home))
#6 C:\xampp\htdocs\pengaduan\system\CodeIgniter.php(317): CodeIgniter\CodeIgniter->handleRequest(NULL, Object(Config\Cache), false)
#7 C:\xampp\htdocs\pengaduan\public\index.php(37): CodeIgniter\CodeIgniter->run()
#8 {main}
CRITICAL - 2022-10-24 19:53:40 --> Cannot use object of type mysqli as array
#0 C:\xampp\htdocs\pengaduan\system\View\View.php(214): include()
#1 C:\xampp\htdocs\pengaduan\system\View\View.php(217): CodeIgniter\View\View->CodeIgniter\View\{closure}()
#2 C:\xampp\htdocs\pengaduan\system\Common.php(1092): CodeIgniter\View\View->render('home', Array, true)
#3 C:\xampp\htdocs\pengaduan\app\Controllers\Home.php(33): view('home', Array)
#4 C:\xampp\htdocs\pengaduan\system\CodeIgniter.php(802): App\Controllers\Home->index()
#5 C:\xampp\htdocs\pengaduan\system\CodeIgniter.php(399): CodeIgniter\CodeIgniter->runController(Object(App\Controllers\Home))
#6 C:\xampp\htdocs\pengaduan\system\CodeIgniter.php(317): CodeIgniter\CodeIgniter->handleRequest(NULL, Object(Config\Cache), false)
#7 C:\xampp\htdocs\pengaduan\public\index.php(37): CodeIgniter\CodeIgniter->run()
#8 {main}
CRITICAL - 2022-10-24 19:53:53 --> Argument 1 passed to CodeIgniter\Database\BaseResult::getResult() must be of the type string, null given, called in C:\xampp\htdocs\pengaduan\system\Model.php on line 184
#0 C:\xampp\htdocs\pengaduan\system\Model.php(184): CodeIgniter\Database\BaseResult->getResult(NULL)
#1 C:\xampp\htdocs\pengaduan\system\BaseModel.php(584): CodeIgniter\Model->doFindAll(0, 0)
#2 C:\xampp\htdocs\pengaduan\app\Controllers\Home.php(29): CodeIgniter\BaseModel->findAll()
#3 C:\xampp\htdocs\pengaduan\system\CodeIgniter.php(802): App\Controllers\Home->index()
#4 C:\xampp\htdocs\pengaduan\system\CodeIgniter.php(399): CodeIgniter\CodeIgniter->runController(Object(App\Controllers\Home))
#5 C:\xampp\htdocs\pengaduan\system\CodeIgniter.php(317): CodeIgniter\CodeIgniter->handleRequest(NULL, Object(Config\Cache), false)
#6 C:\xampp\htdocs\pengaduan\public\index.php(37): CodeIgniter\CodeIgniter->run()
#7 {main}
CRITICAL - 2022-10-24 19:54:28 --> syntax error, unexpected '?>', expecting function (T_FUNCTION) or const (T_CONST)
#0 C:\xampp\htdocs\pengaduan\system\Autoloader\Autoloader.php(241): CodeIgniter\Autoloader\Autoloader->includeFile('C:\\xampp\\htdocs...')
#1 C:\xampp\htdocs\pengaduan\system\Autoloader\Autoloader.php(219): CodeIgniter\Autoloader\Autoloader->loadInNamespace('App\\Models\\Peng...')
#2 [internal function]: CodeIgniter\Autoloader\Autoloader->loadClass('App\\Models\\Peng...')
#3 C:\xampp\htdocs\pengaduan\app\Controllers\Home.php(14): spl_autoload_call('App\\Models\\Peng...')
#4 C:\xampp\htdocs\pengaduan\system\CodeIgniter.php(779): App\Controllers\Home->__construct()
#5 C:\xampp\htdocs\pengaduan\system\CodeIgniter.php(390): CodeIgniter\CodeIgniter->createController()
#6 C:\xampp\htdocs\pengaduan\system\CodeIgniter.php(317): CodeIgniter\CodeIgniter->handleRequest(NULL, Object(Config\Cache), false)
#7 C:\xampp\htdocs\pengaduan\public\index.php(37): CodeIgniter\CodeIgniter->run()
#8 {main}
